2025-01-30 00:35:59.249 [info] [main] Log level: Info
2025-01-30 00:35:59.249 [info] [main] Validating found git in: "git"
2025-01-30 00:35:59.249 [info] [main] Using git "2.43.0" from "git"
2025-01-30 00:35:59.249 [info] [Model][doInitialScan] Initial repository scan started
2025-01-30 00:35:59.249 [info] > git rev-parse --show-toplevel [7ms]
2025-01-30 00:35:59.254 [info] > git rev-parse --git-dir --git-common-dir [8ms]
2025-01-30 00:35:59.267 [info] [Model][openRepository] Opened repository: /home/jerushastewa2022
2025-01-30 00:35:59.418 [info] > git rev-parse --show-toplevel [106ms]
2025-01-30 00:35:59.419 [info] > git config --get commit.template [112ms]
2025-01-30 00:35:59.504 [info] [Git][getRemotes] No remotes found in the git config file
2025-01-30 00:36:03.838 [info] > git for-each-ref --format=%(refname)%00%(upstream:short)%00%(objectname)%00%(upstream:track)%00%(upstream:remotename)%00%(upstream:remoteref) refs/heads/main refs/remotes/main [4336ms]
2025-01-30 00:36:03.839 [warning] [Git][getBranch] No such branch: main
2025-01-30 00:36:03.892 [info] > git status -z -uall [42ms]
2025-01-30 00:36:03.892 [info] > git check-ignore -v -z --stdin [15ms]
2025-01-30 00:36:03.898 [info] > git for-each-ref --sort -committerdate --format %(refname) %(objectname) %(*objectname) [38ms]
2025-01-30 00:36:03.946 [info] > git rev-parse --show-toplevel [4370ms]
2025-01-30 00:36:04.019 [info] > git for-each-ref --format=%(refname)%00%(upstream:short)%00%(objectname)%00%(upstream:track)%00%(upstream:remotename)%00%(upstream:remoteref) refs/heads/main refs/remotes/main [77ms]
2025-01-30 00:36:04.020 [warning] [Git][getBranch] No such branch: main
2025-01-30 00:36:04.020 [error] [GitHistoryProvider][resolveHEADMergeBase] Failed to resolve merge base for main: Error: No such branch: main.
2025-01-30 00:36:04.265 [info] > git rev-parse --show-toplevel [302ms]
2025-01-30 00:36:04.267 [info] > git config --get commit.template [310ms]
2025-01-30 00:36:04.449 [info] [Git][getRemotes] No remotes found in the git config file
2025-01-30 00:36:04.457 [info] > git rev-parse --show-toplevel [30ms]
2025-01-30 00:36:04.489 [info] > git for-each-ref --format=%(refname)%00%(upstream:short)%00%(objectname)%00%(upstream:track)%00%(upstream:remotename)%00%(upstream:remoteref) refs/heads/main refs/remotes/main [39ms]
2025-01-30 00:36:04.489 [warning] [Git][getBranch] No such branch: main
2025-01-30 00:36:04.633 [info] > git rev-parse --show-toplevel [163ms]
2025-01-30 00:36:04.781 [info] > git status -z -uall [283ms]
2025-01-30 00:36:04.816 [info] > git for-each-ref --sort -committerdate --format %(refname) %(objectname) %(*objectname) [299ms]
2025-01-30 00:36:05.086 [info] > git rev-parse --show-toplevel [339ms]
2025-01-30 00:36:05.610 [info] > git rev-parse --show-toplevel [161ms]
2025-01-30 00:36:05.643 [info] > git rev-parse --show-toplevel [21ms]
2025-01-30 00:36:05.739 [info] > git rev-parse --show-toplevel [57ms]
2025-01-30 00:36:05.743 [info] [Model][doInitialScan] Initial repository scan completed - repositories (1), closed repositories (0), parent repositories (0), unsafe repositories (0)
2025-01-30 00:36:05.793 [info] > git show --textconv :.vscode/launch.json [39ms]
2025-01-30 00:36:05.812 [info] > git ls-files --stage -- /home/jerushastewa2022/.vscode/launch.json [27ms]
2025-01-30 00:36:14.195 [info] > git config --get commit.template [26ms]
2025-01-30 00:36:14.227 [info] [Git][getRemotes] No remotes found in the git config file
2025-01-30 00:36:14.235 [info] > git for-each-ref --format=%(refname)%00%(upstream:short)%00%(objectname)%00%(upstream:track)%00%(upstream:remotename)%00%(upstream:remoteref) refs/heads/main refs/remotes/main [8ms]
2025-01-30 00:36:14.235 [warning] [Git][getBranch] No such branch: main
2025-01-30 00:36:14.279 [info] > git for-each-ref --sort -committerdate --format %(refname) %(objectname) %(*objectname) [8ms]
2025-01-30 00:36:14.301 [info] > git status -z -uall [52ms]
2025-01-30 00:36:19.384 [info] > git ls-files --stage -- /home/jerushastewa2022/main.py [43ms]
2025-01-30 00:36:19.409 [info] > git config --get commit.template [29ms]
2025-01-30 00:36:19.427 [info] [Git][getRemotes] No remotes found in the git config file
2025-01-30 00:36:19.428 [info] > git show --textconv :main.py [105ms]
2025-01-30 00:36:19.432 [info] > git cat-file -s 99b05d5953ffe4efe81079fe06b52bf1d2f60311 [31ms]
2025-01-30 00:36:19.447 [info] > git for-each-ref --format=%(refname)%00%(upstream:short)%00%(objectname)%00%(upstream:track)%00%(upstream:remotename)%00%(upstream:remoteref) refs/heads/main refs/remotes/main [20ms]
2025-01-30 00:36:19.447 [warning] [Git][getBranch] No such branch: main
2025-01-30 00:36:19.509 [info] > git for-each-ref --sort -committerdate --format %(refname) %(objectname) %(*objectname) [19ms]
2025-01-30 00:36:19.518 [info] > git status -z -uall [55ms]
2025-01-30 00:36:33.064 [info] > git show --textconv :Procfile [13ms]
2025-01-30 00:36:33.065 [info] > git ls-files --stage -- /home/jerushastewa2022/Procfile [3ms]
2025-01-30 00:36:33.230 [info] > git check-ignore -v -z --stdin [2ms]
2025-01-30 00:38:47.173 [info] [Git][getRemotes] No remotes found in the git config file
2025-01-30 00:38:47.174 [info] > git for-each-ref --format=%(refname)%00%(upstream:short)%00%(objectname)%00%(upstream:track)%00%(upstream:remotename)%00%(upstream:remoteref) refs/heads/main refs/remotes/main [27ms]
2025-01-30 00:38:47.175 [warning] [Git][getBranch] No such branch: main
2025-01-30 00:38:47.176 [info] > git config --get commit.template [38ms]
2025-01-30 00:38:47.194 [info] > git for-each-ref --sort -committerdate --format %(refname) %(objectname) %(*objectname) [5ms]
2025-01-30 00:38:47.206 [info] > git status -z -uall [25ms]
2025-01-30 00:38:52.245 [info] [Git][getRemotes] No remotes found in the git config file
2025-01-30 00:38:52.247 [info] > git config --get commit.template [8ms]
2025-01-30 00:38:52.247 [info] > git for-each-ref --format=%(refname)%00%(upstream:short)%00%(objectname)%00%(upstream:track)%00%(upstream:remotename)%00%(upstream:remoteref) refs/heads/main refs/remotes/main [3ms]
2025-01-30 00:38:52.248 [warning] [Git][getBranch] No such branch: main
2025-01-30 00:38:52.263 [info] > git for-each-ref --sort -committerdate --format %(refname) %(objectname) %(*objectname) [3ms]
2025-01-30 00:38:52.276 [info] > git status -z -uall [23ms]
2025-01-30 01:12:20.811 [info] [Git][getRemotes] No remotes found in the git config file
2025-01-30 01:12:20.813 [info] > git config --get commit.template [8ms]
2025-01-30 01:12:20.814 [info] > git for-each-ref --format=%(refname)%00%(upstream:short)%00%(objectname)%00%(upstream:track)%00%(upstream:remotename)%00%(upstream:remoteref) refs/heads/main refs/remotes/main [4ms]
2025-01-30 01:12:20.814 [warning] [Git][getBranch] No such branch: main
2025-01-30 01:12:20.831 [info] > git for-each-ref --sort -committerdate --format %(refname) %(objectname) %(*objectname) [4ms]
2025-01-30 01:12:20.850 [info] > git status -z -uall [29ms]
2025-01-30 01:17:26.276 [info] [Git][getRemotes] No remotes found in the git config file
2025-01-30 01:17:26.277 [info] > git config --get commit.template [8ms]
2025-01-30 01:17:26.278 [info] > git for-each-ref --format=%(refname)%00%(upstream:short)%00%(objectname)%00%(upstream:track)%00%(upstream:remotename)%00%(upstream:remoteref) refs/heads/main refs/remotes/main [3ms]
2025-01-30 01:17:26.278 [warning] [Git][getBranch] No such branch: main
2025-01-30 01:17:26.294 [info] > git for-each-ref --sort -committerdate --format %(refname) %(objectname) %(*objectname) [3ms]
2025-01-30 01:17:26.309 [info] > git status -z -uall [26ms]
2025-01-30 01:17:29.910 [info] > git show --textconv :main.py [7ms]
2025-01-30 01:17:29.912 [info] > git ls-files --stage -- /home/jerushastewa2022/main.py [3ms]
2025-01-30 01:17:29.919 [info] > git cat-file -s 99b05d5953ffe4efe81079fe06b52bf1d2f60311 [2ms]
2025-01-30 01:17:31.344 [info] [Git][getRemotes] No remotes found in the git config file
2025-01-30 01:17:31.345 [info] > git config --get commit.template [7ms]
2025-01-30 01:17:31.346 [info] > git for-each-ref --format=%(refname)%00%(upstream:short)%00%(objectname)%00%(upstream:track)%00%(upstream:remotename)%00%(upstream:remoteref) refs/heads/main refs/remotes/main [2ms]
2025-01-30 01:17:31.346 [warning] [Git][getBranch] No such branch: main
2025-01-30 01:17:31.362 [info] > git for-each-ref --sort -committerdate --format %(refname) %(objectname) %(*objectname) [3ms]
2025-01-30 01:17:31.376 [info] > git status -z -uall [23ms]
2025-01-30 01:31:54.421 [info] [Git][getRemotes] No remotes found in the git config file
2025-01-30 01:31:54.425 [info] > git config --get commit.template [11ms]
2025-01-30 01:31:54.428 [info] > git for-each-ref --format=%(refname)%00%(upstream:short)%00%(objectname)%00%(upstream:track)%00%(upstream:remotename)%00%(upstream:remoteref) refs/heads/main refs/remotes/main [7ms]
2025-01-30 01:31:54.429 [warning] [Git][getBranch] No such branch: main
2025-01-30 01:31:54.450 [info] > git for-each-ref --sort -committerdate --format %(refname) %(objectname) %(*objectname) [5ms]
2025-01-30 01:31:54.491 [info] > git status -z -uall [55ms]
2025-01-30 01:31:59.524 [info] > git config --get commit.template [3ms]
2025-01-30 01:31:59.529 [info] [Git][getRemotes] No remotes found in the git config file
2025-01-30 01:31:59.531 [info] > git for-each-ref --format=%(refname)%00%(upstream:short)%00%(objectname)%00%(upstream:track)%00%(upstream:remotename)%00%(upstream:remoteref) refs/heads/main refs/remotes/main [2ms]
2025-01-30 01:31:59.531 [warning] [Git][getBranch] No such branch: main
2025-01-30 01:31:59.547 [info] > git for-each-ref --sort -committerdate --format %(refname) %(objectname) %(*objectname) [4ms]
2025-01-30 01:31:59.559 [info] > git status -z -uall [23ms]
2025-01-30 01:32:04.591 [info] [Git][getRemotes] No remotes found in the git config file
2025-01-30 01:32:04.592 [info] > git config --get commit.template [8ms]
2025-01-30 01:32:04.593 [info] > git for-each-ref --format=%(refname)%00%(upstream:short)%00%(objectname)%00%(upstream:track)%00%(upstream:remotename)%00%(upstream:remoteref) refs/heads/main refs/remotes/main [3ms]
2025-01-30 01:32:04.593 [warning] [Git][getBranch] No such branch: main
2025-01-30 01:32:04.614 [info] > git for-each-ref --sort -committerdate --format %(refname) %(objectname) %(*objectname) [8ms]
2025-01-30 01:32:04.623 [info] > git status -z -uall [24ms]
2025-01-30 01:32:10.391 [info] [Git][getRemotes] No remotes found in the git config file
2025-01-30 01:32:10.392 [info] > git config --get commit.template [8ms]
2025-01-30 01:32:10.393 [info] > git for-each-ref --format=%(refname)%00%(upstream:short)%00%(objectname)%00%(upstream:track)%00%(upstream:remotename)%00%(upstream:remoteref) refs/heads/main refs/remotes/main [2ms]
2025-01-30 01:32:10.393 [warning] [Git][getBranch] No such branch: main
2025-01-30 01:32:10.409 [info] > git for-each-ref --sort -committerdate --format %(refname) %(objectname) %(*objectname) [4ms]
2025-01-30 01:32:10.421 [info] > git status -z -uall [23ms]
2025-01-30 01:32:15.449 [info] [Git][getRemotes] No remotes found in the git config file
2025-01-30 01:32:15.450 [info] > git config --get commit.template [8ms]
2025-01-30 01:32:15.451 [info] > git for-each-ref --format=%(refname)%00%(upstream:short)%00%(objectname)%00%(upstream:track)%00%(upstream:remotename)%00%(upstream:remoteref) refs/heads/main refs/remotes/main [3ms]
2025-01-30 01:32:15.451 [warning] [Git][getBranch] No such branch: main
2025-01-30 01:32:15.467 [info] > git for-each-ref --sort -committerdate --format %(refname) %(objectname) %(*objectname) [3ms]
2025-01-30 01:32:15.479 [info] > git status -z -uall [23ms]
2025-01-30 01:33:33.844 [info] [Git][getRemotes] No remotes found in the git config file
2025-01-30 01:33:33.845 [info] > git config --get commit.template [8ms]
2025-01-30 01:33:33.846 [info] > git for-each-ref --format=%(refname)%00%(upstream:short)%00%(objectname)%00%(upstream:track)%00%(upstream:remotename)%00%(upstream:remoteref) refs/heads/main refs/remotes/main [3ms]
2025-01-30 01:33:33.846 [warning] [Git][getBranch] No such branch: main
2025-01-30 01:33:33.862 [info] > git for-each-ref --sort -committerdate --format %(refname) %(objectname) %(*objectname) [3ms]
2025-01-30 01:33:33.875 [info] > git status -z -uall [24ms]
2025-01-30 01:33:38.906 [info] > git config --get commit.template [1ms]
2025-01-30 01:33:38.912 [info] [Git][getRemotes] No remotes found in the git config file
2025-01-30 01:33:38.914 [info] > git for-each-ref --format=%(refname)%00%(upstream:short)%00%(objectname)%00%(upstream:track)%00%(upstream:remotename)%00%(upstream:remoteref) refs/heads/main refs/remotes/main [3ms]
2025-01-30 01:33:38.914 [warning] [Git][getBranch] No such branch: main
2025-01-30 01:33:38.929 [info] > git for-each-ref --sort -committerdate --format %(refname) %(objectname) %(*objectname) [3ms]
2025-01-30 01:33:38.944 [info] > git status -z -uall [25ms]
2025-01-30 01:33:43.977 [info] [Git][getRemotes] No remotes found in the git config file
2025-01-30 01:33:43.979 [info] > git config --get commit.template [8ms]
2025-01-30 01:33:43.980 [info] > git for-each-ref --format=%(refname)%00%(upstream:short)%00%(objectname)%00%(upstream:track)%00%(upstream:remotename)%00%(upstream:remoteref) refs/heads/main refs/remotes/main [3ms]
2025-01-30 01:33:43.980 [warning] [Git][getBranch] No such branch: main
2025-01-30 01:33:43.995 [info] > git for-each-ref --sort -committerdate --format %(refname) %(objectname) %(*objectname) [3ms]
2025-01-30 01:33:44.008 [info] > git status -z -uall [23ms]
2025-01-30 01:33:49.037 [info] [Git][getRemotes] No remotes found in the git config file
2025-01-30 01:33:49.038 [info] > git config --get commit.template [8ms]
2025-01-30 01:33:49.039 [info] > git for-each-ref --format=%(refname)%00%(upstream:short)%00%(objectname)%00%(upstream:track)%00%(upstream:remotename)%00%(upstream:remoteref) refs/heads/main refs/remotes/main [3ms]
2025-01-30 01:33:49.039 [warning] [Git][getBranch] No such branch: main
2025-01-30 01:33:49.056 [info] > git for-each-ref --sort -committerdate --format %(refname) %(objectname) %(*objectname) [3ms]
2025-01-30 01:33:49.068 [info] > git status -z -uall [24ms]
2025-01-30 01:33:54.094 [info] [Git][getRemotes] No remotes found in the git config file
2025-01-30 01:33:54.095 [info] > git config --get commit.template [7ms]
2025-01-30 01:33:54.096 [info] > git for-each-ref --format=%(refname)%00%(upstream:short)%00%(objectname)%00%(upstream:track)%00%(upstream:remotename)%00%(upstream:remoteref) refs/heads/main refs/remotes/main [3ms]
2025-01-30 01:33:54.096 [warning] [Git][getBranch] No such branch: main
2025-01-30 01:33:54.111 [info] > git for-each-ref --sort -committerdate --format %(refname) %(objectname) %(*objectname) [4ms]
2025-01-30 01:33:54.123 [info] > git status -z -uall [22ms]
2025-01-30 01:33:55.690 [info] > git show --textconv :.vscode/launch.json [7ms]
2025-01-30 01:33:55.691 [info] > git ls-files --stage -- /home/jerushastewa2022/.vscode/launch.json [2ms]
2025-01-30 01:34:00.471 [info] [Git][getRemotes] No remotes found in the git config file
2025-01-30 01:34:00.472 [info] > git config --get commit.template [7ms]
2025-01-30 01:34:00.473 [info] > git for-each-ref --format=%(refname)%00%(upstream:short)%00%(objectname)%00%(upstream:track)%00%(upstream:remotename)%00%(upstream:remoteref) refs/heads/main refs/remotes/main [2ms]
2025-01-30 01:34:00.473 [warning] [Git][getBranch] No such branch: main
2025-01-30 01:34:00.488 [info] > git for-each-ref --sort -committerdate --format %(refname) %(objectname) %(*objectname) [3ms]
2025-01-30 01:34:00.501 [info] > git status -z -uall [23ms]
2025-01-30 01:34:05.535 [info] [Git][getRemotes] No remotes found in the git config file
2025-01-30 01:34:05.536 [info] > git config --get commit.template [7ms]
2025-01-30 01:34:05.537 [info] > git for-each-ref --format=%(refname)%00%(upstream:short)%00%(objectname)%00%(upstream:track)%00%(upstream:remotename)%00%(upstream:remoteref) refs/heads/main refs/remotes/main [2ms]
2025-01-30 01:34:05.538 [warning] [Git][getBranch] No such branch: main
2025-01-30 01:34:05.555 [info] > git for-each-ref --sort -committerdate --format %(refname) %(objectname) %(*objectname) [4ms]
2025-01-30 01:34:05.568 [info] > git status -z -uall [25ms]
2025-01-30 01:34:10.608 [info] [Git][getRemotes] No remotes found in the git config file
2025-01-30 01:34:10.609 [info] > git config --get commit.template [7ms]
2025-01-30 01:34:10.610 [info] > git for-each-ref --format=%(refname)%00%(upstream:short)%00%(objectname)%00%(upstream:track)%00%(upstream:remotename)%00%(upstream:remoteref) refs/heads/main refs/remotes/main [3ms]
2025-01-30 01:34:10.610 [warning] [Git][getBranch] No such branch: main
2025-01-30 01:34:10.625 [info] > git for-each-ref --sort -committerdate --format %(refname) %(objectname) %(*objectname) [4ms]
2025-01-30 01:34:10.637 [info] > git status -z -uall [22ms]
2025-01-30 01:34:15.657 [info] [Git][getRemotes] No remotes found in the git config file
2025-01-30 01:34:15.664 [info] > git config --get commit.template [7ms]
2025-01-30 01:34:15.665 [info] > git for-each-ref --format=%(refname)%00%(upstream:short)%00%(objectname)%00%(upstream:track)%00%(upstream:remotename)%00%(upstream:remoteref) refs/heads/main refs/remotes/main [2ms]
2025-01-30 01:34:15.665 [warning] [Git][getBranch] No such branch: main
2025-01-30 01:34:15.681 [info] > git for-each-ref --sort -committerdate --format %(refname) %(objectname) %(*objectname) [4ms]
2025-01-30 01:34:15.693 [info] > git status -z -uall [23ms]
2025-01-30 01:45:29.141 [info] [Git][getRemotes] No remotes found in the git config file
2025-01-30 01:45:29.144 [info] > git for-each-ref --format=%(refname)%00%(upstream:short)%00%(objectname)%00%(upstream:track)%00%(upstream:remotename)%00%(upstream:remoteref) refs/heads/main refs/remotes/main [3ms]
2025-01-30 01:45:29.144 [warning] [Git][getBranch] No such branch: main
2025-01-30 01:45:29.145 [info] > git config --get commit.template [18ms]
2025-01-30 01:45:29.186 [info] > git status -z -uall [26ms]
2025-01-30 01:45:29.187 [info] > git for-each-ref --sort -committerdate --format %(refname) %(objectname) %(*objectname) [5ms]
2025-01-30 01:45:34.244 [info] [Git][getRemotes] No remotes found in the git config file
2025-01-30 01:45:34.245 [info] > git config --get commit.template [16ms]
2025-01-30 01:45:34.246 [info] > git for-each-ref --format=%(refname)%00%(upstream:short)%00%(objectname)%00%(upstream:track)%00%(upstream:remotename)%00%(upstream:remoteref) refs/heads/main refs/remotes/main [2ms]
2025-01-30 01:45:34.246 [warning] [Git][getBranch] No such branch: main
2025-01-30 01:45:34.287 [info] > git status -z -uall [26ms]
2025-01-30 01:45:34.287 [info] > git for-each-ref --sort -committerdate --format %(refname) %(objectname) %(*objectname) [4ms]
2025-01-30 01:46:02.561 [info] [Git][getRemotes] No remotes found in the git config file
2025-01-30 01:46:02.562 [info] > git config --get commit.template [17ms]
2025-01-30 01:46:02.563 [info] > git for-each-ref --format=%(refname)%00%(upstream:short)%00%(objectname)%00%(upstream:track)%00%(upstream:remotename)%00%(upstream:remoteref) refs/heads/main refs/remotes/main [3ms]
2025-01-30 01:46:02.563 [warning] [Git][getBranch] No such branch: main
2025-01-30 01:46:02.612 [info] > git status -z -uall [34ms]
2025-01-30 01:46:02.612 [info] > git for-each-ref --sort -committerdate --format %(refname) %(objectname) %(*objectname) [9ms]
