2025-01-30 06:20:37.035 [info] [main] Log level: Info
2025-01-30 06:20:37.035 [info] [main] Validating found git in: "git"
2025-01-30 06:20:37.035 [info] [main] Using git "2.43.0" from "git"
2025-01-30 06:20:37.035 [info] [Model][doInitialScan] Initial repository scan started
2025-01-30 06:20:37.035 [info] > git rev-parse --show-toplevel [286ms]
2025-01-30 06:20:37.035 [info] > git rev-parse --git-dir --git-common-dir [4ms]
2025-01-30 06:20:37.035 [info] [Model][openRepository] Opened repository: /home/jerushastewa2022
2025-01-30 06:20:37.114 [info] > git rev-parse --show-toplevel [69ms]
2025-01-30 06:20:37.114 [info] fatal: this operation must be run in a work tree
2025-01-30 06:20:37.115 [info] > git config --get commit.template [74ms]
2025-01-30 06:20:41.149 [info] > git for-each-ref --format=%(refname)%00%(upstream:short)%00%(objectname)%00%(upstream:track)%00%(upstream:remotename)%00%(upstream:remoteref) refs/heads/main refs/remotes/main [3994ms]
2025-01-30 06:20:41.187 [info] > git check-ignore -v -z --stdin [7ms]
2025-01-30 06:20:41.196 [info] > git for-each-ref --sort -committerdate --format %(refname) %(objectname) %(*objectname) [28ms]
2025-01-30 06:20:41.197 [info] > git rev-parse --show-toplevel [4022ms]
2025-01-30 06:20:41.552 [info] > git status -z -uall [392ms]
2025-01-30 06:20:41.762 [info] > git rev-parse --show-toplevel [490ms]
2025-01-30 06:20:42.037 [info] > git config --get commit.template [276ms]
2025-01-30 06:20:42.037 [info] > git for-each-ref --format=%(refname)%00%(upstream:short)%00%(objectname)%00%(upstream:track)%00%(upstream:remotename)%00%(upstream:remoteref) refs/heads/main refs/remotes/main [416ms]
2025-01-30 06:20:42.080 [info] > git config --local branch.main.vscode-merge-base [33ms]
2025-01-30 06:20:42.081 [warning] [Git][config] git config failed: Failed to execute git
2025-01-30 06:20:42.089 [info] > git rev-parse --show-toplevel [124ms]
2025-01-30 06:20:42.264 [info] > git rev-parse --show-toplevel [69ms]
2025-01-30 06:20:42.270 [info] > git for-each-ref --format=%(refname)%00%(upstream:short)%00%(objectname)%00%(upstream:track)%00%(upstream:remotename)%00%(upstream:remoteref) refs/heads/main refs/remotes/main [97ms]
2025-01-30 06:20:42.322 [info] > git reflog main --grep-reflog=branch: Created from *. [233ms]
2025-01-30 06:20:42.434 [info] > git status -z -uall [140ms]
2025-01-30 06:20:42.437 [info] > git for-each-ref --sort -committerdate --format %(refname) %(objectname) %(*objectname) [115ms]
2025-01-30 06:20:42.572 [info] > git rev-parse --show-toplevel [166ms]
2025-01-30 06:20:42.658 [info] > git symbolic-ref --short refs/remotes/origin/HEAD [304ms]
2025-01-30 06:20:42.658 [info] fatal: ref refs/remotes/origin/HEAD is not a symbolic ref
2025-01-30 06:20:42.659 [warning] [Repository][getDefaultBranch] Failed to get default branch details: Failed to execute git.
2025-01-30 06:20:43.129 [info] > git rev-parse --show-toplevel [351ms]
2025-01-30 06:20:43.130 [info] > git for-each-ref --format=%(refname)%00%(upstream:short)%00%(objectname)%00%(upstream:track)%00%(upstream:remotename)%00%(upstream:remoteref) refs/heads/main refs/remotes/main [475ms]
2025-01-30 06:20:43.157 [info] > git config --local branch.main.vscode-merge-base [14ms]
2025-01-30 06:20:43.158 [warning] [Git][config] git config failed: Failed to execute git
2025-01-30 06:20:43.211 [info] > git rev-parse --show-toplevel [57ms]
2025-01-30 06:20:43.364 [info] > git reflog main --grep-reflog=branch: Created from *. [197ms]
2025-01-30 06:20:43.419 [info] > git rev-parse --show-toplevel [75ms]
2025-01-30 06:20:43.444 [info] > git symbolic-ref --short refs/remotes/origin/HEAD [59ms]
2025-01-30 06:20:43.444 [info] fatal: ref refs/remotes/origin/HEAD is not a symbolic ref
2025-01-30 06:20:43.444 [warning] [Repository][getDefaultBranch] Failed to get default branch details: Failed to execute git.
2025-01-30 06:20:43.488 [info] > git rev-parse --show-toplevel [47ms]
2025-01-30 06:20:43.488 [info] [Model][doInitialScan] Initial repository scan completed - repositories (1), closed repositories (0), parent repositories (0), unsafe repositories (0)
2025-01-30 06:20:43.545 [info] > git show --textconv :.git/COMMIT_EDITMSG [44ms]
2025-01-30 06:20:43.573 [info] > git ls-files --stage -- /home/jerushastewa2022/.git/COMMIT_EDITMSG [60ms]
2025-01-30 06:21:30.358 [info] > git config --get commit.template [10ms]
2025-01-30 06:21:30.359 [info] > git for-each-ref --format=%(refname)%00%(upstream:short)%00%(objectname)%00%(upstream:track)%00%(upstream:remotename)%00%(upstream:remoteref) refs/heads/main refs/remotes/main [3ms]
2025-01-30 06:21:30.399 [info] > git status -z -uall [32ms]
2025-01-30 06:21:30.421 [info] > git for-each-ref --sort -committerdate --format %(refname) %(objectname) %(*objectname) [25ms]
2025-01-30 06:21:30.703 [info] > git fetch [377ms]
2025-01-30 06:21:30.722 [info] > git config --get commit.template [9ms]
2025-01-30 06:21:30.724 [info] > git for-each-ref --format=%(refname)%00%(upstream:short)%00%(objectname)%00%(upstream:track)%00%(upstream:remotename)%00%(upstream:remoteref) refs/heads/main refs/remotes/main [3ms]
2025-01-30 06:21:30.746 [info] > git for-each-ref --sort -committerdate --format %(refname) %(objectname) %(*objectname) [5ms]
2025-01-30 06:21:30.756 [info] > git status -z -uall [26ms]
2025-01-30 06:21:31.894 [info] > git ls-files --stage -- /home/jerushastewa2022/.git/COMMIT_EDITMSG [2ms]
2025-01-30 06:21:31.949 [info] > git show --textconv :.git/COMMIT_EDITMSG [3ms]
2025-01-30 06:21:35.489 [info] > git config --get commit.template [10ms]
2025-01-30 06:21:35.491 [info] > git for-each-ref --format=%(refname)%00%(upstream:short)%00%(objectname)%00%(upstream:track)%00%(upstream:remotename)%00%(upstream:remoteref) refs/heads/main refs/remotes/main [3ms]
2025-01-30 06:21:35.516 [info] > git for-each-ref --sort -committerdate --format %(refname) %(objectname) %(*objectname) [4ms]
2025-01-30 06:21:35.527 [info] > git status -z -uall [27ms]
2025-01-30 06:21:42.687 [info] > git check-ignore -v -z --stdin [2ms]
2025-01-30 06:22:13.719 [info] > git push [3ms]
2025-01-30 06:22:13.720 [info] fatal: The current branch main has no upstream branch.
To push the current branch and set the remote as upstream, use

    git push --set-upstream GoogleProject1 main

To have this happen automatically for branches without a tracking
upstream, see 'push.autoSetupRemote' in 'git help config'.
2025-01-30 06:22:13.739 [info] > git config --get commit.template [9ms]
2025-01-30 06:22:13.740 [info] > git for-each-ref --format=%(refname)%00%(upstream:short)%00%(objectname)%00%(upstream:track)%00%(upstream:remotename)%00%(upstream:remoteref) refs/heads/main refs/remotes/main [3ms]
2025-01-30 06:22:13.764 [info] > git for-each-ref --sort -committerdate --format %(refname) %(objectname) %(*objectname) [5ms]
2025-01-30 06:22:13.776 [info] > git status -z -uall [27ms]
2025-01-30 06:22:50.005 [info] > git config --get commit.template [12ms]
2025-01-30 06:22:50.007 [info] > git for-each-ref --format=%(refname)%00%(upstream:short)%00%(objectname)%00%(upstream:track)%00%(upstream:remotename)%00%(upstream:remoteref) refs/heads/main refs/remotes/main [2ms]
2025-01-30 06:22:50.036 [info] > git for-each-ref --sort -committerdate --format %(refname) %(objectname) %(*objectname) [5ms]
2025-01-30 06:22:50.046 [info] > git status -z -uall [29ms]
2025-01-30 06:22:54.891 [info] > git push -u GoogleProject1 main [509ms]
2025-01-30 06:22:54.891 [info] To https://github.com/JerushaStewart/GoogleProject1.git
 ! [rejected]        main -> main (non-fast-forward)
error: failed to push some refs to 'https://github.com/JerushaStewart/GoogleProject1.git'
hint: Updates were rejected because the tip of your current branch is behind
hint: its remote counterpart. If you want to integrate the remote changes,
hint: use 'git pull' before pushing again.
hint: See the 'Note about fast-forwards' in 'git push --help' for details.
2025-01-30 06:22:54.912 [info] > git config --get commit.template [10ms]
2025-01-30 06:22:54.914 [info] > git for-each-ref --format=%(refname)%00%(upstream:short)%00%(objectname)%00%(upstream:track)%00%(upstream:remotename)%00%(upstream:remoteref) refs/heads/main refs/remotes/main [3ms]
2025-01-30 06:22:54.958 [info] > git status -z -uall [36ms]
2025-01-30 06:22:54.969 [info] > git for-each-ref --sort -committerdate --format %(refname) %(objectname) %(*objectname) [13ms]
2025-01-30 06:22:55.230 [info] > git config --get commit.template [22ms]
2025-01-30 06:22:55.233 [info] > git for-each-ref --format=%(refname)%00%(upstream:short)%00%(objectname)%00%(upstream:track)%00%(upstream:remotename)%00%(upstream:remoteref) refs/heads/main refs/remotes/main [12ms]
2025-01-30 06:22:55.263 [info] > git for-each-ref --sort -committerdate --format %(refname) %(objectname) %(*objectname) [7ms]
2025-01-30 06:22:55.270 [info] > git status -z -uall [27ms]
2025-01-30 07:06:35.738 [info] > git config --get commit.template [11ms]
2025-01-30 07:06:35.739 [info] > git for-each-ref --format=%(refname)%00%(upstream:short)%00%(objectname)%00%(upstream:track)%00%(upstream:remotename)%00%(upstream:remoteref) refs/heads/main refs/remotes/main [2ms]
2025-01-30 07:06:35.793 [info] > git status -z -uall [47ms]
2025-01-30 07:06:35.807 [info] > git ls-files --stage -- /home/jerushastewa2022/.git/COMMIT_EDITMSG [16ms]
2025-01-30 07:06:35.808 [info] > git for-each-ref --sort -committerdate --format %(refname) %(objectname) %(*objectname) [29ms]
2025-01-30 07:06:36.048 [info] > git fetch [334ms]
2025-01-30 07:06:36.061 [info] > git show --textconv :.git/COMMIT_EDITMSG [15ms]
2025-01-30 07:06:36.070 [info] > git config --get commit.template [10ms]
2025-01-30 07:06:36.072 [info] > git for-each-ref --format=%(refname)%00%(upstream:short)%00%(objectname)%00%(upstream:track)%00%(upstream:remotename)%00%(upstream:remoteref) refs/heads/main refs/remotes/main [2ms]
2025-01-30 07:06:36.107 [info] > git status -z -uall [29ms]
2025-01-30 07:06:36.111 [info] > git for-each-ref --sort -committerdate --format %(refname) %(objectname) %(*objectname) [7ms]
2025-01-30 07:16:26.214 [info] > git config --get commit.template [3ms]
2025-01-30 07:16:26.227 [info] > git for-each-ref --format=%(refname)%00%(upstream:short)%00%(objectname)%00%(upstream:track)%00%(upstream:remotename)%00%(upstream:remoteref) refs/heads/main refs/remotes/main [2ms]
2025-01-30 07:16:26.275 [info] > git status -z -uall [41ms]
2025-01-30 07:16:26.289 [info] > git ls-files --stage -- /home/jerushastewa2022/.git/COMMIT_EDITMSG [15ms]
2025-01-30 07:16:26.290 [info] > git for-each-ref --sort -committerdate --format %(refname) %(objectname) %(*objectname) [30ms]
2025-01-30 07:16:26.513 [info] > git fetch [318ms]
2025-01-30 07:16:26.532 [info] > git config --get commit.template [9ms]
2025-01-30 07:16:26.534 [info] > git for-each-ref --format=%(refname)%00%(upstream:short)%00%(objectname)%00%(upstream:track)%00%(upstream:remotename)%00%(upstream:remoteref) refs/heads/main refs/remotes/main [2ms]
2025-01-30 07:16:26.566 [info] > git status -z -uall [25ms]
2025-01-30 07:16:26.567 [info] > git for-each-ref --sort -committerdate --format %(refname) %(objectname) %(*objectname) [14ms]
2025-01-30 07:16:26.595 [info] > git show --textconv :.git/COMMIT_EDITMSG [30ms]
2025-01-30 07:16:27.930 [info] > git ls-files --stage -- /home/jerushastewa2022/.git/COMMIT_EDITMSG [2ms]
2025-01-30 07:16:27.984 [info] > git show --textconv :.git/COMMIT_EDITMSG [2ms]
2025-01-30 07:16:37.201 [info] > git config --get commit.template [10ms]
2025-01-30 07:16:37.202 [info] > git for-each-ref --format=%(refname)%00%(upstream:short)%00%(objectname)%00%(upstream:track)%00%(upstream:remotename)%00%(upstream:remoteref) refs/heads/main refs/remotes/main [3ms]
2025-01-30 07:16:37.226 [info] > git for-each-ref --sort -committerdate --format %(refname) %(objectname) %(*objectname) [5ms]
2025-01-30 07:16:37.231 [info] > git status -z -uall [21ms]
2025-01-30 07:16:41.643 [info] > git check-ignore -v -z --stdin [3ms]
2025-01-30 07:16:42.270 [info] > git config --get commit.template [3ms]
2025-01-30 07:16:42.283 [info] > git for-each-ref --format=%(refname)%00%(upstream:short)%00%(objectname)%00%(upstream:track)%00%(upstream:remotename)%00%(upstream:remoteref) refs/heads/main refs/remotes/main [3ms]
2025-01-30 07:16:42.311 [info] > git for-each-ref --sort -committerdate --format %(refname) %(objectname) %(*objectname) [4ms]
2025-01-30 07:16:42.313 [info] > git status -z -uall [23ms]
