2025-02-21 22:18:30.879 [info] [main] Log level: Info
2025-02-21 22:18:30.879 [info] [main] Validating found git in: "git"
2025-02-21 22:18:30.879 [info] [main] Using git "2.43.0" from "git"
2025-02-21 22:18:30.879 [info] [Model][doInitialScan] Initial repository scan started
2025-02-21 22:18:30.879 [info] > git rev-parse --show-toplevel [1475ms]
2025-02-21 22:18:30.917 [info] > git rev-parse --git-dir --git-common-dir [38ms]
2025-02-21 22:18:30.931 [info] [Model][openRepository] Opened repository: /home/jerushastewa2022
2025-02-21 22:18:33.529 [info] > git config --get commit.template [2577ms]
2025-02-21 22:18:33.826 [info] > git for-each-ref --format=%(refname)%00%(upstream:short)%00%(objectname)%00%(upstream:track)%00%(upstream:remotename)%00%(upstream:remoteref) refs/heads/main refs/remotes/main [283ms]
2025-02-21 22:18:33.827 [info] > git rev-parse --show-toplevel [274ms]
2025-02-21 22:18:33.850 [info] > git rev-parse --show-toplevel [8ms]
2025-02-21 22:18:33.911 [info] > git rev-parse --show-toplevel [52ms]
2025-02-21 22:18:33.941 [info] > git for-each-ref --sort -committerdate --format %(refname) %(objectname) %(*objectname) [65ms]
2025-02-21 22:18:33.984 [info] > git rev-parse --show-toplevel [46ms]
2025-02-21 22:18:34.033 [info] > git status -z -uall [166ms]
2025-02-21 22:18:34.033 [info] > git check-ignore -v -z --stdin [28ms]
2025-02-21 22:18:34.110 [info] > git for-each-ref --format=%(refname)%00%(upstream:short)%00%(objectname)%00%(upstream:track)%00%(upstream:remotename)%00%(upstream:remoteref) refs/heads/main refs/remotes/main [24ms]
2025-02-21 22:18:34.118 [info] > git rev-parse --show-toplevel [93ms]
2025-02-21 22:18:34.120 [info] > git config --get commit.template [14ms]
2025-02-21 22:18:34.142 [info] > git config --local branch.main.vscode-merge-base [24ms]
2025-02-21 22:18:34.142 [warning] [Git][config] git config failed: Failed to execute git
2025-02-21 22:18:34.455 [info] > git reflog main --grep-reflog=branch: Created from *. [306ms]
2025-02-21 22:18:34.465 [info] > git rev-parse --show-toplevel [339ms]
2025-02-21 22:18:34.555 [info] > git symbolic-ref --short refs/remotes/origin/HEAD [90ms]
2025-02-21 22:18:34.555 [info] fatal: ref refs/remotes/origin/HEAD is not a symbolic ref
2025-02-21 22:18:34.555 [warning] [Repository][getDefaultBranch] Failed to get default branch details: Failed to execute git.
2025-02-21 22:18:34.566 [info] > git for-each-ref --format=%(refname)%00%(upstream:short)%00%(objectname)%00%(upstream:track)%00%(upstream:remotename)%00%(upstream:remoteref) refs/heads/main refs/remotes/main [190ms]
2025-02-21 22:18:34.604 [info] > git merge-base refs/heads/main refs/remotes/GoogleProject1/main [39ms]
2025-02-21 22:18:34.612 [info] > git rev-parse --show-toplevel [57ms]
2025-02-21 22:18:34.633 [info] > git rev-parse --show-toplevel [5ms]
2025-02-21 22:18:34.634 [info] > git diff --name-status -z --diff-filter=ADMR 84211f4cc8cf7eea33180238631f6ff32a16adc1...refs/remotes/GoogleProject1/main [23ms]
2025-02-21 22:18:34.662 [info] > git for-each-ref --sort -committerdate --format %(refname) %(objectname) %(*objectname) [11ms]
2025-02-21 22:18:34.679 [info] > git rev-parse --show-toplevel [20ms]
2025-02-21 22:18:34.704 [info] > git status -z -uall [61ms]
2025-02-21 22:18:34.750 [info] > git rev-parse --show-toplevel [49ms]
2025-02-21 22:18:34.763 [info] > git rev-parse --show-toplevel [3ms]
2025-02-21 22:18:34.764 [info] [Model][doInitialScan] Initial repository scan completed - repositories (1), closed repositories (0), parent repositories (0), unsafe repositories (0)
2025-02-21 22:18:34.792 [info] > git ls-files --stage -- /home/jerushastewa2022/main.py [11ms]
2025-02-21 22:18:34.809 [info] > git show --textconv :main.py [36ms]
2025-02-21 22:18:35.000 [info] > git cat-file -s 99b05d5953ffe4efe81079fe06b52bf1d2f60311 [197ms]
2025-02-21 22:21:13.136 [info] > git config --get commit.template [9ms]
2025-02-21 22:21:13.137 [info] > git for-each-ref --format=%(refname)%00%(upstream:short)%00%(objectname)%00%(upstream:track)%00%(upstream:remotename)%00%(upstream:remoteref) refs/heads/main refs/remotes/main [2ms]
2025-02-21 22:21:13.156 [info] > git for-each-ref --sort -committerdate --format %(refname) %(objectname) %(*objectname) [2ms]
2025-02-21 22:21:13.172 [info] > git status -z -uall [26ms]
2025-02-21 22:21:18.218 [info] > git config --get commit.template [8ms]
2025-02-21 22:21:18.218 [info] > git for-each-ref --format=%(refname)%00%(upstream:short)%00%(objectname)%00%(upstream:track)%00%(upstream:remotename)%00%(upstream:remoteref) refs/heads/main refs/remotes/main [2ms]
2025-02-21 22:21:18.235 [info] > git for-each-ref --sort -committerdate --format %(refname) %(objectname) %(*objectname) [2ms]
2025-02-21 22:21:18.254 [info] > git status -z -uall [28ms]
2025-02-21 22:21:23.298 [info] > git config --get commit.template [8ms]
2025-02-21 22:21:23.299 [info] > git for-each-ref --format=%(refname)%00%(upstream:short)%00%(objectname)%00%(upstream:track)%00%(upstream:remotename)%00%(upstream:remoteref) refs/heads/main refs/remotes/main [2ms]
2025-02-21 22:21:23.319 [info] > git for-each-ref --sort -committerdate --format %(refname) %(objectname) %(*objectname) [3ms]
2025-02-21 22:21:23.336 [info] > git status -z -uall [29ms]
2025-02-21 22:21:28.372 [info] > git config --get commit.template [8ms]
2025-02-21 22:21:28.373 [info] > git for-each-ref --format=%(refname)%00%(upstream:short)%00%(objectname)%00%(upstream:track)%00%(upstream:remotename)%00%(upstream:remoteref) refs/heads/main refs/remotes/main [2ms]
2025-02-21 22:21:28.390 [info] > git for-each-ref --sort -committerdate --format %(refname) %(objectname) %(*objectname) [2ms]
2025-02-21 22:21:28.406 [info] > git status -z -uall [26ms]
2025-02-21 22:21:33.438 [info] > git for-each-ref --format=%(refname)%00%(upstream:short)%00%(objectname)%00%(upstream:track)%00%(upstream:remotename)%00%(upstream:remoteref) refs/heads/main refs/remotes/main [3ms]
2025-02-21 22:21:33.438 [info] > git config --get commit.template [11ms]
2025-02-21 22:21:33.457 [info] > git for-each-ref --sort -committerdate --format %(refname) %(objectname) %(*objectname) [2ms]
2025-02-21 22:21:33.473 [info] > git status -z -uall [26ms]
2025-02-21 22:21:38.504 [info] > git config --get commit.template [8ms]
2025-02-21 22:21:38.506 [info] > git for-each-ref --format=%(refname)%00%(upstream:short)%00%(objectname)%00%(upstream:track)%00%(upstream:remotename)%00%(upstream:remoteref) refs/heads/main refs/remotes/main [3ms]
2025-02-21 22:21:38.525 [info] > git for-each-ref --sort -committerdate --format %(refname) %(objectname) %(*objectname) [3ms]
2025-02-21 22:21:38.546 [info] > git status -z -uall [31ms]
2025-02-21 22:21:43.588 [info] > git config --get commit.template [8ms]
2025-02-21 22:21:43.590 [info] > git for-each-ref --format=%(refname)%00%(upstream:short)%00%(objectname)%00%(upstream:track)%00%(upstream:remotename)%00%(upstream:remoteref) refs/heads/main refs/remotes/main [2ms]
2025-02-21 22:21:43.607 [info] > git for-each-ref --sort -committerdate --format %(refname) %(objectname) %(*objectname) [3ms]
2025-02-21 22:21:43.623 [info] > git status -z -uall [26ms]
2025-02-21 22:24:40.937 [info] > git config --get commit.template [9ms]
2025-02-21 22:24:40.939 [info] > git for-each-ref --format=%(refname)%00%(upstream:short)%00%(objectname)%00%(upstream:track)%00%(upstream:remotename)%00%(upstream:remoteref) refs/heads/main refs/remotes/main [3ms]
2025-02-21 22:24:40.957 [info] > git for-each-ref --sort -committerdate --format %(refname) %(objectname) %(*objectname) [3ms]
2025-02-21 22:24:40.975 [info] > git status -z -uall [28ms]
2025-02-21 22:24:46.019 [info] > git config --get commit.template [10ms]
2025-02-21 22:24:46.020 [info] > git for-each-ref --format=%(refname)%00%(upstream:short)%00%(objectname)%00%(upstream:track)%00%(upstream:remotename)%00%(upstream:remoteref) refs/heads/main refs/remotes/main [2ms]
2025-02-21 22:24:46.041 [info] > git for-each-ref --sort -committerdate --format %(refname) %(objectname) %(*objectname) [3ms]
2025-02-21 22:24:46.059 [info] > git status -z -uall [31ms]
2025-02-21 22:24:51.090 [info] > git config --get commit.template [2ms]
2025-02-21 22:24:51.098 [info] > git for-each-ref --format=%(refname)%00%(upstream:short)%00%(objectname)%00%(upstream:track)%00%(upstream:remotename)%00%(upstream:remoteref) refs/heads/main refs/remotes/main [2ms]
2025-02-21 22:24:51.115 [info] > git for-each-ref --sort -committerdate --format %(refname) %(objectname) %(*objectname) [2ms]
2025-02-21 22:24:51.131 [info] > git status -z -uall [25ms]
2025-02-21 22:24:56.164 [info] > git config --get commit.template [8ms]
2025-02-21 22:24:56.166 [info] > git for-each-ref --format=%(refname)%00%(upstream:short)%00%(objectname)%00%(upstream:track)%00%(upstream:remotename)%00%(upstream:remoteref) refs/heads/main refs/remotes/main [3ms]
2025-02-21 22:24:56.184 [info] > git for-each-ref --sort -committerdate --format %(refname) %(objectname) %(*objectname) [3ms]
2025-02-21 22:24:56.205 [info] > git status -z -uall [31ms]
2025-02-21 22:25:01.235 [info] > git config --get commit.template [7ms]
2025-02-21 22:25:01.236 [info] > git for-each-ref --format=%(refname)%00%(upstream:short)%00%(objectname)%00%(upstream:track)%00%(upstream:remotename)%00%(upstream:remoteref) refs/heads/main refs/remotes/main [2ms]
2025-02-21 22:25:01.252 [info] > git for-each-ref --sort -committerdate --format %(refname) %(objectname) %(*objectname) [3ms]
2025-02-21 22:25:01.268 [info] > git status -z -uall [25ms]
2025-02-21 22:25:06.300 [info] > git config --get commit.template [8ms]
2025-02-21 22:25:06.302 [info] > git for-each-ref --format=%(refname)%00%(upstream:short)%00%(objectname)%00%(upstream:track)%00%(upstream:remotename)%00%(upstream:remoteref) refs/heads/main refs/remotes/main [3ms]
2025-02-21 22:25:06.319 [info] > git for-each-ref --sort -committerdate --format %(refname) %(objectname) %(*objectname) [3ms]
2025-02-21 22:25:06.335 [info] > git status -z -uall [26ms]
2025-02-21 22:25:11.367 [info] > git config --get commit.template [7ms]
2025-02-21 22:25:11.368 [info] > git for-each-ref --format=%(refname)%00%(upstream:short)%00%(objectname)%00%(upstream:track)%00%(upstream:remotename)%00%(upstream:remoteref) refs/heads/main refs/remotes/main [2ms]
2025-02-21 22:25:11.386 [info] > git for-each-ref --sort -committerdate --format %(refname) %(objectname) %(*objectname) [3ms]
2025-02-21 22:25:11.401 [info] > git status -z -uall [25ms]
2025-02-21 22:25:23.856 [info] > git config --get commit.template [7ms]
2025-02-21 22:25:23.858 [info] > git for-each-ref --format=%(refname)%00%(upstream:short)%00%(objectname)%00%(upstream:track)%00%(upstream:remotename)%00%(upstream:remoteref) refs/heads/main refs/remotes/main [3ms]
2025-02-21 22:25:23.874 [info] > git for-each-ref --sort -committerdate --format %(refname) %(objectname) %(*objectname) [3ms]
2025-02-21 22:25:23.890 [info] > git status -z -uall [25ms]
2025-02-21 22:25:28.920 [info] > git config --get commit.template [8ms]
2025-02-21 22:25:28.922 [info] > git for-each-ref --format=%(refname)%00%(upstream:short)%00%(objectname)%00%(upstream:track)%00%(upstream:remotename)%00%(upstream:remoteref) refs/heads/main refs/remotes/main [2ms]
2025-02-21 22:25:28.939 [info] > git for-each-ref --sort -committerdate --format %(refname) %(objectname) %(*objectname) [3ms]
2025-02-21 22:25:28.954 [info] > git status -z -uall [25ms]
2025-02-21 22:25:33.986 [info] > git config --get commit.template [8ms]
2025-02-21 22:25:33.987 [info] > git for-each-ref --format=%(refname)%00%(upstream:short)%00%(objectname)%00%(upstream:track)%00%(upstream:remotename)%00%(upstream:remoteref) refs/heads/main refs/remotes/main [2ms]
2025-02-21 22:25:34.005 [info] > git for-each-ref --sort -committerdate --format %(refname) %(objectname) %(*objectname) [2ms]
2025-02-21 22:25:34.020 [info] > git status -z -uall [25ms]
2025-02-21 22:25:54.804 [info] > git config --get commit.template [7ms]
2025-02-21 22:25:54.806 [info] > git for-each-ref --format=%(refname)%00%(upstream:short)%00%(objectname)%00%(upstream:track)%00%(upstream:remotename)%00%(upstream:remoteref) refs/heads/main refs/remotes/main [3ms]
2025-02-21 22:25:54.822 [info] > git for-each-ref --sort -committerdate --format %(refname) %(objectname) %(*objectname) [2ms]
2025-02-21 22:25:54.840 [info] > git status -z -uall [28ms]
2025-02-21 22:25:59.870 [info] > git config --get commit.template [8ms]
2025-02-21 22:25:59.872 [info] > git for-each-ref --format=%(refname)%00%(upstream:short)%00%(objectname)%00%(upstream:track)%00%(upstream:remotename)%00%(upstream:remoteref) refs/heads/main refs/remotes/main [2ms]
2025-02-21 22:25:59.889 [info] > git for-each-ref --sort -committerdate --format %(refname) %(objectname) %(*objectname) [2ms]
2025-02-21 22:25:59.906 [info] > git status -z -uall [27ms]
2025-02-21 22:26:04.937 [info] > git config --get commit.template [7ms]
2025-02-21 22:26:04.938 [info] > git for-each-ref --format=%(refname)%00%(upstream:short)%00%(objectname)%00%(upstream:track)%00%(upstream:remotename)%00%(upstream:remoteref) refs/heads/main refs/remotes/main [2ms]
2025-02-21 22:26:04.955 [info] > git for-each-ref --sort -committerdate --format %(refname) %(objectname) %(*objectname) [3ms]
2025-02-21 22:26:04.972 [info] > git status -z -uall [26ms]
2025-02-21 22:26:10.003 [info] > git config --get commit.template [8ms]
2025-02-21 22:26:10.005 [info] > git for-each-ref --format=%(refname)%00%(upstream:short)%00%(objectname)%00%(upstream:track)%00%(upstream:remotename)%00%(upstream:remoteref) refs/heads/main refs/remotes/main [3ms]
2025-02-21 22:26:10.022 [info] > git for-each-ref --sort -committerdate --format %(refname) %(objectname) %(*objectname) [2ms]
2025-02-21 22:26:10.037 [info] > git status -z -uall [25ms]
2025-02-21 22:26:15.072 [info] > git config --get commit.template [11ms]
2025-02-21 22:26:15.074 [info] > git for-each-ref --format=%(refname)%00%(upstream:short)%00%(objectname)%00%(upstream:track)%00%(upstream:remotename)%00%(upstream:remoteref) refs/heads/main refs/remotes/main [3ms]
2025-02-21 22:26:15.093 [info] > git for-each-ref --sort -committerdate --format %(refname) %(objectname) %(*objectname) [2ms]
2025-02-21 22:26:15.108 [info] > git status -z -uall [26ms]
2025-02-21 22:26:20.139 [info] > git config --get commit.template [8ms]
2025-02-21 22:26:20.141 [info] > git for-each-ref --format=%(refname)%00%(upstream:short)%00%(objectname)%00%(upstream:track)%00%(upstream:remotename)%00%(upstream:remoteref) refs/heads/main refs/remotes/main [2ms]
2025-02-21 22:26:20.157 [info] > git for-each-ref --sort -committerdate --format %(refname) %(objectname) %(*objectname) [2ms]
2025-02-21 22:26:20.174 [info] > git status -z -uall [25ms]
2025-02-21 22:26:25.206 [info] > git config --get commit.template [8ms]
2025-02-21 22:26:25.208 [info] > git for-each-ref --format=%(refname)%00%(upstream:short)%00%(objectname)%00%(upstream:track)%00%(upstream:remotename)%00%(upstream:remoteref) refs/heads/main refs/remotes/main [3ms]
2025-02-21 22:26:25.225 [info] > git for-each-ref --sort -committerdate --format %(refname) %(objectname) %(*objectname) [3ms]
2025-02-21 22:26:25.241 [info] > git status -z -uall [26ms]
2025-02-21 22:26:30.271 [info] > git config --get commit.template [8ms]
2025-02-21 22:26:30.272 [info] > git for-each-ref --format=%(refname)%00%(upstream:short)%00%(objectname)%00%(upstream:track)%00%(upstream:remotename)%00%(upstream:remoteref) refs/heads/main refs/remotes/main [2ms]
2025-02-21 22:26:30.289 [info] > git for-each-ref --sort -committerdate --format %(refname) %(objectname) %(*objectname) [2ms]
2025-02-21 22:26:30.306 [info] > git status -z -uall [25ms]
2025-02-21 22:26:35.334 [info] > git config --get commit.template [8ms]
2025-02-21 22:26:35.336 [info] > git for-each-ref --format=%(refname)%00%(upstream:short)%00%(objectname)%00%(upstream:track)%00%(upstream:remotename)%00%(upstream:remoteref) refs/heads/main refs/remotes/main [3ms]
2025-02-21 22:26:35.352 [info] > git for-each-ref --sort -committerdate --format %(refname) %(objectname) %(*objectname) [2ms]
2025-02-21 22:26:35.371 [info] > git status -z -uall [28ms]
2025-02-21 22:26:40.400 [info] > git config --get commit.template [8ms]
2025-02-21 22:26:40.401 [info] > git for-each-ref --format=%(refname)%00%(upstream:short)%00%(objectname)%00%(upstream:track)%00%(upstream:remotename)%00%(upstream:remoteref) refs/heads/main refs/remotes/main [2ms]
2025-02-21 22:26:40.418 [info] > git for-each-ref --sort -committerdate --format %(refname) %(objectname) %(*objectname) [2ms]
2025-02-21 22:26:40.435 [info] > git status -z -uall [26ms]
2025-02-21 22:26:45.463 [info] > git config --get commit.template [8ms]
2025-02-21 22:26:45.465 [info] > git for-each-ref --format=%(refname)%00%(upstream:short)%00%(objectname)%00%(upstream:track)%00%(upstream:remotename)%00%(upstream:remoteref) refs/heads/main refs/remotes/main [2ms]
2025-02-21 22:26:45.481 [info] > git for-each-ref --sort -committerdate --format %(refname) %(objectname) %(*objectname) [2ms]
2025-02-21 22:26:45.497 [info] > git status -z -uall [25ms]
2025-02-21 22:26:50.527 [info] > git config --get commit.template [7ms]
2025-02-21 22:26:50.528 [info] > git for-each-ref --format=%(refname)%00%(upstream:short)%00%(objectname)%00%(upstream:track)%00%(upstream:remotename)%00%(upstream:remoteref) refs/heads/main refs/remotes/main [2ms]
2025-02-21 22:26:50.544 [info] > git for-each-ref --sort -committerdate --format %(refname) %(objectname) %(*objectname) [3ms]
2025-02-21 22:26:50.560 [info] > git status -z -uall [25ms]
2025-02-21 22:26:55.589 [info] > git config --get commit.template [7ms]
2025-02-21 22:26:55.591 [info] > git for-each-ref --format=%(refname)%00%(upstream:short)%00%(objectname)%00%(upstream:track)%00%(upstream:remotename)%00%(upstream:remoteref) refs/heads/main refs/remotes/main [2ms]
2025-02-21 22:26:55.607 [info] > git for-each-ref --sort -committerdate --format %(refname) %(objectname) %(*objectname) [2ms]
2025-02-21 22:26:55.623 [info] > git status -z -uall [24ms]
2025-02-21 22:27:00.647 [info] > git config --get commit.template [2ms]
2025-02-21 22:27:00.655 [info] > git for-each-ref --format=%(refname)%00%(upstream:short)%00%(objectname)%00%(upstream:track)%00%(upstream:remotename)%00%(upstream:remoteref) refs/heads/main refs/remotes/main [2ms]
2025-02-21 22:27:00.672 [info] > git for-each-ref --sort -committerdate --format %(refname) %(objectname) %(*objectname) [3ms]
2025-02-21 22:27:00.688 [info] > git status -z -uall [25ms]
2025-02-21 22:27:07.573 [info] > git config --get commit.template [8ms]
2025-02-21 22:27:07.575 [info] > git for-each-ref --format=%(refname)%00%(upstream:short)%00%(objectname)%00%(upstream:track)%00%(upstream:remotename)%00%(upstream:remoteref) refs/heads/main refs/remotes/main [2ms]
2025-02-21 22:27:07.590 [info] > git for-each-ref --sort -committerdate --format %(refname) %(objectname) %(*objectname) [2ms]
2025-02-21 22:27:07.609 [info] > git status -z -uall [28ms]
2025-02-21 22:27:17.933 [info] > git for-each-ref --format=%(refname)%00%(upstream:short)%00%(objectname)%00%(upstream:track)%00%(upstream:remotename)%00%(upstream:remoteref) refs/heads/main refs/remotes/main [3ms]
2025-02-21 22:27:17.934 [info] > git config --get commit.template [11ms]
2025-02-21 22:27:17.950 [info] > git for-each-ref --sort -committerdate --format %(refname) %(objectname) %(*objectname) [3ms]
2025-02-21 22:27:17.967 [info] > git status -z -uall [26ms]
2025-02-21 22:27:24.540 [info] > git for-each-ref --format=%(refname)%00%(upstream:short)%00%(objectname)%00%(upstream:track)%00%(upstream:remotename)%00%(upstream:remoteref) refs/heads/main refs/remotes/main [2ms]
2025-02-21 22:27:24.541 [info] > git config --get commit.template [11ms]
2025-02-21 22:27:24.556 [info] > git for-each-ref --sort -committerdate --format %(refname) %(objectname) %(*objectname) [3ms]
2025-02-21 22:27:24.572 [info] > git status -z -uall [25ms]
2025-02-21 22:27:29.600 [info] > git config --get commit.template [8ms]
2025-02-21 22:27:29.601 [info] > git for-each-ref --format=%(refname)%00%(upstream:short)%00%(objectname)%00%(upstream:track)%00%(upstream:remotename)%00%(upstream:remoteref) refs/heads/main refs/remotes/main [2ms]
2025-02-21 22:27:29.617 [info] > git for-each-ref --sort -committerdate --format %(refname) %(objectname) %(*objectname) [3ms]
2025-02-21 22:27:29.634 [info] > git status -z -uall [26ms]
2025-02-21 22:27:34.663 [info] > git config --get commit.template [7ms]
2025-02-21 22:27:34.665 [info] > git for-each-ref --format=%(refname)%00%(upstream:short)%00%(objectname)%00%(upstream:track)%00%(upstream:remotename)%00%(upstream:remoteref) refs/heads/main refs/remotes/main [3ms]
2025-02-21 22:27:34.682 [info] > git for-each-ref --sort -committerdate --format %(refname) %(objectname) %(*objectname) [3ms]
2025-02-21 22:27:34.700 [info] > git status -z -uall [28ms]
2025-02-21 22:27:39.728 [info] > git config --get commit.template [7ms]
2025-02-21 22:27:39.730 [info] > git for-each-ref --format=%(refname)%00%(upstream:short)%00%(objectname)%00%(upstream:track)%00%(upstream:remotename)%00%(upstream:remoteref) refs/heads/main refs/remotes/main [2ms]
2025-02-21 22:27:39.747 [info] > git for-each-ref --sort -committerdate --format %(refname) %(objectname) %(*objectname) [3ms]
2025-02-21 22:27:39.763 [info] > git status -z -uall [26ms]
2025-02-21 22:27:44.794 [info] > git config --get commit.template [7ms]
2025-02-21 22:27:44.796 [info] > git for-each-ref --format=%(refname)%00%(upstream:short)%00%(objectname)%00%(upstream:track)%00%(upstream:remotename)%00%(upstream:remoteref) refs/heads/main refs/remotes/main [2ms]
2025-02-21 22:27:44.812 [info] > git for-each-ref --sort -committerdate --format %(refname) %(objectname) %(*objectname) [3ms]
2025-02-21 22:27:44.830 [info] > git status -z -uall [26ms]
2025-02-21 22:27:49.862 [info] > git config --get commit.template [7ms]
2025-02-21 22:27:49.864 [info] > git for-each-ref --format=%(refname)%00%(upstream:short)%00%(objectname)%00%(upstream:track)%00%(upstream:remotename)%00%(upstream:remoteref) refs/heads/main refs/remotes/main [2ms]
2025-02-21 22:27:49.880 [info] > git for-each-ref --sort -committerdate --format %(refname) %(objectname) %(*objectname) [3ms]
2025-02-21 22:27:49.896 [info] > git status -z -uall [25ms]
2025-02-21 22:27:54.925 [info] > git config --get commit.template [7ms]
2025-02-21 22:27:54.927 [info] > git for-each-ref --format=%(refname)%00%(upstream:short)%00%(objectname)%00%(upstream:track)%00%(upstream:remotename)%00%(upstream:remoteref) refs/heads/main refs/remotes/main [3ms]
2025-02-21 22:27:54.942 [info] > git for-each-ref --sort -committerdate --format %(refname) %(objectname) %(*objectname) [2ms]
2025-02-21 22:27:54.959 [info] > git status -z -uall [25ms]
2025-02-21 22:28:12.039 [info] > git config --get commit.template [8ms]
2025-02-21 22:28:12.041 [info] > git for-each-ref --format=%(refname)%00%(upstream:short)%00%(objectname)%00%(upstream:track)%00%(upstream:remotename)%00%(upstream:remoteref) refs/heads/main refs/remotes/main [2ms]
2025-02-21 22:28:12.057 [info] > git for-each-ref --sort -committerdate --format %(refname) %(objectname) %(*objectname) [2ms]
2025-02-21 22:28:12.074 [info] > git status -z -uall [26ms]
2025-02-21 22:28:17.106 [info] > git config --get commit.template [7ms]
2025-02-21 22:28:17.107 [info] > git for-each-ref --format=%(refname)%00%(upstream:short)%00%(objectname)%00%(upstream:track)%00%(upstream:remotename)%00%(upstream:remoteref) refs/heads/main refs/remotes/main [2ms]
2025-02-21 22:28:17.122 [info] > git for-each-ref --sort -committerdate --format %(refname) %(objectname) %(*objectname) [2ms]
2025-02-21 22:28:17.138 [info] > git status -z -uall [25ms]
2025-02-21 22:28:22.171 [info] > git config --get commit.template [8ms]
2025-02-21 22:28:22.172 [info] > git for-each-ref --format=%(refname)%00%(upstream:short)%00%(objectname)%00%(upstream:track)%00%(upstream:remotename)%00%(upstream:remoteref) refs/heads/main refs/remotes/main [2ms]
2025-02-21 22:28:22.189 [info] > git for-each-ref --sort -committerdate --format %(refname) %(objectname) %(*objectname) [3ms]
2025-02-21 22:28:22.211 [info] > git status -z -uall [32ms]
