2025-02-22 22:00:16.498 [info] [main] Log level: Info
2025-02-22 22:00:16.498 [info] [main] Validating found git in: "git"
2025-02-22 22:00:16.498 [info] [main] Using git "2.43.0" from "git"
2025-02-22 22:00:16.498 [info] [Model][doInitialScan] Initial repository scan started
2025-02-22 22:00:16.506 [info] > git rev-parse --show-toplevel [40ms]
2025-02-22 22:00:19.223 [info] > git rev-parse --git-dir --git-common-dir [2660ms]
2025-02-22 22:00:19.235 [info] [Model][openRepository] Opened repository: /home/jerushastewa2022
2025-02-22 22:00:19.264 [info] > git config --get commit.template [17ms]
2025-02-22 22:00:19.283 [info] > git rev-parse --show-toplevel [2ms]
2025-02-22 22:00:19.292 [info] > git rev-parse --show-toplevel [2ms]
2025-02-22 22:00:19.379 [info] > git for-each-ref --format=%(refname)%00%(upstream:short)%00%(objectname)%00%(upstream:track)%00%(upstream:remotename)%00%(upstream:remoteref) refs/heads/main refs/remotes/main [104ms]
2025-02-22 22:00:19.380 [info] > git rev-parse --show-toplevel [81ms]
2025-02-22 22:00:19.418 [info] > git rev-parse --show-toplevel [24ms]
2025-02-22 22:00:19.459 [info] > git rev-parse --show-toplevel [32ms]
2025-02-22 22:00:19.473 [info] > git for-each-ref --sort -committerdate --format %(refname) %(objectname) %(*objectname) [17ms]
2025-02-22 22:00:19.808 [info] > git status -z -uall [362ms]
2025-02-22 22:00:19.809 [info] > git rev-parse --show-toplevel [337ms]
2025-02-22 22:00:19.894 [info] > git check-ignore -v -z --stdin [13ms]
2025-02-22 22:00:19.895 [info] > git for-each-ref --format=%(refname)%00%(upstream:short)%00%(objectname)%00%(upstream:track)%00%(upstream:remotename)%00%(upstream:remoteref) refs/heads/main refs/remotes/main [26ms]
2025-02-22 22:00:19.903 [info] > git rev-parse --show-toplevel [85ms]
2025-02-22 22:00:19.932 [info] > git config --get commit.template [43ms]
2025-02-22 22:00:20.211 [info] > git rev-parse --show-toplevel [299ms]
2025-02-22 22:00:20.212 [info] > git config --local branch.main.vscode-merge-base [309ms]
2025-02-22 22:00:20.212 [warning] [Git][config] git config failed: Failed to execute git
2025-02-22 22:00:20.251 [info] > git rev-parse --show-toplevel [8ms]
2025-02-22 22:00:20.251 [info] > git for-each-ref --format=%(refname)%00%(upstream:short)%00%(objectname)%00%(upstream:track)%00%(upstream:remotename)%00%(upstream:remoteref) refs/heads/main refs/remotes/main [16ms]
2025-02-22 22:00:20.252 [info] > git reflog main --grep-reflog=branch: Created from *. [31ms]
2025-02-22 22:00:20.294 [info] > git rev-parse --show-toplevel [12ms]
2025-02-22 22:00:20.294 [info] > git symbolic-ref --short refs/remotes/origin/HEAD [35ms]
2025-02-22 22:00:20.294 [info] fatal: ref refs/remotes/origin/HEAD is not a symbolic ref
2025-02-22 22:00:20.294 [warning] [Repository][getDefaultBranch] Failed to get default branch details: Failed to execute git.
2025-02-22 22:00:20.332 [info] > git merge-base refs/heads/main refs/remotes/GoogleProject1/main [30ms]
2025-02-22 22:00:20.342 [info] > git for-each-ref --sort -committerdate --format %(refname) %(objectname) %(*objectname) [13ms]
2025-02-22 22:00:20.343 [info] > git rev-parse --show-toplevel [32ms]
2025-02-22 22:00:20.344 [info] [Model][doInitialScan] Initial repository scan completed - repositories (1), closed repositories (0), parent repositories (0), unsafe repositories (0)
2025-02-22 22:00:20.364 [info] > git status -z -uall [43ms]
2025-02-22 22:00:20.364 [info] > git show --textconv :main.py [12ms]
2025-02-22 22:00:20.391 [info] > git diff --name-status -z --diff-filter=ADMR 84211f4cc8cf7eea33180238631f6ff32a16adc1...refs/remotes/GoogleProject1/main [51ms]
2025-02-22 22:00:20.397 [info] > git merge-base refs/heads/main refs/remotes/GoogleProject1/main [8ms]
2025-02-22 22:00:20.405 [info] > git ls-files --stage -- /home/jerushastewa2022/main.py [45ms]
2025-02-22 22:00:20.434 [info] > git diff --name-status -z --diff-filter=ADMR 84211f4cc8cf7eea33180238631f6ff32a16adc1...refs/remotes/GoogleProject1/main [30ms]
2025-02-22 22:00:20.487 [info] > git cat-file -s 99b05d5953ffe4efe81079fe06b52bf1d2f60311 [75ms]
2025-02-22 22:00:22.737 [info] > git config --get commit.template [4ms]
2025-02-22 22:00:22.748 [info] > git for-each-ref --format=%(refname)%00%(upstream:short)%00%(objectname)%00%(upstream:track)%00%(upstream:remotename)%00%(upstream:remoteref) refs/heads/main refs/remotes/main [3ms]
2025-02-22 22:00:22.831 [info] > git status -z -uall [68ms]
2025-02-22 22:00:22.915 [info] > git for-each-ref --sort -committerdate --format %(refname) %(objectname) %(*objectname) [134ms]
2025-02-22 22:00:27.941 [info] > git config --get commit.template [8ms]
2025-02-22 22:00:27.943 [info] > git for-each-ref --format=%(refname)%00%(upstream:short)%00%(objectname)%00%(upstream:track)%00%(upstream:remotename)%00%(upstream:remoteref) refs/heads/main refs/remotes/main [3ms]
2025-02-22 22:00:27.961 [info] > git for-each-ref --sort -committerdate --format %(refname) %(objectname) %(*objectname) [2ms]
2025-02-22 22:00:27.975 [info] > git status -z -uall [24ms]
2025-02-22 22:00:33.007 [info] > git config --get commit.template [8ms]
2025-02-22 22:00:33.008 [info] > git for-each-ref --format=%(refname)%00%(upstream:short)%00%(objectname)%00%(upstream:track)%00%(upstream:remotename)%00%(upstream:remoteref) refs/heads/main refs/remotes/main [2ms]
2025-02-22 22:00:33.026 [info] > git for-each-ref --sort -committerdate --format %(refname) %(objectname) %(*objectname) [3ms]
2025-02-22 22:00:33.050 [info] > git status -z -uall [34ms]
2025-02-22 22:00:38.086 [info] > git config --get commit.template [9ms]
2025-02-22 22:00:38.087 [info] > git for-each-ref --format=%(refname)%00%(upstream:short)%00%(objectname)%00%(upstream:track)%00%(upstream:remotename)%00%(upstream:remoteref) refs/heads/main refs/remotes/main [2ms]
2025-02-22 22:00:38.105 [info] > git for-each-ref --sort -committerdate --format %(refname) %(objectname) %(*objectname) [2ms]
2025-02-22 22:00:38.119 [info] > git status -z -uall [23ms]
2025-02-22 22:00:43.153 [info] > git config --get commit.template [7ms]
2025-02-22 22:00:43.154 [info] > git for-each-ref --format=%(refname)%00%(upstream:short)%00%(objectname)%00%(upstream:track)%00%(upstream:remotename)%00%(upstream:remoteref) refs/heads/main refs/remotes/main [2ms]
2025-02-22 22:00:43.172 [info] > git for-each-ref --sort -committerdate --format %(refname) %(objectname) %(*objectname) [3ms]
2025-02-22 22:00:43.186 [info] > git status -z -uall [24ms]
2025-02-22 22:01:06.387 [info] > git config --get commit.template [10ms]
2025-02-22 22:01:06.389 [info] > git for-each-ref --format=%(refname)%00%(upstream:short)%00%(objectname)%00%(upstream:track)%00%(upstream:remotename)%00%(upstream:remoteref) refs/heads/main refs/remotes/main [3ms]
2025-02-22 22:01:06.406 [info] > git for-each-ref --sort -committerdate --format %(refname) %(objectname) %(*objectname) [3ms]
2025-02-22 22:01:06.425 [info] > git status -z -uall [29ms]
2025-02-22 22:01:12.166 [info] > git config --get commit.template [9ms]
2025-02-22 22:01:12.168 [info] > git for-each-ref --format=%(refname)%00%(upstream:short)%00%(objectname)%00%(upstream:track)%00%(upstream:remotename)%00%(upstream:remoteref) refs/heads/main refs/remotes/main [3ms]
2025-02-22 22:01:12.185 [info] > git for-each-ref --sort -committerdate --format %(refname) %(objectname) %(*objectname) [3ms]
2025-02-22 22:01:12.199 [info] > git status -z -uall [24ms]
2025-02-22 22:01:25.533 [info] > git config --get commit.template [8ms]
2025-02-22 22:01:25.534 [info] > git for-each-ref --format=%(refname)%00%(upstream:short)%00%(objectname)%00%(upstream:track)%00%(upstream:remotename)%00%(upstream:remoteref) refs/heads/main refs/remotes/main [2ms]
2025-02-22 22:01:25.553 [info] > git for-each-ref --sort -committerdate --format %(refname) %(objectname) %(*objectname) [2ms]
2025-02-22 22:01:25.566 [info] > git status -z -uall [24ms]
2025-02-22 22:01:46.203 [info] > git for-each-ref --format=%(refname)%00%(upstream:short)%00%(objectname)%00%(upstream:track)%00%(upstream:remotename)%00%(upstream:remoteref) refs/heads/main refs/remotes/main [30ms]
2025-02-22 22:01:46.204 [info] > git config --get commit.template [38ms]
2025-02-22 22:01:46.222 [info] > git for-each-ref --sort -committerdate --format %(refname) %(objectname) %(*objectname) [2ms]
2025-02-22 22:01:46.238 [info] > git status -z -uall [26ms]
2025-02-22 22:01:51.281 [info] > git config --get commit.template [8ms]
2025-02-22 22:01:51.283 [info] > git for-each-ref --format=%(refname)%00%(upstream:short)%00%(objectname)%00%(upstream:track)%00%(upstream:remotename)%00%(upstream:remoteref) refs/heads/main refs/remotes/main [3ms]
2025-02-22 22:01:51.302 [info] > git for-each-ref --sort -committerdate --format %(refname) %(objectname) %(*objectname) [3ms]
2025-02-22 22:01:51.316 [info] > git status -z -uall [25ms]
2025-02-22 22:01:56.351 [info] > git for-each-ref --format=%(refname)%00%(upstream:short)%00%(objectname)%00%(upstream:track)%00%(upstream:remotename)%00%(upstream:remoteref) refs/heads/main refs/remotes/main [3ms]
2025-02-22 22:01:56.352 [info] > git config --get commit.template [12ms]
2025-02-22 22:01:56.370 [info] > git for-each-ref --sort -committerdate --format %(refname) %(objectname) %(*objectname) [2ms]
2025-02-22 22:01:56.384 [info] > git status -z -uall [24ms]
2025-02-22 22:02:01.417 [info] > git config --get commit.template [8ms]
2025-02-22 22:02:01.419 [info] > git for-each-ref --format=%(refname)%00%(upstream:short)%00%(objectname)%00%(upstream:track)%00%(upstream:remotename)%00%(upstream:remoteref) refs/heads/main refs/remotes/main [3ms]
2025-02-22 22:02:01.437 [info] > git for-each-ref --sort -committerdate --format %(refname) %(objectname) %(*objectname) [2ms]
2025-02-22 22:02:01.450 [info] > git status -z -uall [24ms]
2025-02-22 22:02:06.481 [info] > git config --get commit.template [10ms]
2025-02-22 22:02:06.482 [info] > git for-each-ref --format=%(refname)%00%(upstream:short)%00%(objectname)%00%(upstream:track)%00%(upstream:remotename)%00%(upstream:remoteref) refs/heads/main refs/remotes/main [2ms]
2025-02-22 22:02:06.502 [info] > git for-each-ref --sort -committerdate --format %(refname) %(objectname) %(*objectname) [3ms]
2025-02-22 22:02:06.515 [info] > git status -z -uall [24ms]
2025-02-22 22:02:11.549 [info] > git config --get commit.template [10ms]
2025-02-22 22:02:11.551 [info] > git for-each-ref --format=%(refname)%00%(upstream:short)%00%(objectname)%00%(upstream:track)%00%(upstream:remotename)%00%(upstream:remoteref) refs/heads/main refs/remotes/main [3ms]
2025-02-22 22:02:11.576 [info] > git for-each-ref --sort -committerdate --format %(refname) %(objectname) %(*objectname) [5ms]
2025-02-22 22:02:11.590 [info] > git status -z -uall [30ms]
2025-02-22 22:02:16.621 [info] > git config --get commit.template [9ms]
2025-02-22 22:02:16.623 [info] > git for-each-ref --format=%(refname)%00%(upstream:short)%00%(objectname)%00%(upstream:track)%00%(upstream:remotename)%00%(upstream:remoteref) refs/heads/main refs/remotes/main [2ms]
2025-02-22 22:02:16.641 [info] > git for-each-ref --sort -committerdate --format %(refname) %(objectname) %(*objectname) [2ms]
2025-02-22 22:02:16.654 [info] > git status -z -uall [23ms]
2025-02-22 22:03:04.007 [info] > git config --get commit.template [8ms]
2025-02-22 22:03:04.008 [info] > git for-each-ref --format=%(refname)%00%(upstream:short)%00%(objectname)%00%(upstream:track)%00%(upstream:remotename)%00%(upstream:remoteref) refs/heads/main refs/remotes/main [2ms]
2025-02-22 22:03:04.028 [info] > git for-each-ref --sort -committerdate --format %(refname) %(objectname) %(*objectname) [3ms]
2025-02-22 22:03:04.042 [info] > git status -z -uall [25ms]
2025-02-22 22:03:09.077 [info] > git config --get commit.template [9ms]
2025-02-22 22:03:09.078 [info] > git for-each-ref --format=%(refname)%00%(upstream:short)%00%(objectname)%00%(upstream:track)%00%(upstream:remotename)%00%(upstream:remoteref) refs/heads/main refs/remotes/main [3ms]
2025-02-22 22:03:09.097 [info] > git for-each-ref --sort -committerdate --format %(refname) %(objectname) %(*objectname) [2ms]
2025-02-22 22:03:09.111 [info] > git status -z -uall [23ms]
2025-02-22 22:03:14.143 [info] > git config --get commit.template [9ms]
2025-02-22 22:03:14.146 [info] > git for-each-ref --format=%(refname)%00%(upstream:short)%00%(objectname)%00%(upstream:track)%00%(upstream:remotename)%00%(upstream:remoteref) refs/heads/main refs/remotes/main [4ms]
2025-02-22 22:03:14.165 [info] > git for-each-ref --sort -committerdate --format %(refname) %(objectname) %(*objectname) [2ms]
2025-02-22 22:03:14.184 [info] > git status -z -uall [30ms]
2025-02-22 22:03:15.946 [info] > git check-ignore -v -z --stdin [1ms]
2025-02-22 22:03:23.041 [info] > git config --get commit.template [9ms]
2025-02-22 22:03:23.042 [info] > git for-each-ref --format=%(refname)%00%(upstream:short)%00%(objectname)%00%(upstream:track)%00%(upstream:remotename)%00%(upstream:remoteref) refs/heads/main refs/remotes/main [2ms]
2025-02-22 22:03:23.059 [info] > git for-each-ref --sort -committerdate --format %(refname) %(objectname) %(*objectname) [2ms]
2025-02-22 22:03:23.075 [info] > git status -z -uall [25ms]
2025-02-22 22:03:29.038 [info] > git config --get commit.template [8ms]
2025-02-22 22:03:29.039 [info] > git for-each-ref --format=%(refname)%00%(upstream:short)%00%(objectname)%00%(upstream:track)%00%(upstream:remotename)%00%(upstream:remoteref) refs/heads/main refs/remotes/main [2ms]
2025-02-22 22:03:29.056 [info] > git for-each-ref --sort -committerdate --format %(refname) %(objectname) %(*objectname) [2ms]
2025-02-22 22:03:29.075 [info] > git status -z -uall [28ms]
2025-02-22 22:03:34.349 [info] > git config --get commit.template [8ms]
2025-02-22 22:03:34.350 [info] > git for-each-ref --format=%(refname)%00%(upstream:short)%00%(objectname)%00%(upstream:track)%00%(upstream:remotename)%00%(upstream:remoteref) refs/heads/main refs/remotes/main [2ms]
2025-02-22 22:03:34.369 [info] > git for-each-ref --sort -committerdate --format %(refname) %(objectname) %(*objectname) [2ms]
2025-02-22 22:03:34.387 [info] > git status -z -uall [28ms]
2025-02-22 22:03:39.414 [info] > git config --get commit.template [8ms]
2025-02-22 22:03:39.416 [info] > git for-each-ref --format=%(refname)%00%(upstream:short)%00%(objectname)%00%(upstream:track)%00%(upstream:remotename)%00%(upstream:remoteref) refs/heads/main refs/remotes/main [1ms]
2025-02-22 22:03:39.432 [info] > git for-each-ref --sort -committerdate --format %(refname) %(objectname) %(*objectname) [2ms]
2025-02-22 22:03:39.448 [info] > git status -z -uall [25ms]
2025-02-22 22:04:04.895 [info] > git config --get commit.template [7ms]
2025-02-22 22:04:04.897 [info] > git for-each-ref --format=%(refname)%00%(upstream:short)%00%(objectname)%00%(upstream:track)%00%(upstream:remotename)%00%(upstream:remoteref) refs/heads/main refs/remotes/main [3ms]
2025-02-22 22:04:04.913 [info] > git for-each-ref --sort -committerdate --format %(refname) %(objectname) %(*objectname) [2ms]
2025-02-22 22:04:04.929 [info] > git status -z -uall [25ms]
2025-02-22 22:04:09.958 [info] > git config --get commit.template [9ms]
2025-02-22 22:04:09.960 [info] > git for-each-ref --format=%(refname)%00%(upstream:short)%00%(objectname)%00%(upstream:track)%00%(upstream:remotename)%00%(upstream:remoteref) refs/heads/main refs/remotes/main [3ms]
2025-02-22 22:04:09.979 [info] > git for-each-ref --sort -committerdate --format %(refname) %(objectname) %(*objectname) [3ms]
2025-02-22 22:04:09.994 [info] > git status -z -uall [25ms]
2025-02-22 22:04:15.028 [info] > git for-each-ref --format=%(refname)%00%(upstream:short)%00%(objectname)%00%(upstream:track)%00%(upstream:remotename)%00%(upstream:remoteref) refs/heads/main refs/remotes/main [3ms]
2025-02-22 22:04:15.028 [info] > git config --get commit.template [11ms]
2025-02-22 22:04:15.046 [info] > git for-each-ref --sort -committerdate --format %(refname) %(objectname) %(*objectname) [2ms]
2025-02-22 22:04:15.063 [info] > git status -z -uall [26ms]
2025-02-22 22:04:20.091 [info] > git config --get commit.template [8ms]
2025-02-22 22:04:20.093 [info] > git for-each-ref --format=%(refname)%00%(upstream:short)%00%(objectname)%00%(upstream:track)%00%(upstream:remotename)%00%(upstream:remoteref) refs/heads/main refs/remotes/main [2ms]
2025-02-22 22:04:20.113 [info] > git for-each-ref --sort -committerdate --format %(refname) %(objectname) %(*objectname) [2ms]
2025-02-22 22:04:20.128 [info] > git status -z -uall [27ms]
2025-02-22 22:07:24.261 [info] > git config --get commit.template [3ms]
2025-02-22 22:07:24.271 [info] > git for-each-ref --format=%(refname)%00%(upstream:short)%00%(objectname)%00%(upstream:track)%00%(upstream:remotename)%00%(upstream:remoteref) refs/heads/main refs/remotes/main [2ms]
2025-02-22 22:07:24.292 [info] > git for-each-ref --sort -committerdate --format %(refname) %(objectname) %(*objectname) [3ms]
2025-02-22 22:07:24.307 [info] > git status -z -uall [27ms]
2025-02-22 22:07:29.349 [info] > git config --get commit.template [8ms]
2025-02-22 22:07:29.351 [info] > git for-each-ref --format=%(refname)%00%(upstream:short)%00%(objectname)%00%(upstream:track)%00%(upstream:remotename)%00%(upstream:remoteref) refs/heads/main refs/remotes/main [2ms]
2025-02-22 22:07:29.369 [info] > git for-each-ref --sort -committerdate --format %(refname) %(objectname) %(*objectname) [3ms]
2025-02-22 22:07:29.384 [info] > git status -z -uall [25ms]
2025-02-22 22:07:34.416 [info] > git config --get commit.template [9ms]
2025-02-22 22:07:34.418 [info] > git for-each-ref --format=%(refname)%00%(upstream:short)%00%(objectname)%00%(upstream:track)%00%(upstream:remotename)%00%(upstream:remoteref) refs/heads/main refs/remotes/main [3ms]
2025-02-22 22:07:34.437 [info] > git for-each-ref --sort -committerdate --format %(refname) %(objectname) %(*objectname) [3ms]
2025-02-22 22:07:34.454 [info] > git status -z -uall [28ms]
2025-02-22 22:07:39.485 [info] > git config --get commit.template [9ms]
2025-02-22 22:07:39.486 [info] > git for-each-ref --format=%(refname)%00%(upstream:short)%00%(objectname)%00%(upstream:track)%00%(upstream:remotename)%00%(upstream:remoteref) refs/heads/main refs/remotes/main [2ms]
2025-02-22 22:07:39.506 [info] > git for-each-ref --sort -committerdate --format %(refname) %(objectname) %(*objectname) [2ms]
2025-02-22 22:07:39.521 [info] > git status -z -uall [26ms]
2025-02-22 22:07:44.549 [info] > git config --get commit.template [7ms]
2025-02-22 22:07:44.550 [info] > git for-each-ref --format=%(refname)%00%(upstream:short)%00%(objectname)%00%(upstream:track)%00%(upstream:remotename)%00%(upstream:remoteref) refs/heads/main refs/remotes/main [2ms]
2025-02-22 22:07:44.567 [info] > git for-each-ref --sort -committerdate --format %(refname) %(objectname) %(*objectname) [2ms]
2025-02-22 22:07:44.583 [info] > git status -z -uall [26ms]
2025-02-22 22:07:49.611 [info] > git config --get commit.template [8ms]
2025-02-22 22:07:49.612 [info] > git for-each-ref --format=%(refname)%00%(upstream:short)%00%(objectname)%00%(upstream:track)%00%(upstream:remotename)%00%(upstream:remoteref) refs/heads/main refs/remotes/main [2ms]
2025-02-22 22:07:49.631 [info] > git for-each-ref --sort -committerdate --format %(refname) %(objectname) %(*objectname) [2ms]
2025-02-22 22:07:49.646 [info] > git status -z -uall [26ms]
2025-02-22 22:07:54.673 [info] > git config --get commit.template [8ms]
2025-02-22 22:07:54.675 [info] > git for-each-ref --format=%(refname)%00%(upstream:short)%00%(objectname)%00%(upstream:track)%00%(upstream:remotename)%00%(upstream:remoteref) refs/heads/main refs/remotes/main [3ms]
2025-02-22 22:07:54.692 [info] > git for-each-ref --sort -committerdate --format %(refname) %(objectname) %(*objectname) [3ms]
2025-02-22 22:07:54.708 [info] > git status -z -uall [26ms]
2025-02-22 22:08:54.044 [info] > git config --get commit.template [8ms]
2025-02-22 22:08:54.046 [info] > git for-each-ref --format=%(refname)%00%(upstream:short)%00%(objectname)%00%(upstream:track)%00%(upstream:remotename)%00%(upstream:remoteref) refs/heads/main refs/remotes/main [3ms]
2025-02-22 22:08:54.063 [info] > git for-each-ref --sort -committerdate --format %(refname) %(objectname) %(*objectname) [3ms]
2025-02-22 22:08:54.079 [info] > git status -z -uall [26ms]
