2025-01-30 00:35:56.232 [info] Extension host with pid 1862 started
2025-01-30 00:35:56.232 [error] Error: EEXIST: file already exists, open '/home/jerushastewa2022/.codeoss/data/User/workspaceStorage/-3d70c82b/vscode.lock'
2025-01-30 00:35:56.248 [info] Lock '/home/jerushastewa2022/.codeoss/data/User/workspaceStorage/-3d70c82b/vscode.lock': Could not acquire lock, checking if the file is stale.
2025-01-30 00:35:56.330 [info] ExtensionService#_doActivateExtension google.geminicodeassist, startup: false, activationEvent: 'onLanguage:Log', root cause: googlecloudtools.cloudcode
2025-01-30 00:35:56.332 [info] ExtensionService#_doActivateExtension vscode.emmet, startup: false, activationEvent: 'onLanguage'
2025-01-30 00:35:56.333 [info] ExtensionService#_doActivateExtension vscode.configuration-editing, startup: false, activationEvent: 'onLanguage:jsonc'
2025-01-30 00:35:56.333 [info] ExtensionService#_doActivateExtension vscode.json-language-features, startup: false, activationEvent: 'onLanguage:jsonc'
2025-01-30 00:35:56.334 [info] ExtensionService#_doActivateExtension vscode.typescript-language-features, startup: false, activationEvent: 'onLanguage:jsonc'
2025-01-30 00:35:57.904 [info] ExtensionService#_doActivateExtension vscode.git-base, startup: true, activationEvent: '*', root cause: vscode.git
2025-01-30 00:35:57.914 [info] ExtensionService#_doActivateExtension ms-python.python, startup: true, activationEvent: 'workspaceContains:requirements.txt'
2025-01-30 00:35:58.261 [info] Lock '/home/jerushastewa2022/.codeoss/data/User/workspaceStorage/-3d70c82b/vscode.lock': The lock does not look stale, elapsed: 163 ms, giving up.
2025-01-30 00:35:58.269 [info] Lock '/home/jerushastewa2022/.codeoss/data/User/workspaceStorage/-3d70c82b-1/vscode.lock': Lock acquired.
2025-01-30 00:35:58.434 [info] ExtensionService#_doActivateExtension vscode.git, startup: true, activationEvent: '*'
2025-01-30 00:35:58.435 [info] ExtensionService#_doActivateExtension vscode.github, startup: true, activationEvent: '*'
2025-01-30 00:35:58.596 [error] Error: spawn /google/devshell/editor/code-oss-for-cloud-shell/extensions/ms-python.python/python-env-tools/bin/pet ENOENT
	at ChildProcess._handle.onexit (node:internal/child_process:286:19)
	at onErrorNT (node:internal/child_process:484:16)
	at process.processTicksAndRejections (node:internal/process/task_queues:82:21)
2025-01-30 00:35:58.688 [info] ExtensionService#_doActivateExtension google.cloud-shell, startup: false, activationEvent: 'onCommand:cloudshell.isAuthorized'
2025-01-30 00:35:58.781 [info] ExtensionService#_doActivateExtension redhat.fabric8-analytics, startup: true, activationEvent: 'workspaceContains:**/package.json,**/pom.xml,**/go.mod,**/requirements.txt,**/build.gradle,**/Dockerfile,**/Containerfile'
2025-01-30 00:35:59.130 [info] Eager extensions activated
2025-01-30 00:35:59.130 [info] ExtensionService#_doActivateExtension EditorConfig.EditorConfig, startup: false, activationEvent: 'onStartupFinished'
2025-01-30 00:35:59.131 [info] ExtensionService#_doActivateExtension vscode.debug-auto-launch, startup: false, activationEvent: 'onStartupFinished'
2025-01-30 00:35:59.131 [info] ExtensionService#_doActivateExtension vscode.merge-conflict, startup: false, activationEvent: 'onStartupFinished'
2025-01-30 00:35:59.700 [info] ExtensionService#_doActivateExtension googlecloudtools.cloudcode, startup: false, activationEvent: 'onLanguage:Log'
2025-01-30 00:36:03.923 [warning] [Decorations] CAPPING events from decorations provider vscode.git 832
2025-01-30 00:36:04.890 [warning] [Decorations] CAPPING events from decorations provider vscode.git 834
2025-01-30 00:36:14.341 [warning] [Decorations] CAPPING events from decorations provider vscode.git 836
2025-01-30 00:36:19.538 [warning] [Decorations] CAPPING events from decorations provider vscode.git 841
2025-01-30 00:38:47.225 [warning] [Decorations] CAPPING events from decorations provider vscode.git 843
2025-01-30 00:38:52.294 [warning] [Decorations] CAPPING events from decorations provider vscode.git 843
2025-01-30 01:12:20.870 [warning] [Decorations] CAPPING events from decorations provider vscode.git 843
2025-01-30 01:17:26.327 [warning] [Decorations] CAPPING events from decorations provider vscode.git 842
2025-01-30 01:17:31.401 [warning] [Decorations] CAPPING events from decorations provider vscode.git 842
2025-01-30 01:31:54.510 [warning] [Decorations] CAPPING events from decorations provider vscode.git 844
2025-01-30 01:31:59.571 [warning] [Decorations] CAPPING events from decorations provider vscode.git 845
2025-01-30 01:32:04.633 [warning] [Decorations] CAPPING events from decorations provider vscode.git 845
2025-01-30 01:32:10.431 [warning] [Decorations] CAPPING events from decorations provider vscode.git 849
2025-01-30 01:32:15.489 [warning] [Decorations] CAPPING events from decorations provider vscode.git 849
2025-01-30 01:33:33.894 [warning] [Decorations] CAPPING events from decorations provider vscode.git 849
2025-01-30 01:33:38.962 [warning] [Decorations] CAPPING events from decorations provider vscode.git 849
2025-01-30 01:33:39.425 [info] ExtensionService#_doActivateExtension vscode.debug-server-ready, startup: false, activationEvent: 'onDebugResolve'
2025-01-30 01:33:44.019 [warning] [Decorations] CAPPING events from decorations provider vscode.git 849
2025-01-30 01:33:49.078 [warning] [Decorations] CAPPING events from decorations provider vscode.git 849
2025-01-30 01:33:54.133 [warning] [Decorations] CAPPING events from decorations provider vscode.git 849
2025-01-30 01:34:00.518 [warning] [Decorations] CAPPING events from decorations provider vscode.git 849
2025-01-30 01:34:05.588 [warning] [Decorations] CAPPING events from decorations provider vscode.git 849
2025-01-30 01:34:10.646 [warning] [Decorations] CAPPING events from decorations provider vscode.git 849
2025-01-30 01:34:15.703 [warning] [Decorations] CAPPING events from decorations provider vscode.git 849
2025-01-30 01:45:29.208 [warning] [Decorations] CAPPING events from decorations provider vscode.git 849
2025-01-30 01:45:34.302 [warning] [Decorations] CAPPING events from decorations provider vscode.git 849
2025-01-30 01:46:02.629 [warning] [Decorations] CAPPING events from decorations provider vscode.git 849
