0 verbose cli /usr/local/nvm/versions/node/v22.14.0/bin/node /usr/local/nvm/versions/node/v22.14.0/bin/npm
0 verbose cli /usr/local/nvm/versions/node/v22.14.0/bin/node /usr/local/nvm/versions/node/v22.14.0/bin/npm
1 info using npm@11.1.0
1 info using npm@11.1.0
2 info using node@v22.14.0
3 silly config load:file:/usr/local/nvm/versions/node/v22.14.0/lib/node_modules/npm/npmrc
2 info using node@v22.14.0
4 silly config load:file:/google/devshell/editor/code-oss-for-cloud-shell/.npmrc
3 silly config load:file:/usr/local/nvm/versions/node/v22.14.0/lib/node_modules/npm/npmrc
4 silly config load:file:/home/jerushastewa2022/.npmrc
5 silly config load:file:/home/jerushastewa2022/.npmrc
5 silly config load:file:/usr/local/nvm/versions/node/v22.14.0/etc/npmrc
6 silly config load:file:/usr/local/nvm/versions/node/v22.14.0/etc/npmrc
6 verbose title npm config get prefix
7 verbose title npm config get prefix
7 verbose argv "config" "--loglevel" "warn" "get" "prefix"
8 verbose logfile logs-max:10 dir:/home/jerushastewa2022/.npm/_logs/2025-02-23T00_11_56_085Z-
8 verbose argv "config" "--loglevel" "warn" "get" "prefix"
9 verbose logfile logs-max:10 dir:/home/jerushastewa2022/.npm/_logs/2025-02-23T00_11_56_085Z-
9 verbose logfile /home/jerushastewa2022/.npm/_logs/2025-02-23T00_11_56_085Z-debug-0.log
10 verbose logfile /home/jerushastewa2022/.npm/_logs/2025-02-23T00_11_56_085Z-debug-0.log
11 silly logfile start cleaning logs, removing 34 files
10 silly logfile start cleaning logs, removing 34 files
11 verbose cwd /home/jerushastewa2022
12 verbose os Linux 6.6.72+
13 verbose node v22.14.0
14 verbose npm  v11.1.0
15 verbose exit 0
16 info ok
12 verbose cwd /google/devshell/editor/code-oss-for-cloud-shell
13 verbose os Linux 6.6.72+
14 verbose node v22.14.0
15 verbose npm  v11.1.0
16 verbose exit 0
17 info ok
