2025-01-29 21:37:03.023 [warning] Dir "/home/jerushastewa2022/.pixi/envs" is not watchable (directory does not exist)
2025-01-29 21:37:03.023 [info] Starting Environment refresh
2025-01-29 21:37:03.024 [info] Searching for interpreters in posix paths locator
2025-01-29 21:37:03.024 [info] Searching for pyenv environments
2025-01-29 21:37:03.024 [info] Searching for conda environments
2025-01-29 21:37:03.024 [info] Searching for global virtual environments
2025-01-29 21:37:03.024 [info] Searching for custom virtual environments
2025-01-29 21:37:03.024 [info] pyenv is not installed
2025-01-29 21:37:03.025 [info] Finished searching for pyenv environments: 21 milliseconds
2025-01-29 21:37:03.025 [info] Finished searching for custom virtual envs: 20 milliseconds
2025-01-29 21:37:03.025 [info] > conda info --json
2025-01-29 21:37:03.025 [info] > hatch env show --json
2025-01-29 21:37:03.025 [info] cwd: .
2025-01-29 21:37:03.025 [info] > pyenv which python
2025-01-29 21:37:03.025 [info] cwd: .
2025-01-29 21:37:03.025 [info] Finished searching for global virtual envs: 55 milliseconds
2025-01-29 21:37:03.027 [info] Found: /bin/python --> /bin/python3.12
2025-01-29 21:37:03.029 [info] Found: /bin/python3 --> /bin/python3.12
2025-01-29 21:37:03.029 [info] Found: /bin/python3.12 --> /bin/python3.12
2025-01-29 21:37:03.051 [info] Found: /usr/bin/python --> /usr/bin/python3.12
2025-01-29 21:37:03.051 [info] Found: /usr/bin/python3 --> /usr/bin/python3.12
2025-01-29 21:37:03.052 [info] Found: /usr/bin/python3.12 --> /usr/bin/python3.12
2025-01-29 21:37:03.111 [info] Finished searching for interpreters in posix paths locator: 154 milliseconds
2025-01-29 21:37:03.111 [info] > /bin/python -I /google/devshell/editor/code-oss-for-cloud-shell/extensions/ms-python.python/python_files/get_output_via_markers.py /google/devshell/editor/code-oss-for-cloud-shell/extensions/ms-python.python/python_files/interpreterInfo.py
2025-01-29 21:37:03.166 [info] > /usr/bin/python -I /google/devshell/editor/code-oss-for-cloud-shell/extensions/ms-python.python/python_files/get_output_via_markers.py /google/devshell/editor/code-oss-for-cloud-shell/extensions/ms-python.python/python_files/interpreterInfo.py
2025-01-29 21:37:03.166 [info] Environments refresh paths discovered (event): 219 milliseconds
2025-01-29 21:37:03.166 [info] Environments refresh paths discovered: 219 milliseconds
2025-01-29 21:37:03.241 [info] Environments refresh finished (event): 294 milliseconds
2025-01-29 21:37:03.254 [info] Environment refresh took 307 milliseconds
2025-01-29 21:37:03.260 [info] Python interpreter path: /bin/python
2025-01-29 21:37:06.528 [info] Starting Jedi language server for jerushastewa2022.
