2025-02-22 22:00:12.669 [info] Extension host with pid 1218 started
2025-02-22 22:00:12.669 [error] Error: EEXIST: file already exists, open '/home/jerushastewa2022/.codeoss/data/User/workspaceStorage/-1baf962c/vscode.lock'
2025-02-22 22:00:12.683 [info] Lock '/home/jerushastewa2022/.codeoss/data/User/workspaceStorage/-1baf962c/vscode.lock': Could not acquire lock, checking if the file is stale.
2025-02-22 22:00:12.687 [info] Lock '/home/jerushastewa2022/.codeoss/data/User/workspaceStorage/-1baf962c/vscode.lock': The pid 1230 appears to be gone.
2025-02-22 22:00:12.688 [info] Lock '/home/jerushastewa2022/.codeoss/data/User/workspaceStorage/-1baf962c/vscode.lock': Deleting a stale lock.
2025-02-22 22:00:12.698 [info] Lock '/home/jerushastewa2022/.codeoss/data/User/workspaceStorage/-1baf962c/vscode.lock': Lock acquired.
2025-02-22 22:00:12.798 [info] ExtensionService#_doActivateExtension vscode.emmet, startup: false, activationEvent: 'onLanguage'
2025-02-22 22:00:12.800 [info] ExtensionService#_doActivateExtension ms-python.python, startup: false, activationEvent: 'onLanguage:python'
2025-02-22 22:00:13.245 [info] ExtensionService#_doActivateExtension google.cloud-shell, startup: false, activationEvent: 'onTerminalProfile:cloudshell.default'
2025-02-22 22:00:13.366 [error] Error: spawn /google/devshell/editor/code-oss-for-cloud-shell/extensions/ms-python.python/python-env-tools/bin/pet ENOENT
	at ChildProcess._handle.onexit (node:internal/child_process:286:19)
	at onErrorNT (node:internal/child_process:484:16)
	at process.processTicksAndRejections (node:internal/process/task_queues:82:21)
2025-02-22 22:00:13.493 [info] ExtensionService#_doActivateExtension vscode.git-base, startup: true, activationEvent: '*', root cause: vscode.git
2025-02-22 22:00:13.508 [info] ExtensionService#_doActivateExtension vscode.configuration-editing, startup: false, activationEvent: 'onLanguage:jsonc'
2025-02-22 22:00:13.509 [info] ExtensionService#_doActivateExtension vscode.json-language-features, startup: false, activationEvent: 'onLanguage:jsonc'
2025-02-22 22:00:13.509 [info] ExtensionService#_doActivateExtension vscode.typescript-language-features, startup: false, activationEvent: 'onLanguage:jsonc'
2025-02-22 22:00:13.738 [info] ExtensionService#_doActivateExtension vscode.git, startup: true, activationEvent: '*'
2025-02-22 22:00:13.738 [info] ExtensionService#_doActivateExtension vscode.github, startup: true, activationEvent: '*'
2025-02-22 22:00:14.058 [info] ExtensionService#_doActivateExtension redhat.fabric8-analytics, startup: true, activationEvent: 'workspaceContains:**/package.json,**/pom.xml,**/go.mod,**/requirements.txt,**/build.gradle,**/Dockerfile,**/Containerfile'
2025-02-22 22:00:14.555 [info] Eager extensions activated
2025-02-22 22:00:14.555 [info] ExtensionService#_doActivateExtension EditorConfig.EditorConfig, startup: false, activationEvent: 'onStartupFinished'
2025-02-22 22:00:14.556 [info] ExtensionService#_doActivateExtension google.geminicodeassist, startup: false, activationEvent: 'onStartupFinished', root cause: googlecloudtools.cloudcode
2025-02-22 22:00:14.557 [info] ExtensionService#_doActivateExtension vscode.debug-auto-launch, startup: false, activationEvent: 'onStartupFinished'
2025-02-22 22:00:14.557 [info] ExtensionService#_doActivateExtension vscode.merge-conflict, startup: false, activationEvent: 'onStartupFinished'
2025-02-22 22:00:16.690 [info] ExtensionService#_doActivateExtension googlecloudtools.cloudcode, startup: false, activationEvent: 'onStartupFinished'
2025-02-22 22:00:19.845 [warning] [Decorations] CAPPING events from decorations provider vscode.git 985
2025-02-22 22:00:20.162 [info] ExtensionService#_doActivateExtension vscode.github-authentication, startup: false, activationEvent: 'onAuthenticationRequest:github'
2025-02-22 22:00:20.378 [warning] [Decorations] CAPPING events from decorations provider vscode.git 986
2025-02-22 22:00:22.922 [warning] [Decorations] CAPPING events from decorations provider vscode.git 988
2025-02-22 22:00:27.984 [warning] [Decorations] CAPPING events from decorations provider vscode.git 988
2025-02-22 22:00:33.061 [warning] [Decorations] CAPPING events from decorations provider vscode.git 988
2025-02-22 22:00:38.131 [warning] [Decorations] CAPPING events from decorations provider vscode.git 988
2025-02-22 22:00:43.196 [warning] [Decorations] CAPPING events from decorations provider vscode.git 988
2025-02-22 22:01:06.437 [warning] [Decorations] CAPPING events from decorations provider vscode.git 988
2025-02-22 22:01:12.216 [warning] [Decorations] CAPPING events from decorations provider vscode.git 988
2025-02-22 22:01:25.576 [warning] [Decorations] CAPPING events from decorations provider vscode.git 988
2025-02-22 22:01:46.258 [warning] [Decorations] CAPPING events from decorations provider vscode.git 988
2025-02-22 22:01:51.329 [warning] [Decorations] CAPPING events from decorations provider vscode.git 988
2025-02-22 22:01:56.395 [warning] [Decorations] CAPPING events from decorations provider vscode.git 990
2025-02-22 22:02:01.459 [warning] [Decorations] CAPPING events from decorations provider vscode.git 990
2025-02-22 22:02:06.524 [warning] [Decorations] CAPPING events from decorations provider vscode.git 990
2025-02-22 22:02:11.600 [warning] [Decorations] CAPPING events from decorations provider vscode.git 991
2025-02-22 22:02:16.663 [warning] [Decorations] CAPPING events from decorations provider vscode.git 991
2025-02-22 22:02:18.563 [info] ExtensionService#_doActivateExtension vscode.simple-browser, startup: false, activationEvent: 'onOpenExternalUri:https'
2025-02-22 22:03:04.056 [warning] [Decorations] CAPPING events from decorations provider vscode.git 991
2025-02-22 22:03:09.124 [warning] [Decorations] CAPPING events from decorations provider vscode.git 996
2025-02-22 22:03:14.200 [warning] [Decorations] CAPPING events from decorations provider vscode.git 999
2025-02-22 22:03:23.083 [warning] [Decorations] CAPPING events from decorations provider vscode.git 1004
2025-02-22 22:03:29.083 [warning] [Decorations] CAPPING events from decorations provider vscode.git 1009
2025-02-22 22:03:34.395 [warning] [Decorations] CAPPING events from decorations provider vscode.git 1009
2025-02-22 22:03:39.457 [warning] [Decorations] CAPPING events from decorations provider vscode.git 1009
2025-02-22 22:04:04.938 [warning] [Decorations] CAPPING events from decorations provider vscode.git 1010
2025-02-22 22:04:10.006 [warning] [Decorations] CAPPING events from decorations provider vscode.git 1010
2025-02-22 22:04:15.071 [warning] [Decorations] CAPPING events from decorations provider vscode.git 1010
2025-02-22 22:04:20.137 [warning] [Decorations] CAPPING events from decorations provider vscode.git 1010
2025-02-22 22:07:24.327 [warning] [Decorations] CAPPING events from decorations provider vscode.git 1010
2025-02-22 22:07:29.396 [warning] [Decorations] CAPPING events from decorations provider vscode.git 1010
2025-02-22 22:07:34.464 [warning] [Decorations] CAPPING events from decorations provider vscode.git 1010
2025-02-22 22:07:39.529 [warning] [Decorations] CAPPING events from decorations provider vscode.git 1010
2025-02-22 22:07:44.591 [warning] [Decorations] CAPPING events from decorations provider vscode.git 1010
2025-02-22 22:07:49.654 [warning] [Decorations] CAPPING events from decorations provider vscode.git 1010
2025-02-22 22:07:54.718 [warning] [Decorations] CAPPING events from decorations provider vscode.git 1010
2025-02-22 22:08:54.088 [warning] [Decorations] CAPPING events from decorations provider vscode.git 1010
