2025-02-24 01:01:48.474 [info] [main] Log level: Info
2025-02-24 01:01:48.474 [info] [main] Validating found git in: "git"
2025-02-24 01:01:48.474 [info] [main] Using git "2.43.0" from "git"
2025-02-24 01:01:48.474 [info] [Model][doInitialScan] Initial repository scan started
2025-02-24 01:01:48.500 [info] > git rev-parse --show-toplevel [28ms]
2025-02-24 01:01:48.506 [info] > git rev-parse --git-dir --git-common-dir [2ms]
2025-02-24 01:01:48.522 [info] [Model][openRepository] Opened repository: /home/jerushastewa2022
2025-02-24 01:01:48.545 [info] > git config --get commit.template [15ms]
2025-02-24 01:01:48.546 [info] > git rev-parse --show-toplevel [13ms]
2025-02-24 01:01:48.556 [info] > git rev-parse --show-toplevel [2ms]
2025-02-24 01:01:48.561 [info] > git rev-parse --show-toplevel [2ms]
2025-02-24 01:01:48.566 [info] > git rev-parse --show-toplevel [1ms]
2025-02-24 01:01:48.571 [info] > git rev-parse --show-toplevel [2ms]
2025-02-24 01:01:48.576 [info] > git rev-parse --show-toplevel [1ms]
2025-02-24 01:01:48.583 [info] > git rev-parse --show-toplevel [3ms]
2025-02-24 01:01:48.589 [info] > git rev-parse --show-toplevel [2ms]
2025-02-24 01:01:48.593 [info] > git rev-parse --show-toplevel [1ms]
2025-02-24 01:01:48.602 [info] > git rev-parse --show-toplevel [3ms]
2025-02-24 01:01:48.607 [info] > git for-each-ref --format=%(refname)%00%(upstream:short)%00%(objectname)%00%(upstream:track)%00%(upstream:remotename)%00%(upstream:remoteref) refs/heads/main refs/remotes/main [57ms]
2025-02-24 01:01:48.609 [info] > git rev-parse --show-toplevel [3ms]
2025-02-24 01:01:48.625 [info] > git rev-parse --show-toplevel [12ms]
2025-02-24 01:01:48.626 [info] [Model][doInitialScan] Initial repository scan completed - repositories (1), closed repositories (0), parent repositories (0), unsafe repositories (0)
2025-02-24 01:01:48.627 [info] > git for-each-ref --sort -committerdate --format %(refname) %(objectname) %(*objectname) [3ms]
2025-02-24 01:01:48.750 [info] > git status -z -uall [131ms]
2025-02-24 01:01:48.771 [info] > git for-each-ref --format=%(refname)%00%(upstream:short)%00%(objectname)%00%(upstream:track)%00%(upstream:remotename)%00%(upstream:remoteref) refs/heads/main refs/remotes/main [8ms]
2025-02-24 01:01:48.777 [info] > git config --get commit.template [6ms]
2025-02-24 01:01:48.777 [info] > git config --local branch.main.vscode-merge-base [2ms]
2025-02-24 01:01:48.777 [warning] [Git][config] git config failed: Failed to execute git
2025-02-24 01:01:48.787 [info] > git for-each-ref --format=%(refname)%00%(upstream:short)%00%(objectname)%00%(upstream:track)%00%(upstream:remotename)%00%(upstream:remoteref) refs/heads/main refs/remotes/main [3ms]
2025-02-24 01:01:48.797 [info] > git for-each-ref --sort -committerdate --format %(refname) %(objectname) %(*objectname) [2ms]
2025-02-24 01:01:48.920 [info] > git status -z -uall [130ms]
2025-02-24 01:01:48.921 [info] > git reflog main --grep-reflog=branch: Created from *. [140ms]
2025-02-24 01:01:48.934 [info] > git for-each-ref --format=%(refname)%00%(upstream:short)%00%(objectname)%00%(upstream:track)%00%(upstream:remotename)%00%(upstream:remoteref) refs/heads/main refs/remotes/main [2ms]
2025-02-24 01:01:48.938 [info] > git symbolic-ref --short refs/remotes/origin/HEAD [13ms]
2025-02-24 01:01:48.938 [info] fatal: ref refs/remotes/origin/HEAD is not a symbolic ref
2025-02-24 01:01:48.938 [warning] [Repository][getDefaultBranch] Failed to get default branch details: Failed to execute git.
2025-02-24 01:01:48.943 [info] > git config --local branch.main.vscode-merge-base [6ms]
2025-02-24 01:01:48.943 [warning] [Git][config] git config failed: Failed to execute git
2025-02-24 01:01:48.947 [info] > git merge-base refs/heads/main refs/remotes/GoogleProject1/main [5ms]
2025-02-24 01:01:48.951 [info] > git reflog main --grep-reflog=branch: Created from *. [5ms]
2025-02-24 01:01:48.954 [info] > git diff --name-status -z --diff-filter=ADMR 3e1fd500caa78bedd0134386c9b56c316b671a83...refs/remotes/GoogleProject1/main [4ms]
2025-02-24 01:01:48.955 [info] > git symbolic-ref --short refs/remotes/origin/HEAD [2ms]
2025-02-24 01:01:48.956 [info] fatal: ref refs/remotes/origin/HEAD is not a symbolic ref
2025-02-24 01:01:48.956 [warning] [Repository][getDefaultBranch] Failed to get default branch details: Failed to execute git.
2025-02-24 01:01:49.051 [info] > git check-ignore -v -z --stdin [2ms]
2025-02-24 01:01:56.088 [info] > git ls-files --stage -- /home/jerushastewa2022/main.py [10ms]
2025-02-24 01:01:56.105 [info] > git cat-file -s 92f3f0bb713e8b2b3647aefbf475263817a4aaa6 [11ms]
2025-02-24 01:01:56.106 [info] > git show --textconv :main.py [34ms]
2025-02-24 01:10:01.220 [info] > git check-ignore -v -z --stdin [3ms]
2025-02-24 01:11:28.309 [info] > git config --get commit.template [9ms]
2025-02-24 01:11:28.310 [info] > git for-each-ref --format=%(refname)%00%(upstream:short)%00%(objectname)%00%(upstream:track)%00%(upstream:remotename)%00%(upstream:remoteref) refs/heads/main refs/remotes/main [2ms]
2025-02-24 01:11:28.330 [info] > git for-each-ref --sort -committerdate --format %(refname) %(objectname) %(*objectname) [2ms]
2025-02-24 01:11:28.346 [info] > git status -z -uall [28ms]
2025-02-24 01:11:33.371 [info] > git config --get commit.template [8ms]
2025-02-24 01:11:33.371 [info] > git for-each-ref --format=%(refname)%00%(upstream:short)%00%(objectname)%00%(upstream:track)%00%(upstream:remotename)%00%(upstream:remoteref) refs/heads/main refs/remotes/main [2ms]
2025-02-24 01:11:33.389 [info] > git for-each-ref --sort -committerdate --format %(refname) %(objectname) %(*objectname) [2ms]
2025-02-24 01:11:33.404 [info] > git status -z -uall [25ms]
2025-02-24 01:11:38.424 [info] > git config --get commit.template [8ms]
2025-02-24 01:11:38.426 [info] > git for-each-ref --format=%(refname)%00%(upstream:short)%00%(objectname)%00%(upstream:track)%00%(upstream:remotename)%00%(upstream:remoteref) refs/heads/main refs/remotes/main [2ms]
2025-02-24 01:11:38.444 [info] > git for-each-ref --sort -committerdate --format %(refname) %(objectname) %(*objectname) [3ms]
2025-02-24 01:11:38.459 [info] > git status -z -uall [26ms]
2025-02-24 01:11:43.476 [info] > git config --get commit.template [3ms]
2025-02-24 01:11:43.488 [info] > git for-each-ref --format=%(refname)%00%(upstream:short)%00%(objectname)%00%(upstream:track)%00%(upstream:remotename)%00%(upstream:remoteref) refs/heads/main refs/remotes/main [3ms]
2025-02-24 01:11:43.512 [info] > git for-each-ref --sort -committerdate --format %(refname) %(objectname) %(*objectname) [1ms]
2025-02-24 01:11:43.528 [info] > git status -z -uall [30ms]
2025-02-24 01:11:48.548 [info] > git config --get commit.template [8ms]
2025-02-24 01:11:48.549 [info] > git for-each-ref --format=%(refname)%00%(upstream:short)%00%(objectname)%00%(upstream:track)%00%(upstream:remotename)%00%(upstream:remoteref) refs/heads/main refs/remotes/main [2ms]
2025-02-24 01:11:48.569 [info] > git for-each-ref --sort -committerdate --format %(refname) %(objectname) %(*objectname) [2ms]
2025-02-24 01:11:48.584 [info] > git status -z -uall [26ms]
2025-02-24 01:11:53.605 [info] > git config --get commit.template [7ms]
2025-02-24 01:11:53.606 [info] > git for-each-ref --format=%(refname)%00%(upstream:short)%00%(objectname)%00%(upstream:track)%00%(upstream:remotename)%00%(upstream:remoteref) refs/heads/main refs/remotes/main [2ms]
2025-02-24 01:11:53.626 [info] > git for-each-ref --sort -committerdate --format %(refname) %(objectname) %(*objectname) [2ms]
2025-02-24 01:11:53.640 [info] > git status -z -uall [26ms]
2025-02-24 01:11:58.659 [info] > git config --get commit.template [8ms]
2025-02-24 01:11:58.661 [info] > git for-each-ref --format=%(refname)%00%(upstream:short)%00%(objectname)%00%(upstream:track)%00%(upstream:remotename)%00%(upstream:remoteref) refs/heads/main refs/remotes/main [3ms]
2025-02-24 01:11:58.678 [info] > git for-each-ref --sort -committerdate --format %(refname) %(objectname) %(*objectname) [2ms]
2025-02-24 01:11:58.695 [info] > git status -z -uall [26ms]
2025-02-24 01:12:03.715 [info] > git config --get commit.template [8ms]
2025-02-24 01:12:03.717 [info] > git for-each-ref --format=%(refname)%00%(upstream:short)%00%(objectname)%00%(upstream:track)%00%(upstream:remotename)%00%(upstream:remoteref) refs/heads/main refs/remotes/main [1ms]
2025-02-24 01:12:03.736 [info] > git for-each-ref --sort -committerdate --format %(refname) %(objectname) %(*objectname) [2ms]
2025-02-24 01:12:03.752 [info] > git status -z -uall [26ms]
2025-02-24 01:12:08.774 [info] > git config --get commit.template [10ms]
2025-02-24 01:12:08.776 [info] > git for-each-ref --format=%(refname)%00%(upstream:short)%00%(objectname)%00%(upstream:track)%00%(upstream:remotename)%00%(upstream:remoteref) refs/heads/main refs/remotes/main [2ms]
2025-02-24 01:12:08.795 [info] > git for-each-ref --sort -committerdate --format %(refname) %(objectname) %(*objectname) [3ms]
2025-02-24 01:12:08.809 [info] > git status -z -uall [26ms]
2025-02-24 01:12:13.830 [info] > git config --get commit.template [8ms]
2025-02-24 01:12:13.832 [info] > git for-each-ref --format=%(refname)%00%(upstream:short)%00%(objectname)%00%(upstream:track)%00%(upstream:remotename)%00%(upstream:remoteref) refs/heads/main refs/remotes/main [2ms]
2025-02-24 01:12:13.853 [info] > git for-each-ref --sort -committerdate --format %(refname) %(objectname) %(*objectname) [3ms]
2025-02-24 01:12:13.866 [info] > git status -z -uall [26ms]
2025-02-24 01:12:18.887 [info] > git config --get commit.template [9ms]
2025-02-24 01:12:18.888 [info] > git for-each-ref --format=%(refname)%00%(upstream:short)%00%(objectname)%00%(upstream:track)%00%(upstream:remotename)%00%(upstream:remoteref) refs/heads/main refs/remotes/main [2ms]
2025-02-24 01:12:18.906 [info] > git for-each-ref --sort -committerdate --format %(refname) %(objectname) %(*objectname) [2ms]
2025-02-24 01:12:18.921 [info] > git status -z -uall [25ms]
2025-02-24 01:12:23.942 [info] > git config --get commit.template [8ms]
2025-02-24 01:12:23.943 [info] > git for-each-ref --format=%(refname)%00%(upstream:short)%00%(objectname)%00%(upstream:track)%00%(upstream:remotename)%00%(upstream:remoteref) refs/heads/main refs/remotes/main [2ms]
2025-02-24 01:12:23.961 [info] > git for-each-ref --sort -committerdate --format %(refname) %(objectname) %(*objectname) [2ms]
2025-02-24 01:12:23.977 [info] > git status -z -uall [25ms]
2025-02-24 01:12:28.999 [info] > git for-each-ref --format=%(refname)%00%(upstream:short)%00%(objectname)%00%(upstream:track)%00%(upstream:remotename)%00%(upstream:remoteref) refs/heads/main refs/remotes/main [3ms]
2025-02-24 01:12:28.999 [info] > git config --get commit.template [11ms]
2025-02-24 01:12:29.018 [info] > git for-each-ref --sort -committerdate --format %(refname) %(objectname) %(*objectname) [3ms]
2025-02-24 01:12:29.033 [info] > git status -z -uall [25ms]
2025-02-24 01:12:34.053 [info] > git config --get commit.template [8ms]
2025-02-24 01:12:34.054 [info] > git for-each-ref --format=%(refname)%00%(upstream:short)%00%(objectname)%00%(upstream:track)%00%(upstream:remotename)%00%(upstream:remoteref) refs/heads/main refs/remotes/main [2ms]
2025-02-24 01:12:34.073 [info] > git for-each-ref --sort -committerdate --format %(refname) %(objectname) %(*objectname) [3ms]
2025-02-24 01:12:34.088 [info] > git status -z -uall [26ms]
2025-02-24 01:12:39.107 [info] > git config --get commit.template [9ms]
2025-02-24 01:12:39.109 [info] > git for-each-ref --format=%(refname)%00%(upstream:short)%00%(objectname)%00%(upstream:track)%00%(upstream:remotename)%00%(upstream:remoteref) refs/heads/main refs/remotes/main [1ms]
2025-02-24 01:12:39.126 [info] > git for-each-ref --sort -committerdate --format %(refname) %(objectname) %(*objectname) [2ms]
2025-02-24 01:12:39.141 [info] > git status -z -uall [25ms]
2025-02-24 01:12:44.162 [info] > git config --get commit.template [8ms]
2025-02-24 01:12:44.163 [info] > git for-each-ref --format=%(refname)%00%(upstream:short)%00%(objectname)%00%(upstream:track)%00%(upstream:remotename)%00%(upstream:remoteref) refs/heads/main refs/remotes/main [2ms]
2025-02-24 01:12:44.182 [info] > git for-each-ref --sort -committerdate --format %(refname) %(objectname) %(*objectname) [3ms]
2025-02-24 01:12:44.199 [info] > git status -z -uall [28ms]
2025-02-24 01:12:49.220 [info] > git config --get commit.template [9ms]
2025-02-24 01:12:49.221 [info] > git for-each-ref --format=%(refname)%00%(upstream:short)%00%(objectname)%00%(upstream:track)%00%(upstream:remotename)%00%(upstream:remoteref) refs/heads/main refs/remotes/main [2ms]
2025-02-24 01:12:49.240 [info] > git for-each-ref --sort -committerdate --format %(refname) %(objectname) %(*objectname) [2ms]
2025-02-24 01:12:49.256 [info] > git status -z -uall [27ms]
2025-02-24 01:12:54.274 [info] > git config --get commit.template [8ms]
2025-02-24 01:12:54.276 [info] > git for-each-ref --format=%(refname)%00%(upstream:short)%00%(objectname)%00%(upstream:track)%00%(upstream:remotename)%00%(upstream:remoteref) refs/heads/main refs/remotes/main [2ms]
2025-02-24 01:12:54.296 [info] > git for-each-ref --sort -committerdate --format %(refname) %(objectname) %(*objectname) [3ms]
2025-02-24 01:12:54.311 [info] > git status -z -uall [27ms]
2025-02-24 01:12:59.330 [info] > git config --get commit.template [8ms]
2025-02-24 01:12:59.331 [info] > git for-each-ref --format=%(refname)%00%(upstream:short)%00%(objectname)%00%(upstream:track)%00%(upstream:remotename)%00%(upstream:remoteref) refs/heads/main refs/remotes/main [2ms]
2025-02-24 01:12:59.350 [info] > git for-each-ref --sort -committerdate --format %(refname) %(objectname) %(*objectname) [2ms]
2025-02-24 01:12:59.366 [info] > git status -z -uall [26ms]
2025-02-24 01:13:04.385 [info] > git config --get commit.template [8ms]
2025-02-24 01:13:04.386 [info] > git for-each-ref --format=%(refname)%00%(upstream:short)%00%(objectname)%00%(upstream:track)%00%(upstream:remotename)%00%(upstream:remoteref) refs/heads/main refs/remotes/main [2ms]
2025-02-24 01:13:04.404 [info] > git for-each-ref --sort -committerdate --format %(refname) %(objectname) %(*objectname) [3ms]
2025-02-24 01:13:04.421 [info] > git status -z -uall [28ms]
2025-02-24 01:13:09.441 [info] > git config --get commit.template [8ms]
2025-02-24 01:13:09.442 [info] > git for-each-ref --format=%(refname)%00%(upstream:short)%00%(objectname)%00%(upstream:track)%00%(upstream:remotename)%00%(upstream:remoteref) refs/heads/main refs/remotes/main [2ms]
2025-02-24 01:13:09.463 [info] > git for-each-ref --sort -committerdate --format %(refname) %(objectname) %(*objectname) [2ms]
2025-02-24 01:13:09.479 [info] > git status -z -uall [28ms]
2025-02-24 01:13:14.498 [info] > git config --get commit.template [8ms]
2025-02-24 01:13:14.499 [info] > git for-each-ref --format=%(refname)%00%(upstream:short)%00%(objectname)%00%(upstream:track)%00%(upstream:remotename)%00%(upstream:remoteref) refs/heads/main refs/remotes/main [2ms]
2025-02-24 01:13:14.517 [info] > git for-each-ref --sort -committerdate --format %(refname) %(objectname) %(*objectname) [3ms]
2025-02-24 01:13:14.535 [info] > git status -z -uall [27ms]
2025-02-24 01:13:19.554 [info] > git config --get commit.template [8ms]
2025-02-24 01:13:19.556 [info] > git for-each-ref --format=%(refname)%00%(upstream:short)%00%(objectname)%00%(upstream:track)%00%(upstream:remotename)%00%(upstream:remoteref) refs/heads/main refs/remotes/main [3ms]
2025-02-24 01:13:19.573 [info] > git for-each-ref --sort -committerdate --format %(refname) %(objectname) %(*objectname) [3ms]
2025-02-24 01:13:19.591 [info] > git status -z -uall [28ms]
2025-02-24 01:13:24.610 [info] > git config --get commit.template [8ms]
2025-02-24 01:13:24.611 [info] > git for-each-ref --format=%(refname)%00%(upstream:short)%00%(objectname)%00%(upstream:track)%00%(upstream:remotename)%00%(upstream:remoteref) refs/heads/main refs/remotes/main [2ms]
2025-02-24 01:13:24.630 [info] > git for-each-ref --sort -committerdate --format %(refname) %(objectname) %(*objectname) [3ms]
2025-02-24 01:13:24.645 [info] > git status -z -uall [25ms]
2025-02-24 01:13:29.665 [info] > git config --get commit.template [8ms]
2025-02-24 01:13:29.666 [info] > git for-each-ref --format=%(refname)%00%(upstream:short)%00%(objectname)%00%(upstream:track)%00%(upstream:remotename)%00%(upstream:remoteref) refs/heads/main refs/remotes/main [2ms]
2025-02-24 01:13:29.685 [info] > git for-each-ref --sort -committerdate --format %(refname) %(objectname) %(*objectname) [3ms]
2025-02-24 01:13:29.700 [info] > git status -z -uall [25ms]
2025-02-24 01:13:34.720 [info] > git config --get commit.template [9ms]
2025-02-24 01:13:34.722 [info] > git for-each-ref --format=%(refname)%00%(upstream:short)%00%(objectname)%00%(upstream:track)%00%(upstream:remotename)%00%(upstream:remoteref) refs/heads/main refs/remotes/main [2ms]
2025-02-24 01:13:34.740 [info] > git for-each-ref --sort -committerdate --format %(refname) %(objectname) %(*objectname) [2ms]
2025-02-24 01:13:34.756 [info] > git status -z -uall [26ms]
2025-02-24 01:13:39.778 [info] > git config --get commit.template [8ms]
2025-02-24 01:13:39.780 [info] > git for-each-ref --format=%(refname)%00%(upstream:short)%00%(objectname)%00%(upstream:track)%00%(upstream:remotename)%00%(upstream:remoteref) refs/heads/main refs/remotes/main [2ms]
2025-02-24 01:13:39.798 [info] > git for-each-ref --sort -committerdate --format %(refname) %(objectname) %(*objectname) [2ms]
2025-02-24 01:13:39.813 [info] > git status -z -uall [26ms]
2025-02-24 01:13:44.827 [info] > git config --get commit.template [3ms]
2025-02-24 01:13:44.836 [info] > git for-each-ref --format=%(refname)%00%(upstream:short)%00%(objectname)%00%(upstream:track)%00%(upstream:remotename)%00%(upstream:remoteref) refs/heads/main refs/remotes/main [2ms]
2025-02-24 01:13:44.855 [info] > git for-each-ref --sort -committerdate --format %(refname) %(objectname) %(*objectname) [2ms]
2025-02-24 01:13:44.870 [info] > git status -z -uall [26ms]
2025-02-24 01:13:49.890 [info] > git config --get commit.template [8ms]
2025-02-24 01:13:49.891 [info] > git for-each-ref --format=%(refname)%00%(upstream:short)%00%(objectname)%00%(upstream:track)%00%(upstream:remotename)%00%(upstream:remoteref) refs/heads/main refs/remotes/main [2ms]
2025-02-24 01:13:49.908 [info] > git for-each-ref --sort -committerdate --format %(refname) %(objectname) %(*objectname) [2ms]
2025-02-24 01:13:49.925 [info] > git status -z -uall [27ms]
2025-02-24 01:13:54.944 [info] > git config --get commit.template [8ms]
2025-02-24 01:13:54.946 [info] > git for-each-ref --format=%(refname)%00%(upstream:short)%00%(objectname)%00%(upstream:track)%00%(upstream:remotename)%00%(upstream:remoteref) refs/heads/main refs/remotes/main [1ms]
2025-02-24 01:13:54.963 [info] > git for-each-ref --sort -committerdate --format %(refname) %(objectname) %(*objectname) [2ms]
2025-02-24 01:13:54.978 [info] > git status -z -uall [25ms]
2025-02-24 01:14:00.001 [info] > git config --get commit.template [8ms]
2025-02-24 01:14:00.002 [info] > git for-each-ref --format=%(refname)%00%(upstream:short)%00%(objectname)%00%(upstream:track)%00%(upstream:remotename)%00%(upstream:remoteref) refs/heads/main refs/remotes/main [2ms]
2025-02-24 01:14:00.023 [info] > git for-each-ref --sort -committerdate --format %(refname) %(objectname) %(*objectname) [3ms]
2025-02-24 01:14:00.040 [info] > git status -z -uall [29ms]
2025-02-24 01:15:39.902 [info] > git config --get commit.template [10ms]
2025-02-24 01:15:39.903 [info] > git for-each-ref --format=%(refname)%00%(upstream:short)%00%(objectname)%00%(upstream:track)%00%(upstream:remotename)%00%(upstream:remoteref) refs/heads/main refs/remotes/main [2ms]
2025-02-24 01:15:39.921 [info] > git for-each-ref --sort -committerdate --format %(refname) %(objectname) %(*objectname) [3ms]
2025-02-24 01:15:39.936 [info] > git status -z -uall [26ms]
2025-02-24 01:32:12.076 [info] > git config --get commit.template [8ms]
2025-02-24 01:32:12.078 [info] > git for-each-ref --format=%(refname)%00%(upstream:short)%00%(objectname)%00%(upstream:track)%00%(upstream:remotename)%00%(upstream:remoteref) refs/heads/main refs/remotes/main [3ms]
2025-02-24 01:32:12.097 [info] > git for-each-ref --sort -committerdate --format %(refname) %(objectname) %(*objectname) [4ms]
2025-02-24 01:32:12.112 [info] > git status -z -uall [27ms]
2025-02-24 01:32:33.142 [info] > git config --get commit.template [7ms]
2025-02-24 01:32:33.144 [info] > git for-each-ref --format=%(refname)%00%(upstream:short)%00%(objectname)%00%(upstream:track)%00%(upstream:remotename)%00%(upstream:remoteref) refs/heads/main refs/remotes/main [2ms]
2025-02-24 01:32:33.163 [info] > git for-each-ref --sort -committerdate --format %(refname) %(objectname) %(*objectname) [2ms]
2025-02-24 01:32:33.180 [info] > git status -z -uall [29ms]
2025-02-24 01:32:38.197 [info] > git config --get commit.template [8ms]
2025-02-24 01:32:38.199 [info] > git for-each-ref --format=%(refname)%00%(upstream:short)%00%(objectname)%00%(upstream:track)%00%(upstream:remotename)%00%(upstream:remoteref) refs/heads/main refs/remotes/main [2ms]
2025-02-24 01:32:38.216 [info] > git for-each-ref --sort -committerdate --format %(refname) %(objectname) %(*objectname) [2ms]
2025-02-24 01:32:38.233 [info] > git status -z -uall [26ms]
2025-02-24 01:32:43.253 [info] > git config --get commit.template [9ms]
2025-02-24 01:32:43.255 [info] > git for-each-ref --format=%(refname)%00%(upstream:short)%00%(objectname)%00%(upstream:track)%00%(upstream:remotename)%00%(upstream:remoteref) refs/heads/main refs/remotes/main [3ms]
2025-02-24 01:32:43.274 [info] > git for-each-ref --sort -committerdate --format %(refname) %(objectname) %(*objectname) [2ms]
2025-02-24 01:32:43.289 [info] > git status -z -uall [26ms]
2025-02-24 01:32:48.302 [info] > git config --get commit.template [2ms]
2025-02-24 01:32:48.311 [info] > git for-each-ref --format=%(refname)%00%(upstream:short)%00%(objectname)%00%(upstream:track)%00%(upstream:remotename)%00%(upstream:remoteref) refs/heads/main refs/remotes/main [2ms]
2025-02-24 01:32:48.329 [info] > git for-each-ref --sort -committerdate --format %(refname) %(objectname) %(*objectname) [2ms]
2025-02-24 01:32:48.344 [info] > git status -z -uall [25ms]
2025-02-24 01:32:53.364 [info] > git config --get commit.template [8ms]
2025-02-24 01:32:53.365 [info] > git for-each-ref --format=%(refname)%00%(upstream:short)%00%(objectname)%00%(upstream:track)%00%(upstream:remotename)%00%(upstream:remoteref) refs/heads/main refs/remotes/main [2ms]
2025-02-24 01:32:53.383 [info] > git for-each-ref --sort -committerdate --format %(refname) %(objectname) %(*objectname) [2ms]
2025-02-24 01:32:53.398 [info] > git status -z -uall [26ms]
2025-02-24 01:32:58.417 [info] > git config --get commit.template [8ms]
2025-02-24 01:32:58.418 [info] > git for-each-ref --format=%(refname)%00%(upstream:short)%00%(objectname)%00%(upstream:track)%00%(upstream:remotename)%00%(upstream:remoteref) refs/heads/main refs/remotes/main [2ms]
2025-02-24 01:32:58.437 [info] > git for-each-ref --sort -committerdate --format %(refname) %(objectname) %(*objectname) [3ms]
2025-02-24 01:32:58.454 [info] > git status -z -uall [28ms]
2025-02-24 01:33:03.473 [info] > git config --get commit.template [8ms]
2025-02-24 01:33:03.475 [info] > git for-each-ref --format=%(refname)%00%(upstream:short)%00%(objectname)%00%(upstream:track)%00%(upstream:remotename)%00%(upstream:remoteref) refs/heads/main refs/remotes/main [2ms]
2025-02-24 01:33:03.494 [info] > git for-each-ref --sort -committerdate --format %(refname) %(objectname) %(*objectname) [2ms]
2025-02-24 01:33:03.509 [info] > git status -z -uall [26ms]
2025-02-24 01:33:08.531 [info] > git config --get commit.template [9ms]
2025-02-24 01:33:08.532 [info] > git for-each-ref --format=%(refname)%00%(upstream:short)%00%(objectname)%00%(upstream:track)%00%(upstream:remotename)%00%(upstream:remoteref) refs/heads/main refs/remotes/main [1ms]
2025-02-24 01:33:08.551 [info] > git for-each-ref --sort -committerdate --format %(refname) %(objectname) %(*objectname) [2ms]
2025-02-24 01:33:08.566 [info] > git status -z -uall [26ms]
2025-02-24 01:33:13.587 [info] > git config --get commit.template [8ms]
2025-02-24 01:33:13.589 [info] > git for-each-ref --format=%(refname)%00%(upstream:short)%00%(objectname)%00%(upstream:track)%00%(upstream:remotename)%00%(upstream:remoteref) refs/heads/main refs/remotes/main [3ms]
2025-02-24 01:33:13.607 [info] > git for-each-ref --sort -committerdate --format %(refname) %(objectname) %(*objectname) [2ms]
2025-02-24 01:33:13.623 [info] > git status -z -uall [25ms]
2025-02-24 01:33:18.645 [info] > git config --get commit.template [9ms]
2025-02-24 01:33:18.646 [info] > git for-each-ref --format=%(refname)%00%(upstream:short)%00%(objectname)%00%(upstream:track)%00%(upstream:remotename)%00%(upstream:remoteref) refs/heads/main refs/remotes/main [2ms]
2025-02-24 01:33:18.665 [info] > git for-each-ref --sort -committerdate --format %(refname) %(objectname) %(*objectname) [3ms]
2025-02-24 01:33:18.681 [info] > git status -z -uall [27ms]
2025-02-24 01:33:23.702 [info] > git config --get commit.template [8ms]
2025-02-24 01:33:23.703 [info] > git for-each-ref --format=%(refname)%00%(upstream:short)%00%(objectname)%00%(upstream:track)%00%(upstream:remotename)%00%(upstream:remoteref) refs/heads/main refs/remotes/main [2ms]
2025-02-24 01:33:23.721 [info] > git for-each-ref --sort -committerdate --format %(refname) %(objectname) %(*objectname) [2ms]
2025-02-24 01:33:23.737 [info] > git status -z -uall [26ms]
2025-02-24 01:33:28.758 [info] > git config --get commit.template [8ms]
2025-02-24 01:33:28.760 [info] > git for-each-ref --format=%(refname)%00%(upstream:short)%00%(objectname)%00%(upstream:track)%00%(upstream:remotename)%00%(upstream:remoteref) refs/heads/main refs/remotes/main [3ms]
2025-02-24 01:33:28.777 [info] > git for-each-ref --sort -committerdate --format %(refname) %(objectname) %(*objectname) [2ms]
2025-02-24 01:33:28.794 [info] > git status -z -uall [27ms]
2025-02-24 01:33:33.815 [info] > git config --get commit.template [8ms]
2025-02-24 01:33:33.816 [info] > git for-each-ref --format=%(refname)%00%(upstream:short)%00%(objectname)%00%(upstream:track)%00%(upstream:remotename)%00%(upstream:remoteref) refs/heads/main refs/remotes/main [2ms]
2025-02-24 01:33:33.845 [info] > git for-each-ref --sort -committerdate --format %(refname) %(objectname) %(*objectname) [2ms]
2025-02-24 01:33:33.862 [info] > git status -z -uall [28ms]
2025-02-24 01:33:38.880 [info] > git config --get commit.template [7ms]
2025-02-24 01:33:38.881 [info] > git for-each-ref --format=%(refname)%00%(upstream:short)%00%(objectname)%00%(upstream:track)%00%(upstream:remotename)%00%(upstream:remoteref) refs/heads/main refs/remotes/main [2ms]
2025-02-24 01:33:38.905 [info] > git for-each-ref --sort -committerdate --format %(refname) %(objectname) %(*objectname) [3ms]
2025-02-24 01:33:38.920 [info] > git status -z -uall [25ms]
2025-02-24 01:33:43.940 [info] > git config --get commit.template [8ms]
2025-02-24 01:33:43.941 [info] > git for-each-ref --format=%(refname)%00%(upstream:short)%00%(objectname)%00%(upstream:track)%00%(upstream:remotename)%00%(upstream:remoteref) refs/heads/main refs/remotes/main [2ms]
2025-02-24 01:33:43.966 [info] > git for-each-ref --sort -committerdate --format %(refname) %(objectname) %(*objectname) [3ms]
2025-02-24 01:33:43.981 [info] > git status -z -uall [26ms]
2025-02-24 01:33:49.001 [info] > git config --get commit.template [10ms]
2025-02-24 01:33:49.002 [info] > git for-each-ref --format=%(refname)%00%(upstream:short)%00%(objectname)%00%(upstream:track)%00%(upstream:remotename)%00%(upstream:remoteref) refs/heads/main refs/remotes/main [2ms]
2025-02-24 01:33:49.028 [info] > git for-each-ref --sort -committerdate --format %(refname) %(objectname) %(*objectname) [2ms]
2025-02-24 01:33:49.044 [info] > git status -z -uall [27ms]
2025-02-24 01:33:54.064 [info] > git config --get commit.template [8ms]
2025-02-24 01:33:54.066 [info] > git for-each-ref --format=%(refname)%00%(upstream:short)%00%(objectname)%00%(upstream:track)%00%(upstream:remotename)%00%(upstream:remoteref) refs/heads/main refs/remotes/main [2ms]
2025-02-24 01:33:54.084 [info] > git for-each-ref --sort -committerdate --format %(refname) %(objectname) %(*objectname) [3ms]
2025-02-24 01:33:54.099 [info] > git status -z -uall [26ms]
2025-02-24 01:33:59.121 [info] > git config --get commit.template [10ms]
2025-02-24 01:33:59.122 [info] > git for-each-ref --format=%(refname)%00%(upstream:short)%00%(objectname)%00%(upstream:track)%00%(upstream:remotename)%00%(upstream:remoteref) refs/heads/main refs/remotes/main [2ms]
2025-02-24 01:33:59.140 [info] > git for-each-ref --sort -committerdate --format %(refname) %(objectname) %(*objectname) [2ms]
2025-02-24 01:33:59.157 [info] > git status -z -uall [27ms]
2025-02-24 01:34:04.177 [info] > git config --get commit.template [8ms]
2025-02-24 01:34:04.179 [info] > git for-each-ref --format=%(refname)%00%(upstream:short)%00%(objectname)%00%(upstream:track)%00%(upstream:remotename)%00%(upstream:remoteref) refs/heads/main refs/remotes/main [3ms]
2025-02-24 01:34:04.196 [info] > git for-each-ref --sort -committerdate --format %(refname) %(objectname) %(*objectname) [2ms]
2025-02-24 01:34:04.211 [info] > git status -z -uall [25ms]
2025-02-24 01:34:09.230 [info] > git config --get commit.template [8ms]
2025-02-24 01:34:09.232 [info] > git for-each-ref --format=%(refname)%00%(upstream:short)%00%(objectname)%00%(upstream:track)%00%(upstream:remotename)%00%(upstream:remoteref) refs/heads/main refs/remotes/main [2ms]
2025-02-24 01:34:09.250 [info] > git for-each-ref --sort -committerdate --format %(refname) %(objectname) %(*objectname) [3ms]
2025-02-24 01:34:09.267 [info] > git status -z -uall [28ms]
2025-02-24 01:35:11.378 [info] > git config --get commit.template [8ms]
2025-02-24 01:35:11.379 [info] > git for-each-ref --format=%(refname)%00%(upstream:short)%00%(objectname)%00%(upstream:track)%00%(upstream:remotename)%00%(upstream:remoteref) refs/heads/main refs/remotes/main [2ms]
2025-02-24 01:35:11.398 [info] > git for-each-ref --sort -committerdate --format %(refname) %(objectname) %(*objectname) [3ms]
2025-02-24 01:35:11.415 [info] > git status -z -uall [29ms]
2025-02-24 01:35:16.435 [info] > git config --get commit.template [8ms]
2025-02-24 01:35:16.436 [info] > git for-each-ref --format=%(refname)%00%(upstream:short)%00%(objectname)%00%(upstream:track)%00%(upstream:remotename)%00%(upstream:remoteref) refs/heads/main refs/remotes/main [2ms]
2025-02-24 01:35:16.454 [info] > git for-each-ref --sort -committerdate --format %(refname) %(objectname) %(*objectname) [3ms]
2025-02-24 01:35:16.469 [info] > git status -z -uall [26ms]
2025-02-24 01:35:21.484 [info] > git config --get commit.template [2ms]
2025-02-24 01:35:21.493 [info] > git for-each-ref --format=%(refname)%00%(upstream:short)%00%(objectname)%00%(upstream:track)%00%(upstream:remotename)%00%(upstream:remoteref) refs/heads/main refs/remotes/main [2ms]
2025-02-24 01:35:21.512 [info] > git for-each-ref --sort -committerdate --format %(refname) %(objectname) %(*objectname) [3ms]
2025-02-24 01:35:21.529 [info] > git status -z -uall [29ms]
2025-02-24 01:35:45.023 [info] > git config --get commit.template [8ms]
2025-02-24 01:35:45.024 [info] > git for-each-ref --format=%(refname)%00%(upstream:short)%00%(objectname)%00%(upstream:track)%00%(upstream:remotename)%00%(upstream:remoteref) refs/heads/main refs/remotes/main [2ms]
2025-02-24 01:35:45.043 [info] > git for-each-ref --sort -committerdate --format %(refname) %(objectname) %(*objectname) [2ms]
2025-02-24 01:35:45.058 [info] > git status -z -uall [25ms]
2025-02-24 01:35:50.076 [info] > git config --get commit.template [8ms]
2025-02-24 01:35:50.077 [info] > git for-each-ref --format=%(refname)%00%(upstream:short)%00%(objectname)%00%(upstream:track)%00%(upstream:remotename)%00%(upstream:remoteref) refs/heads/main refs/remotes/main [2ms]
2025-02-24 01:35:50.095 [info] > git for-each-ref --sort -committerdate --format %(refname) %(objectname) %(*objectname) [3ms]
2025-02-24 01:35:50.111 [info] > git status -z -uall [26ms]
2025-02-24 01:35:55.132 [info] > git config --get commit.template [7ms]
2025-02-24 01:35:55.133 [info] > git for-each-ref --format=%(refname)%00%(upstream:short)%00%(objectname)%00%(upstream:track)%00%(upstream:remotename)%00%(upstream:remoteref) refs/heads/main refs/remotes/main [2ms]
2025-02-24 01:35:55.150 [info] > git for-each-ref --sort -committerdate --format %(refname) %(objectname) %(*objectname) [2ms]
2025-02-24 01:35:55.165 [info] > git status -z -uall [25ms]
2025-02-24 01:36:00.184 [info] > git config --get commit.template [8ms]
2025-02-24 01:36:00.185 [info] > git for-each-ref --format=%(refname)%00%(upstream:short)%00%(objectname)%00%(upstream:track)%00%(upstream:remotename)%00%(upstream:remoteref) refs/heads/main refs/remotes/main [2ms]
2025-02-24 01:36:00.204 [info] > git for-each-ref --sort -committerdate --format %(refname) %(objectname) %(*objectname) [3ms]
2025-02-24 01:36:00.220 [info] > git status -z -uall [28ms]
