2025-02-24 01:01:47.338 [info] Extension host with pid 1675 started
2025-02-24 01:01:47.338 [error] Error: EEXIST: file already exists, open '/home/jerushastewa2022/.codeoss/data/User/workspaceStorage/-1baf962c/vscode.lock'
2025-02-24 01:01:47.361 [info] Lock '/home/jerushastewa2022/.codeoss/data/User/workspaceStorage/-1baf962c/vscode.lock': Could not acquire lock, checking if the file is stale.
2025-02-24 01:01:47.363 [info] Lock '/home/jerushastewa2022/.codeoss/data/User/workspaceStorage/-1baf962c/vscode.lock': The pid 10447 appears to be gone.
2025-02-24 01:01:47.363 [info] Lock '/home/jerushastewa2022/.codeoss/data/User/workspaceStorage/-1baf962c/vscode.lock': Deleting a stale lock.
2025-02-24 01:01:47.372 [info] Lock '/home/jerushastewa2022/.codeoss/data/User/workspaceStorage/-1baf962c/vscode.lock': Lock acquired.
2025-02-24 01:01:47.506 [info] ExtensionService#_doActivateExtension vscode.emmet, startup: false, activationEvent: 'onLanguage'
2025-02-24 01:01:47.507 [info] ExtensionService#_doActivateExtension ms-python.python, startup: false, activationEvent: 'onLanguage:python'
2025-02-24 01:01:47.954 [error] Error: spawn /google/devshell/editor/code-oss-for-cloud-shell/extensions/ms-python.python/python-env-tools/bin/pet ENOENT
	at ChildProcess._handle.onexit (node:internal/child_process:286:19)
	at onErrorNT (node:internal/child_process:484:16)
	at process.processTicksAndRejections (node:internal/process/task_queues:82:21)
2025-02-24 01:01:48.117 [info] ExtensionService#_doActivateExtension vscode.git-base, startup: true, activationEvent: '*', root cause: vscode.git
2025-02-24 01:01:48.204 [info] ExtensionService#_doActivateExtension vscode.git, startup: true, activationEvent: '*'
2025-02-24 01:01:48.205 [info] ExtensionService#_doActivateExtension vscode.github, startup: true, activationEvent: '*'
2025-02-24 01:01:48.815 [info] ExtensionService#_doActivateExtension vscode.github-authentication, startup: false, activationEvent: 'onAuthenticationRequest:github'
2025-02-24 01:01:49.686 [info] ExtensionService#_doActivateExtension google.cloud-shell, startup: false, activationEvent: 'onTerminalProfile:cloudshell.default'
2025-02-24 01:01:49.848 [info] ExtensionService#_doActivateExtension vscode.configuration-editing, startup: false, activationEvent: 'onLanguage:jsonc'
2025-02-24 01:01:49.848 [info] ExtensionService#_doActivateExtension vscode.json-language-features, startup: false, activationEvent: 'onLanguage:jsonc'
2025-02-24 01:01:49.849 [info] ExtensionService#_doActivateExtension vscode.typescript-language-features, startup: false, activationEvent: 'onLanguage:jsonc'
2025-02-24 01:01:50.510 [info] ExtensionService#_doActivateExtension redhat.fabric8-analytics, startup: true, activationEvent: 'workspaceContains:**/package.json,**/pom.xml,**/go.mod,**/requirements.txt,**/build.gradle,**/Dockerfile,**/Containerfile'
2025-02-24 01:01:50.861 [info] Eager extensions activated
2025-02-24 01:01:50.862 [info] ExtensionService#_doActivateExtension EditorConfig.EditorConfig, startup: false, activationEvent: 'onStartupFinished'
2025-02-24 01:01:50.862 [info] ExtensionService#_doActivateExtension google.geminicodeassist, startup: false, activationEvent: 'onStartupFinished', root cause: googlecloudtools.cloudcode
2025-02-24 01:01:50.862 [info] ExtensionService#_doActivateExtension vscode.debug-auto-launch, startup: false, activationEvent: 'onStartupFinished'
2025-02-24 01:01:50.863 [info] ExtensionService#_doActivateExtension vscode.merge-conflict, startup: false, activationEvent: 'onStartupFinished'
2025-02-24 01:01:52.383 [info] ExtensionService#_doActivateExtension googlecloudtools.cloudcode, startup: false, activationEvent: 'onStartupFinished'
