2025-01-29 21:36:47.641 [info] [main] Log level: Info
2025-01-29 21:36:47.641 [info] [main] Validating found git in: "git"
2025-01-29 21:36:47.642 [info] [main] Using git "2.43.0" from "git"
2025-01-29 21:36:47.642 [info] [Model][doInitialScan] Initial repository scan started
2025-01-29 21:36:47.642 [info] > git rev-parse --show-toplevel [1432ms]
2025-01-29 21:36:47.642 [info] fatal: not a git repository (or any parent up to mount point /)
Stopping at filesystem boundary (GIT_DISCOVERY_ACROSS_FILESYSTEM not set).
2025-01-29 21:36:47.642 [info] > git rev-parse --show-toplevel [2504ms]
2025-01-29 21:36:47.642 [info] fatal: not a git repository (or any parent up to mount point /)
Stopping at filesystem boundary (GIT_DISCOVERY_ACROSS_FILESYSTEM not set).
2025-01-29 21:36:47.644 [info] > git rev-parse --show-toplevel [4ms]
2025-01-29 21:36:47.644 [info] fatal: not a git repository (or any parent up to mount point /)
Stopping at filesystem boundary (GIT_DISCOVERY_ACROSS_FILESYSTEM not set).
2025-01-29 21:36:47.654 [info] > git rev-parse --show-toplevel [4ms]
2025-01-29 21:36:47.654 [info] fatal: not a git repository (or any parent up to mount point /)
Stopping at filesystem boundary (GIT_DISCOVERY_ACROSS_FILESYSTEM not set).
2025-01-29 21:36:47.662 [info] > git rev-parse --show-toplevel [2ms]
2025-01-29 21:36:47.662 [info] fatal: not a git repository (or any parent up to mount point /)
Stopping at filesystem boundary (GIT_DISCOVERY_ACROSS_FILESYSTEM not set).
2025-01-29 21:36:47.669 [info] > git rev-parse --show-toplevel [2ms]
2025-01-29 21:36:47.669 [info] fatal: not a git repository (or any parent up to mount point /)
Stopping at filesystem boundary (GIT_DISCOVERY_ACROSS_FILESYSTEM not set).
2025-01-29 21:36:47.677 [info] > git rev-parse --show-toplevel [1ms]
2025-01-29 21:36:47.677 [info] fatal: not a git repository (or any parent up to mount point /)
Stopping at filesystem boundary (GIT_DISCOVERY_ACROSS_FILESYSTEM not set).
2025-01-29 21:36:47.684 [info] > git rev-parse --show-toplevel [2ms]
2025-01-29 21:36:47.684 [info] fatal: not a git repository (or any parent up to mount point /)
Stopping at filesystem boundary (GIT_DISCOVERY_ACROSS_FILESYSTEM not set).
2025-01-29 21:36:47.685 [info] [Model][doInitialScan] Initial repository scan completed - repositories (0), closed repositories (0), parent repositories (0), unsafe repositories (0)
2025-01-29 21:36:48.422 [info] > git rev-parse --show-toplevel [25ms]
2025-01-29 21:36:48.422 [info] fatal: not a git repository (or any parent up to mount point /)
Stopping at filesystem boundary (GIT_DISCOVERY_ACROSS_FILESYSTEM not set).
2025-01-29 21:37:02.726 [info] > git rev-parse --show-toplevel [5ms]
2025-01-29 21:37:02.726 [info] fatal: not a git repository (or any parent up to mount point /)
Stopping at filesystem boundary (GIT_DISCOVERY_ACROSS_FILESYSTEM not set).
