2025-02-23 00:12:05.807 [info] Reading sessions from keychain...
2025-02-23 00:12:05.807 [info] Getting sessions for all scopes...
2025-02-23 00:12:05.807 [info] Got 0 sessions for ...
2025-02-23 00:12:05.839 [info] Getting sessions for read:user,repo,user:email,workflow...
2025-02-23 00:12:05.839 [info] Got 0 sessions for read:user,repo,user:email,workflow...
2025-02-23 01:03:05.303 [info] Getting sessions for read:user,repo,user:email,workflow...
2025-02-23 01:03:05.303 [info] Got 0 sessions for read:user,repo,user:email,workflow...
2025-02-23 01:03:08.935 [info] Logging in with 'any' account...
2025-02-23 01:03:08.936 [info] Logging in for the following scopes: read:user repo user:email workflow
2025-02-23 01:03:09.120 [info] Trying device code flow... (read:user repo user:email workflow)
2025-02-23 01:03:59.775 [info] Getting user info...
2025-02-23 01:03:59.964 [info] Got account info!
2025-02-23 01:03:59.965 [info] Storing 1 sessions...
2025-02-23 01:04:00.001 [info] Reading sessions from keychain...
2025-02-23 01:04:00.001 [info] Stored 1 sessions!
2025-02-23 01:04:00.001 [info] Login success!
2025-02-23 01:04:00.042 [info] Got stored sessions!
2025-02-23 01:04:00.042 [info] Got 1 verified sessions.
2025-02-23 01:04:00.338 [info] Getting sessions for read:user,repo,user:email,workflow...
2025-02-23 01:04:00.339 [info] Got 1 sessions for read:user,repo,user:email,workflow...
