2025-02-23 00:11:58.510 [warning] Dir "/home/jerushastewa2022/.pixi/envs" is not watchable (directory does not exist)
2025-02-23 00:11:58.894 [info] Python interpreter path: /bin/python
2025-02-23 00:11:59.300 [info] > pyenv which python
2025-02-23 00:11:59.300 [info] cwd: .
2025-02-23 00:12:06.453 [info] Starting Jedi language server for jerushastewa2022.
2025-02-23 00:12:44.646 [info] Discover tests for workspace name: jerushastewa2022 - uri: /home/jerushastewa2022/main.py
2025-02-23 00:12:54.198 [info] Send text to terminal: /bin/python /home/jerushastewa2022/main.py
2025-02-23 00:28:07.369 [info] Discover tests for workspace name: jerushastewa2022 - uri: /home/jerushastewa2022/main.py
2025-02-23 00:28:08.928 [info] Discover tests for workspace name: jerushastewa2022 - uri: /home/jerushastewa2022/main.py
2025-02-23 00:28:10.933 [info] Discover tests for workspace name: jerushastewa2022 - uri: /home/jerushastewa2022/main.py
2025-02-23 00:28:12.327 [info] Discover tests for workspace name: jerushastewa2022 - uri: /home/jerushastewa2022/main.py
2025-02-23 00:28:29.567 [info] Discover tests for workspace name: jerushastewa2022 - uri: /home/jerushastewa2022/main.py
2025-02-23 00:28:32.759 [info] Discover tests for workspace name: jerushastewa2022 - uri: /home/jerushastewa2022/main.py
2025-02-23 00:28:34.730 [info] Discover tests for workspace name: jerushastewa2022 - uri: /home/jerushastewa2022/main.py
2025-02-23 00:29:58.322 [info] Discover tests for workspace name: jerushastewa2022 - uri: /home/jerushastewa2022/main.py
2025-02-23 00:30:00.416 [info] Discover tests for workspace name: jerushastewa2022 - uri: /home/jerushastewa2022/main.py
2025-02-23 00:30:44.688 [info] Discover tests for workspace name: jerushastewa2022 - uri: /home/jerushastewa2022/main.py
2025-02-23 00:31:03.900 [info] Discover tests for workspace name: jerushastewa2022 - uri: /home/jerushastewa2022/main.py
2025-02-23 00:31:09.031 [info] Discover tests for workspace name: jerushastewa2022 - uri: /home/jerushastewa2022/main.py
2025-02-23 00:32:04.862 [info] Discover tests for workspace name: jerushastewa2022 - uri: /home/jerushastewa2022/main.py
2025-02-23 00:32:22.771 [info] Discover tests for workspace name: jerushastewa2022 - uri: /home/jerushastewa2022/main.py
2025-02-23 00:32:35.630 [info] Discover tests for workspace name: jerushastewa2022 - uri: /home/jerushastewa2022/main.py
2025-02-23 00:32:40.887 [info] Discover tests for workspace name: jerushastewa2022 - uri: /home/jerushastewa2022/main.py
2025-02-23 00:32:46.808 [info] Discover tests for workspace name: jerushastewa2022 - uri: /home/jerushastewa2022/main.py
2025-02-23 00:32:51.917 [info] Discover tests for workspace name: jerushastewa2022 - uri: /home/jerushastewa2022/main.py
2025-02-23 00:33:11.675 [info] Discover tests for workspace name: jerushastewa2022 - uri: /home/jerushastewa2022/main.py
2025-02-23 00:33:13.090 [info] Discover tests for workspace name: jerushastewa2022 - uri: /home/jerushastewa2022/main.py
2025-02-23 00:33:15.072 [info] Discover tests for workspace name: jerushastewa2022 - uri: /home/jerushastewa2022/main.py
2025-02-23 00:33:16.914 [info] Discover tests for workspace name: jerushastewa2022 - uri: /home/jerushastewa2022/main.py
2025-02-23 00:33:46.795 [info] Discover tests for workspace name: jerushastewa2022 - uri: /home/jerushastewa2022/main.py
2025-02-23 00:33:50.546 [info] Discover tests for workspace name: jerushastewa2022 - uri: /home/jerushastewa2022/main.py
2025-02-23 00:33:53.858 [info] Discover tests for workspace name: jerushastewa2022 - uri: /home/jerushastewa2022/main.py
2025-02-23 00:34:07.803 [info] Discover tests for workspace name: jerushastewa2022 - uri: /home/jerushastewa2022/main.py
2025-02-23 00:34:11.101 [info] Discover tests for workspace name: jerushastewa2022 - uri: /home/jerushastewa2022/main.py
2025-02-23 00:34:16.258 [info] Discover tests for workspace name: jerushastewa2022 - uri: /home/jerushastewa2022/main.py
2025-02-23 00:34:18.167 [info] Discover tests for workspace name: jerushastewa2022 - uri: /home/jerushastewa2022/main.py
2025-02-23 00:34:30.412 [info] Discover tests for workspace name: jerushastewa2022 - uri: /home/jerushastewa2022/main.py
2025-02-23 00:34:43.158 [info] Discover tests for workspace name: jerushastewa2022 - uri: /home/jerushastewa2022/main.py
2025-02-23 00:34:46.728 [info] Discover tests for workspace name: jerushastewa2022 - uri: /home/jerushastewa2022/main.py
2025-02-23 00:34:49.742 [info] Discover tests for workspace name: jerushastewa2022 - uri: /home/jerushastewa2022/main.py
2025-02-23 00:34:56.407 [info] Discover tests for workspace name: jerushastewa2022 - uri: /home/jerushastewa2022/main.py
2025-02-23 00:35:18.589 [info] Discover tests for workspace name: jerushastewa2022 - uri: /home/jerushastewa2022/main.py
2025-02-23 00:35:21.950 [info] Discover tests for workspace name: jerushastewa2022 - uri: /home/jerushastewa2022/main.py
2025-02-23 00:35:24.524 [info] Discover tests for workspace name: jerushastewa2022 - uri: /home/jerushastewa2022/main.py
2025-02-23 00:36:11.749 [info] Discover tests for workspace name: jerushastewa2022 - uri: /home/jerushastewa2022/main.py
2025-02-23 00:36:13.883 [info] Discover tests for workspace name: jerushastewa2022 - uri: /home/jerushastewa2022/main.py
2025-02-23 00:36:16.189 [info] Discover tests for workspace name: jerushastewa2022 - uri: /home/jerushastewa2022/main.py
2025-02-23 00:36:21.027 [info] Discover tests for workspace name: jerushastewa2022 - uri: /home/jerushastewa2022/main.py
2025-02-23 00:36:22.403 [info] Discover tests for workspace name: jerushastewa2022 - uri: /home/jerushastewa2022/main.py
2025-02-23 00:36:27.344 [info] Discover tests for workspace name: jerushastewa2022 - uri: /home/jerushastewa2022/main.py
2025-02-23 00:36:29.753 [info] Discover tests for workspace name: jerushastewa2022 - uri: /home/jerushastewa2022/main.py
2025-02-23 00:36:33.435 [info] Discover tests for workspace name: jerushastewa2022 - uri: /home/jerushastewa2022/main.py
2025-02-23 00:36:45.604 [info] Discover tests for workspace name: jerushastewa2022 - uri: /home/jerushastewa2022/main.py
2025-02-23 00:36:59.015 [info] Discover tests for workspace name: jerushastewa2022 - uri: /home/jerushastewa2022/main.py
2025-02-23 00:37:11.536 [info] Discover tests for workspace name: jerushastewa2022 - uri: /home/jerushastewa2022/main.py
2025-02-23 00:37:58.818 [info] Discover tests for workspace name: jerushastewa2022 - uri: /home/jerushastewa2022/main.py
2025-02-23 00:38:21.286 [info] Discover tests for workspace name: jerushastewa2022 - uri: /home/jerushastewa2022/main.py
2025-02-23 00:39:12.068 [info] Discover tests for workspace name: jerushastewa2022 - uri: /home/jerushastewa2022/main.py
2025-02-23 00:39:18.123 [info] Discover tests for workspace name: jerushastewa2022 - uri: /home/jerushastewa2022/main.py
2025-02-23 00:39:26.545 [info] Discover tests for workspace name: jerushastewa2022 - uri: /home/jerushastewa2022/main.py
2025-02-23 00:39:29.781 [info] Discover tests for workspace name: jerushastewa2022 - uri: /home/jerushastewa2022/main.py
2025-02-23 00:40:05.063 [info] Discover tests for workspace name: jerushastewa2022 - uri: /home/jerushastewa2022/main.py
2025-02-23 00:40:44.282 [info] Discover tests for workspace name: jerushastewa2022 - uri: /home/jerushastewa2022/main.py
2025-02-23 00:40:45.391 [info] Discover tests for workspace name: jerushastewa2022 - uri: /home/jerushastewa2022/main.py
2025-02-23 00:40:53.870 [info] Discover tests for workspace name: jerushastewa2022 - uri: /home/jerushastewa2022/main.py
2025-02-23 00:51:34.262 [info] Discover tests for workspace name: jerushastewa2022 - uri: /home/jerushastewa2022/main.py
2025-02-23 00:51:36.108 [info] Discover tests for workspace name: jerushastewa2022 - uri: /home/jerushastewa2022/main.py
2025-02-23 00:51:37.760 [info] Discover tests for workspace name: jerushastewa2022 - uri: /home/jerushastewa2022/main.py
2025-02-23 00:51:43.504 [info] Discover tests for workspace name: jerushastewa2022 - uri: /home/jerushastewa2022/main.py
2025-02-23 00:51:45.401 [info] Discover tests for workspace name: jerushastewa2022 - uri: /home/jerushastewa2022/main.py
2025-02-23 00:51:46.676 [info] Discover tests for workspace name: jerushastewa2022 - uri: /home/jerushastewa2022/main.py
2025-02-23 00:51:49.305 [info] Discover tests for workspace name: jerushastewa2022 - uri: /home/jerushastewa2022/main.py
2025-02-23 00:51:50.892 [info] Discover tests for workspace name: jerushastewa2022 - uri: /home/jerushastewa2022/main.py
2025-02-23 00:52:48.381 [info] Discover tests for workspace name: jerushastewa2022 - uri: /home/jerushastewa2022/main.py
2025-02-23 01:02:45.567 [info] Discover tests for workspace name: jerushastewa2022 - uri: /home/jerushastewa2022/main.py
