2025-01-29 21:40:02.654 [warning] Dir "/home/jerushastewa2022/.pixi/envs" is not watchable (directory does not exist)
2025-01-29 21:40:02.740 [info] Python interpreter path: /bin/python
2025-01-29 21:40:03.018 [info] > pyenv which python
2025-01-29 21:40:03.018 [info] cwd: .
2025-01-29 21:40:11.137 [info] Starting Jedi language server for jerushastewa2022.
2025-01-29 22:23:15.392 [info] Running installed packages checker:  {
  id: '/bin/python',
  sysPrefix: '/usr',
  envType: 'Global',
  envName: '',
  envPath: '',
  path: '/bin/python',
  architecture: 3,
  sysVersion: '3.12.3 (main, Jan 17 2025, 18:03:48) [GCC 13.3.0]',
  version: {
    raw: '3.12.3',
    major: 3,
    minor: 12,
    patch: 3,
    build: [],
    prerelease: [ 'final', '0' ]
  },
  displayName: 'Python 3.12.3 64-bit',
  detailedDisplayName: 'Python 3.12.3 64-bit',
  type: undefined
} /google/devshell/editor/code-oss-for-cloud-shell/extensions/ms-python.python/python_files/installed_check.py /home/jerushastewa2022/requirements.txt
2025-01-29 22:23:15.393 [info] > /bin/python /google/devshell/editor/code-oss-for-cloud-shell/extensions/ms-python.python/python_files/installed_check.py ./requirements.txt
2025-01-29 22:24:34.319 [info] Discover tests for workspace name: jerushastewa2022 - uri: /home/jerushastewa2022/main.py
2025-01-29 22:24:46.937 [info] Running installed packages checker:  {
  id: '/bin/python',
  sysPrefix: '/usr',
  envType: 'Global',
  envName: '',
  envPath: '',
  path: '/bin/python',
  architecture: 3,
  sysVersion: '3.12.3 (main, Jan 17 2025, 18:03:48) [GCC 13.3.0]',
  version: {
    raw: '3.12.3',
    major: 3,
    minor: 12,
    patch: 3,
    build: [],
    prerelease: [ 'final', '0' ]
  },
  displayName: 'Python 3.12.3 64-bit',
  detailedDisplayName: 'Python 3.12.3 64-bit',
  type: undefined
} /google/devshell/editor/code-oss-for-cloud-shell/extensions/ms-python.python/python_files/installed_check.py /home/jerushastewa2022/requirements.txt
2025-01-29 22:24:46.938 [info] > /bin/python /google/devshell/editor/code-oss-for-cloud-shell/extensions/ms-python.python/python_files/installed_check.py ./requirements.txt
2025-01-29 22:29:49.369 [info] Discover tests for workspace name: jerushastewa2022 - uri: /home/jerushastewa2022/main.py
2025-01-29 22:43:03.543 [info] Send text to terminal: /bin/python /home/jerushastewa2022/main.py
