2025-01-29 21:38:46.566 [info] Extension host with pid 2099 started
2025-01-29 21:38:46.567 [error] Error: EEXIST: file already exists, open '/home/jerushastewa2022/.codeoss/data/User/workspaceStorage/-3d70c82b/vscode.lock'
2025-01-29 21:38:46.576 [info] Lock '/home/jerushastewa2022/.codeoss/data/User/workspaceStorage/-3d70c82b/vscode.lock': Could not acquire lock, checking if the file is stale.
2025-01-29 21:38:46.595 [info] Lock '/home/jerushastewa2022/.codeoss/data/User/workspaceStorage/-3d70c82b/vscode.lock': The lock does not look stale, elapsed: 991 ms, giving up.
2025-01-29 21:38:46.606 [info] Lock '/home/jerushastewa2022/.codeoss/data/User/workspaceStorage/-3d70c82b-1/vscode.lock': Lock acquired.
2025-01-29 21:38:46.677 [info] ExtensionService#_doActivateExtension vscode.emmet, startup: false, activationEvent: 'onLanguage'
2025-01-29 21:38:46.679 [info] ExtensionService#_doActivateExtension ms-python.python, startup: false, activationEvent: 'onLanguage:python'
2025-01-29 21:38:47.520 [error] Error: spawn /google/devshell/editor/code-oss-for-cloud-shell/extensions/ms-python.python/python-env-tools/bin/pet ENOENT
	at ChildProcess._handle.onexit (node:internal/child_process:286:19)
	at onErrorNT (node:internal/child_process:484:16)
	at process.processTicksAndRejections (node:internal/process/task_queues:82:21)
2025-01-29 21:38:47.647 [info] ExtensionService#_doActivateExtension vscode.git-base, startup: true, activationEvent: '*', root cause: vscode.git
2025-01-29 21:38:47.741 [info] ExtensionService#_doActivateExtension vscode.git, startup: true, activationEvent: '*'
2025-01-29 21:38:47.742 [info] ExtensionService#_doActivateExtension vscode.github, startup: true, activationEvent: '*'
2025-01-29 21:38:47.984 [info] Eager extensions activated
2025-01-29 21:38:47.985 [info] ExtensionService#_doActivateExtension EditorConfig.EditorConfig, startup: false, activationEvent: 'onStartupFinished'
2025-01-29 21:38:47.986 [info] ExtensionService#_doActivateExtension google.cloud-shell, startup: false, activationEvent: 'onStartupFinished'
2025-01-29 21:38:47.987 [info] ExtensionService#_doActivateExtension google.geminicodeassist, startup: false, activationEvent: 'onStartupFinished', root cause: googlecloudtools.cloudcode
2025-01-29 21:38:47.988 [info] ExtensionService#_doActivateExtension vscode.debug-auto-launch, startup: false, activationEvent: 'onStartupFinished'
2025-01-29 21:38:47.990 [info] ExtensionService#_doActivateExtension vscode.merge-conflict, startup: false, activationEvent: 'onStartupFinished'
2025-01-29 21:38:50.926 [info] ExtensionService#_doActivateExtension googlecloudtools.cloudcode, startup: false, activationEvent: 'onStartupFinished'
2025-01-29 21:38:53.995 [info] ExtensionService#_doActivateExtension vscode.configuration-editing, startup: false, activationEvent: 'onLanguage:jsonc'
2025-01-29 21:38:53.996 [info] ExtensionService#_doActivateExtension vscode.json-language-features, startup: false, activationEvent: 'onLanguage:jsonc'
2025-01-29 21:38:53.997 [info] ExtensionService#_doActivateExtension vscode.typescript-language-features, startup: false, activationEvent: 'onLanguage:jsonc'
2025-01-29 21:44:59.317 [info] Extension host terminating: renderer disconnected for too long (2)
2025-01-29 21:44:59.318 [info] Lock '/home/jerushastewa2022/.codeoss/data/User/workspaceStorage/-3d70c82b-1/vscode.lock': Marking the lockfile as scheduled to be released in 6000 ms.
2025-01-29 21:44:59.362 [info] Extension host with pid 2099 exiting with code 0
