2025-02-25 05:10:00.965 [info] [main] Log level: Info
2025-02-25 05:10:00.965 [info] [main] Validating found git in: "git"
2025-02-25 05:10:00.965 [info] [main] Using git "2.43.0" from "git"
2025-02-25 05:10:00.965 [info] [Model][doInitialScan] Initial repository scan started
2025-02-25 05:10:03.170 [info] > git rev-parse --show-toplevel [2205ms]
2025-02-25 05:10:05.673 [info] > git rev-parse --git-dir --git-common-dir [10ms]
2025-02-25 05:10:05.686 [info] [Model][openRepository] Opened repository: /home/jerushastewa2022
2025-02-25 05:10:05.726 [info] > git rev-parse --show-toplevel [27ms]
2025-02-25 05:10:05.727 [info] > git config --get commit.template [32ms]
2025-02-25 05:10:05.807 [info] > git rev-parse --show-toplevel [71ms]
2025-02-25 05:10:05.838 [info] > git for-each-ref --format=%(refname)%00%(upstream:short)%00%(objectname)%00%(upstream:track)%00%(upstream:remotename)%00%(upstream:remoteref) refs/heads/main refs/remotes/main [96ms]
2025-02-25 05:10:05.859 [info] > git rev-parse --show-toplevel [29ms]
2025-02-25 05:10:05.873 [info] > git rev-parse --show-toplevel [7ms]
2025-02-25 05:10:06.199 [info] > git status -z -uall [315ms]
2025-02-25 05:10:06.199 [info] > git rev-parse --show-toplevel [300ms]
2025-02-25 05:10:06.201 [info] > git for-each-ref --sort -committerdate --format %(refname) %(objectname) %(*objectname) [310ms]
2025-02-25 05:10:06.240 [info] > git for-each-ref --format=%(refname)%00%(upstream:short)%00%(objectname)%00%(upstream:track)%00%(upstream:remotename)%00%(upstream:remoteref) refs/heads/main refs/remotes/main [19ms]
2025-02-25 05:10:06.271 [info] > git config --get commit.template [35ms]
2025-02-25 05:10:06.271 [info] > git rev-parse --show-toplevel [41ms]
2025-02-25 05:10:06.280 [info] > git config --local branch.main.vscode-merge-base [33ms]
2025-02-25 05:10:06.280 [warning] [Git][config] git config failed: Failed to execute git
2025-02-25 05:10:06.302 [info] > git rev-parse --show-toplevel [22ms]
2025-02-25 05:10:06.417 [info] > git for-each-ref --format=%(refname)%00%(upstream:short)%00%(objectname)%00%(upstream:track)%00%(upstream:remotename)%00%(upstream:remoteref) refs/heads/main refs/remotes/main [123ms]
2025-02-25 05:10:06.418 [info] > git reflog main --grep-reflog=branch: Created from *. [131ms]
2025-02-25 05:10:06.436 [info] > git check-ignore -v -z --stdin [6ms]
2025-02-25 05:10:06.437 [info] > git symbolic-ref --short refs/remotes/origin/HEAD [14ms]
2025-02-25 05:10:06.437 [info] fatal: ref refs/remotes/origin/HEAD is not a symbolic ref
2025-02-25 05:10:06.437 [warning] [Repository][getDefaultBranch] Failed to get default branch details: Failed to execute git.
2025-02-25 05:10:06.445 [info] > git rev-parse --show-toplevel [87ms]
2025-02-25 05:10:06.465 [info] > git merge-base refs/heads/main refs/remotes/GoogleProject1/main [22ms]
2025-02-25 05:10:06.488 [info] > git rev-parse --show-toplevel [35ms]
2025-02-25 05:10:06.490 [info] > git for-each-ref --sort -committerdate --format %(refname) %(objectname) %(*objectname) [4ms]
2025-02-25 05:10:06.491 [info] > git diff --name-status -z --diff-filter=ADMR 3e1fd500caa78bedd0134386c9b56c316b671a83...refs/remotes/GoogleProject1/main [20ms]
2025-02-25 05:10:06.501 [info] > git rev-parse --show-toplevel [4ms]
2025-02-25 05:10:06.546 [info] > git status -z -uall [67ms]
2025-02-25 05:10:06.619 [info] > git rev-parse --show-toplevel [89ms]
2025-02-25 05:10:06.636 [info] > git rev-parse --show-toplevel [7ms]
2025-02-25 05:10:06.637 [info] [Model][doInitialScan] Initial repository scan completed - repositories (1), closed repositories (0), parent repositories (0), unsafe repositories (0)
2025-02-25 05:10:06.706 [info] > git show --textconv :main.py [58ms]
2025-02-25 05:10:06.706 [info] > git ls-files --stage -- /home/jerushastewa2022/main.py [47ms]
2025-02-25 05:10:06.720 [info] > git cat-file -s 92f3f0bb713e8b2b3647aefbf475263817a4aaa6 [6ms]
2025-02-25 05:10:08.945 [info] > git config --get commit.template [5ms]
2025-02-25 05:10:08.966 [info] > git for-each-ref --format=%(refname)%00%(upstream:short)%00%(objectname)%00%(upstream:track)%00%(upstream:remotename)%00%(upstream:remoteref) refs/heads/main refs/remotes/main [2ms]
2025-02-25 05:10:08.999 [info] > git for-each-ref --sort -committerdate --format %(refname) %(objectname) %(*objectname) [3ms]
2025-02-25 05:10:09.023 [info] > git status -z -uall [40ms]
2025-02-25 05:10:14.046 [info] > git config --get commit.template [8ms]
2025-02-25 05:10:14.046 [info] > git for-each-ref --format=%(refname)%00%(upstream:short)%00%(objectname)%00%(upstream:track)%00%(upstream:remotename)%00%(upstream:remoteref) refs/heads/main refs/remotes/main [2ms]
2025-02-25 05:10:14.062 [info] > git for-each-ref --sort -committerdate --format %(refname) %(objectname) %(*objectname) [2ms]
2025-02-25 05:10:14.085 [info] > git status -z -uall [32ms]
2025-02-25 05:10:19.105 [info] > git config --get commit.template [8ms]
2025-02-25 05:10:19.106 [info] > git for-each-ref --format=%(refname)%00%(upstream:short)%00%(objectname)%00%(upstream:track)%00%(upstream:remotename)%00%(upstream:remoteref) refs/heads/main refs/remotes/main [2ms]
2025-02-25 05:10:19.121 [info] > git for-each-ref --sort -committerdate --format %(refname) %(objectname) %(*objectname) [2ms]
2025-02-25 05:10:19.145 [info] > git status -z -uall [33ms]
2025-02-25 05:10:24.171 [info] > git config --get commit.template [9ms]
2025-02-25 05:10:24.172 [info] > git for-each-ref --format=%(refname)%00%(upstream:short)%00%(objectname)%00%(upstream:track)%00%(upstream:remotename)%00%(upstream:remoteref) refs/heads/main refs/remotes/main [3ms]
2025-02-25 05:10:24.191 [info] > git for-each-ref --sort -committerdate --format %(refname) %(objectname) %(*objectname) [3ms]
2025-02-25 05:10:24.213 [info] > git status -z -uall [33ms]
2025-02-25 05:10:29.240 [info] > git config --get commit.template [8ms]
2025-02-25 05:10:29.241 [info] > git for-each-ref --format=%(refname)%00%(upstream:short)%00%(objectname)%00%(upstream:track)%00%(upstream:remotename)%00%(upstream:remoteref) refs/heads/main refs/remotes/main [2ms]
2025-02-25 05:10:29.258 [info] > git for-each-ref --sort -committerdate --format %(refname) %(objectname) %(*objectname) [2ms]
2025-02-25 05:10:29.281 [info] > git status -z -uall [33ms]
2025-02-25 05:10:34.304 [info] > git config --get commit.template [7ms]
2025-02-25 05:10:34.305 [info] > git for-each-ref --format=%(refname)%00%(upstream:short)%00%(objectname)%00%(upstream:track)%00%(upstream:remotename)%00%(upstream:remoteref) refs/heads/main refs/remotes/main [2ms]
2025-02-25 05:10:34.322 [info] > git for-each-ref --sort -committerdate --format %(refname) %(objectname) %(*objectname) [4ms]
2025-02-25 05:10:34.343 [info] > git status -z -uall [32ms]
2025-02-25 05:10:39.365 [info] > git config --get commit.template [8ms]
2025-02-25 05:10:39.366 [info] > git for-each-ref --format=%(refname)%00%(upstream:short)%00%(objectname)%00%(upstream:track)%00%(upstream:remotename)%00%(upstream:remoteref) refs/heads/main refs/remotes/main [2ms]
2025-02-25 05:10:39.384 [info] > git for-each-ref --sort -committerdate --format %(refname) %(objectname) %(*objectname) [3ms]
2025-02-25 05:10:39.406 [info] > git status -z -uall [32ms]
2025-02-25 05:10:44.422 [info] > git config --get commit.template [2ms]
2025-02-25 05:10:44.430 [info] > git for-each-ref --format=%(refname)%00%(upstream:short)%00%(objectname)%00%(upstream:track)%00%(upstream:remotename)%00%(upstream:remoteref) refs/heads/main refs/remotes/main [2ms]
2025-02-25 05:10:44.445 [info] > git for-each-ref --sort -committerdate --format %(refname) %(objectname) %(*objectname) [2ms]
2025-02-25 05:10:44.470 [info] > git status -z -uall [33ms]
2025-02-25 05:10:49.494 [info] > git config --get commit.template [8ms]
2025-02-25 05:10:49.495 [info] > git for-each-ref --format=%(refname)%00%(upstream:short)%00%(objectname)%00%(upstream:track)%00%(upstream:remotename)%00%(upstream:remoteref) refs/heads/main refs/remotes/main [2ms]
2025-02-25 05:10:49.513 [info] > git for-each-ref --sort -committerdate --format %(refname) %(objectname) %(*objectname) [3ms]
2025-02-25 05:10:49.536 [info] > git status -z -uall [33ms]
2025-02-25 05:10:54.558 [info] > git config --get commit.template [7ms]
2025-02-25 05:10:54.559 [info] > git for-each-ref --format=%(refname)%00%(upstream:short)%00%(objectname)%00%(upstream:track)%00%(upstream:remotename)%00%(upstream:remoteref) refs/heads/main refs/remotes/main [2ms]
2025-02-25 05:10:54.579 [info] > git for-each-ref --sort -committerdate --format %(refname) %(objectname) %(*objectname) [2ms]
2025-02-25 05:10:54.599 [info] > git status -z -uall [31ms]
2025-02-25 05:10:59.620 [info] > git config --get commit.template [7ms]
2025-02-25 05:10:59.621 [info] > git for-each-ref --format=%(refname)%00%(upstream:short)%00%(objectname)%00%(upstream:track)%00%(upstream:remotename)%00%(upstream:remoteref) refs/heads/main refs/remotes/main [2ms]
2025-02-25 05:10:59.639 [info] > git for-each-ref --sort -committerdate --format %(refname) %(objectname) %(*objectname) [2ms]
2025-02-25 05:10:59.660 [info] > git status -z -uall [32ms]
2025-02-25 05:11:07.401 [info] > git config --get commit.template [4ms]
2025-02-25 05:11:07.416 [info] > git for-each-ref --format=%(refname)%00%(upstream:short)%00%(objectname)%00%(upstream:track)%00%(upstream:remotename)%00%(upstream:remoteref) refs/heads/main refs/remotes/main [8ms]
2025-02-25 05:11:07.434 [info] > git for-each-ref --sort -committerdate --format %(refname) %(objectname) %(*objectname) [2ms]
2025-02-25 05:11:07.456 [info] > git status -z -uall [32ms]
2025-02-25 05:11:12.476 [info] > git config --get commit.template [8ms]
2025-02-25 05:11:12.477 [info] > git for-each-ref --format=%(refname)%00%(upstream:short)%00%(objectname)%00%(upstream:track)%00%(upstream:remotename)%00%(upstream:remoteref) refs/heads/main refs/remotes/main [2ms]
2025-02-25 05:11:12.494 [info] > git for-each-ref --sort -committerdate --format %(refname) %(objectname) %(*objectname) [2ms]
2025-02-25 05:11:12.517 [info] > git status -z -uall [32ms]
2025-02-25 05:11:17.537 [info] > git config --get commit.template [8ms]
2025-02-25 05:11:17.538 [info] > git for-each-ref --format=%(refname)%00%(upstream:short)%00%(objectname)%00%(upstream:track)%00%(upstream:remotename)%00%(upstream:remoteref) refs/heads/main refs/remotes/main [2ms]
2025-02-25 05:11:17.556 [info] > git for-each-ref --sort -committerdate --format %(refname) %(objectname) %(*objectname) [2ms]
2025-02-25 05:11:17.577 [info] > git status -z -uall [32ms]
2025-02-25 05:11:22.598 [info] > git config --get commit.template [8ms]
2025-02-25 05:11:22.599 [info] > git for-each-ref --format=%(refname)%00%(upstream:short)%00%(objectname)%00%(upstream:track)%00%(upstream:remotename)%00%(upstream:remoteref) refs/heads/main refs/remotes/main [2ms]
2025-02-25 05:11:22.617 [info] > git for-each-ref --sort -committerdate --format %(refname) %(objectname) %(*objectname) [2ms]
2025-02-25 05:11:22.639 [info] > git status -z -uall [33ms]
2025-02-25 05:11:27.690 [info] > git config --get commit.template [37ms]
2025-02-25 05:11:27.691 [info] > git for-each-ref --format=%(refname)%00%(upstream:short)%00%(objectname)%00%(upstream:track)%00%(upstream:remotename)%00%(upstream:remoteref) refs/heads/main refs/remotes/main [30ms]
2025-02-25 05:11:27.710 [info] > git for-each-ref --sort -committerdate --format %(refname) %(objectname) %(*objectname) [2ms]
2025-02-25 05:11:27.733 [info] > git status -z -uall [34ms]
2025-02-25 05:11:32.750 [info] > git config --get commit.template [2ms]
2025-02-25 05:11:32.760 [info] > git for-each-ref --format=%(refname)%00%(upstream:short)%00%(objectname)%00%(upstream:track)%00%(upstream:remotename)%00%(upstream:remoteref) refs/heads/main refs/remotes/main [1ms]
2025-02-25 05:11:32.778 [info] > git for-each-ref --sort -committerdate --format %(refname) %(objectname) %(*objectname) [2ms]
2025-02-25 05:11:32.801 [info] > git status -z -uall [34ms]
2025-02-25 05:11:37.823 [info] > git config --get commit.template [8ms]
2025-02-25 05:11:37.824 [info] > git for-each-ref --format=%(refname)%00%(upstream:short)%00%(objectname)%00%(upstream:track)%00%(upstream:remotename)%00%(upstream:remoteref) refs/heads/main refs/remotes/main [2ms]
2025-02-25 05:11:37.842 [info] > git for-each-ref --sort -committerdate --format %(refname) %(objectname) %(*objectname) [3ms]
2025-02-25 05:11:37.864 [info] > git status -z -uall [33ms]
2025-02-25 05:11:42.881 [info] > git config --get commit.template [2ms]
2025-02-25 05:11:42.890 [info] > git for-each-ref --format=%(refname)%00%(upstream:short)%00%(objectname)%00%(upstream:track)%00%(upstream:remotename)%00%(upstream:remoteref) refs/heads/main refs/remotes/main [2ms]
2025-02-25 05:11:42.907 [info] > git for-each-ref --sort -committerdate --format %(refname) %(objectname) %(*objectname) [2ms]
2025-02-25 05:11:42.930 [info] > git status -z -uall [33ms]
2025-02-25 05:11:47.952 [info] > git config --get commit.template [7ms]
2025-02-25 05:11:47.953 [info] > git for-each-ref --format=%(refname)%00%(upstream:short)%00%(objectname)%00%(upstream:track)%00%(upstream:remotename)%00%(upstream:remoteref) refs/heads/main refs/remotes/main [2ms]
2025-02-25 05:11:47.970 [info] > git for-each-ref --sort -committerdate --format %(refname) %(objectname) %(*objectname) [2ms]
2025-02-25 05:11:47.992 [info] > git status -z -uall [32ms]
