2025-01-29 21:38:53.873 [info] [main] Log level: Info
2025-01-29 21:38:53.873 [info] [main] Validating found git in: "git"
2025-01-29 21:38:53.873 [info] [main] Using git "2.43.0" from "git"
2025-01-29 21:38:53.873 [info] [Model][doInitialScan] Initial repository scan started
2025-01-29 21:38:53.873 [info] > git rev-parse --show-toplevel [5810ms]
2025-01-29 21:38:53.873 [info] fatal: not a git repository (or any parent up to mount point /)
Stopping at filesystem boundary (GIT_DISCOVERY_ACROSS_FILESYSTEM not set).
2025-01-29 21:38:53.873 [info] > git rev-parse --show-toplevel [32ms]
2025-01-29 21:38:53.873 [info] fatal: not a git repository (or any parent up to mount point /)
Stopping at filesystem boundary (GIT_DISCOVERY_ACROSS_FILESYSTEM not set).
2025-01-29 21:38:53.873 [info] > git rev-parse --show-toplevel [7ms]
2025-01-29 21:38:53.873 [info] fatal: not a git repository (or any parent up to mount point /)
Stopping at filesystem boundary (GIT_DISCOVERY_ACROSS_FILESYSTEM not set).
2025-01-29 21:38:53.888 [info] > git rev-parse --show-toplevel [16ms]
2025-01-29 21:38:53.889 [info] fatal: not a git repository (or any parent up to mount point /)
Stopping at filesystem boundary (GIT_DISCOVERY_ACROSS_FILESYSTEM not set).
2025-01-29 21:38:54.309 [info] > git rev-parse --show-toplevel [412ms]
2025-01-29 21:38:54.309 [info] fatal: not a git repository (or any parent up to mount point /)
Stopping at filesystem boundary (GIT_DISCOVERY_ACROSS_FILESYSTEM not set).
2025-01-29 21:38:54.469 [info] > git rev-parse --show-toplevel [120ms]
2025-01-29 21:38:54.469 [info] fatal: not a git repository (or any parent up to mount point /)
Stopping at filesystem boundary (GIT_DISCOVERY_ACROSS_FILESYSTEM not set).
2025-01-29 21:38:54.674 [info] > git rev-parse --show-toplevel [192ms]
2025-01-29 21:38:54.674 [info] fatal: not a git repository (or any parent up to mount point /)
Stopping at filesystem boundary (GIT_DISCOVERY_ACROSS_FILESYSTEM not set).
2025-01-29 21:38:54.812 [info] > git rev-parse --show-toplevel [75ms]
2025-01-29 21:38:54.812 [info] fatal: not a git repository (or any parent up to mount point /)
Stopping at filesystem boundary (GIT_DISCOVERY_ACROSS_FILESYSTEM not set).
2025-01-29 21:38:54.974 [info] > git rev-parse --show-toplevel [36ms]
2025-01-29 21:38:54.974 [info] fatal: not a git repository (or any parent up to mount point /)
Stopping at filesystem boundary (GIT_DISCOVERY_ACROSS_FILESYSTEM not set).
2025-01-29 21:38:54.975 [info] [Model][doInitialScan] Initial repository scan completed - repositories (0), closed repositories (0), parent repositories (0), unsafe repositories (0)
