2025-02-25 05:09:58.965 [info] Extension host with pid 1203 started
2025-02-25 05:09:58.965 [error] Error: EEXIST: file already exists, open '/home/jerushastewa2022/.codeoss/data/User/workspaceStorage/-1baf962c/vscode.lock'
2025-02-25 05:09:58.995 [info] Lock '/home/jerushastewa2022/.codeoss/data/User/workspaceStorage/-1baf962c/vscode.lock': Could not acquire lock, checking if the file is stale.
2025-02-25 05:09:58.997 [info] Lock '/home/jerushastewa2022/.codeoss/data/User/workspaceStorage/-1baf962c/vscode.lock': The pid 1675 appears to be gone.
2025-02-25 05:09:58.997 [info] Lock '/home/jerushastewa2022/.codeoss/data/User/workspaceStorage/-1baf962c/vscode.lock': Deleting a stale lock.
2025-02-25 05:09:59.004 [info] Lock '/home/jerushastewa2022/.codeoss/data/User/workspaceStorage/-1baf962c/vscode.lock': Lock acquired.
2025-02-25 05:09:59.052 [info] ExtensionService#_doActivateExtension vscode.emmet, startup: false, activationEvent: 'onLanguage'
2025-02-25 05:09:59.054 [info] ExtensionService#_doActivateExtension ms-python.python, startup: false, activationEvent: 'onLanguage:python'
2025-02-25 05:09:59.054 [info] ExtensionService#_doActivateExtension google.cloud-shell, startup: false, activationEvent: 'onTerminalProfile:cloudshell.default'
2025-02-25 05:09:59.719 [error] Error: spawn /google/devshell/editor/code-oss-for-cloud-shell/extensions/ms-python.python/python-env-tools/bin/pet ENOENT
	at ChildProcess._handle.onexit (node:internal/child_process:286:19)
	at onErrorNT (node:internal/child_process:484:16)
	at process.processTicksAndRejections (node:internal/process/task_queues:82:21)
2025-02-25 05:09:59.779 [info] ExtensionService#_doActivateExtension vscode.configuration-editing, startup: false, activationEvent: 'onLanguage:jsonc'
2025-02-25 05:09:59.779 [info] ExtensionService#_doActivateExtension vscode.json-language-features, startup: false, activationEvent: 'onLanguage:jsonc'
2025-02-25 05:09:59.780 [info] ExtensionService#_doActivateExtension vscode.typescript-language-features, startup: false, activationEvent: 'onLanguage:jsonc'
2025-02-25 05:10:00.061 [info] ExtensionService#_doActivateExtension vscode.git-base, startup: true, activationEvent: '*', root cause: vscode.git
2025-02-25 05:10:00.203 [info] ExtensionService#_doActivateExtension vscode.git, startup: true, activationEvent: '*'
2025-02-25 05:10:00.203 [info] ExtensionService#_doActivateExtension vscode.github, startup: true, activationEvent: '*'
2025-02-25 05:10:00.592 [info] ExtensionService#_doActivateExtension redhat.fabric8-analytics, startup: true, activationEvent: 'workspaceContains:**/package.json,**/pom.xml,**/go.mod,**/requirements.txt,**/build.gradle,**/Dockerfile,**/Containerfile'
2025-02-25 05:10:01.079 [info] Eager extensions activated
2025-02-25 05:10:01.080 [info] ExtensionService#_doActivateExtension EditorConfig.EditorConfig, startup: false, activationEvent: 'onStartupFinished'
2025-02-25 05:10:01.080 [info] ExtensionService#_doActivateExtension google.geminicodeassist, startup: false, activationEvent: 'onStartupFinished', root cause: googlecloudtools.cloudcode
2025-02-25 05:10:01.081 [info] ExtensionService#_doActivateExtension vscode.debug-auto-launch, startup: false, activationEvent: 'onStartupFinished'
2025-02-25 05:10:01.082 [info] ExtensionService#_doActivateExtension vscode.merge-conflict, startup: false, activationEvent: 'onStartupFinished'
2025-02-25 05:10:03.268 [info] ExtensionService#_doActivateExtension googlecloudtools.cloudcode, startup: false, activationEvent: 'onStartupFinished'
2025-02-25 05:10:06.374 [info] ExtensionService#_doActivateExtension vscode.github-authentication, startup: false, activationEvent: 'onAuthenticationRequest:github'
