2025-01-30 06:20:33.881 [info] Extension host with pid 6726 started
2025-01-30 06:20:33.891 [info] Lock '/home/jerushastewa2022/.codeoss/data/User/workspaceStorage/-3d70c82b/vscode.lock': Lock acquired.
2025-01-30 06:20:34.012 [info] ExtensionService#_doActivateExtension google.geminicodeassist, startup: false, activationEvent: 'onLanguage:Log', root cause: googlecloudtools.cloudcode
2025-01-30 06:20:34.014 [info] ExtensionService#_doActivateExtension vscode.emmet, startup: false, activationEvent: 'onLanguage'
2025-01-30 06:20:34.014 [info] ExtensionService#_doActivateExtension vscode.git-base, startup: false, activationEvent: 'onLanguage:git-commit'
2025-01-30 06:20:35.723 [info] ExtensionService#_doActivateExtension ms-python.python, startup: true, activationEvent: 'workspaceContains:requirements.txt'
2025-01-30 06:20:36.187 [info] ExtensionService#_doActivateExtension vscode.git, startup: true, activationEvent: '*'
2025-01-30 06:20:36.187 [info] ExtensionService#_doActivateExtension vscode.github, startup: true, activationEvent: '*'
2025-01-30 06:20:36.380 [error] Error: spawn /google/devshell/editor/code-oss-for-cloud-shell/extensions/ms-python.python/python-env-tools/bin/pet ENOENT
	at ChildProcess._handle.onexit (node:internal/child_process:286:19)
	at onErrorNT (node:internal/child_process:484:16)
	at process.processTicksAndRejections (node:internal/process/task_queues:82:21)
2025-01-30 06:20:36.396 [info] ExtensionService#_doActivateExtension google.cloud-shell, startup: false, activationEvent: 'onCommand:cloudshell.isAuthorized'
2025-01-30 06:20:36.455 [info] ExtensionService#_doActivateExtension redhat.fabric8-analytics, startup: true, activationEvent: 'workspaceContains:**/package.json,**/pom.xml,**/go.mod,**/requirements.txt,**/build.gradle,**/Dockerfile,**/Containerfile'
2025-01-30 06:20:36.783 [info] ExtensionService#_doActivateExtension vscode.configuration-editing, startup: false, activationEvent: 'onLanguage:jsonc'
2025-01-30 06:20:36.784 [info] ExtensionService#_doActivateExtension vscode.json-language-features, startup: false, activationEvent: 'onLanguage:jsonc'
2025-01-30 06:20:36.784 [info] ExtensionService#_doActivateExtension vscode.typescript-language-features, startup: false, activationEvent: 'onLanguage:jsonc'
2025-01-30 06:20:36.942 [info] Eager extensions activated
2025-01-30 06:20:36.943 [info] ExtensionService#_doActivateExtension EditorConfig.EditorConfig, startup: false, activationEvent: 'onStartupFinished'
2025-01-30 06:20:36.943 [info] ExtensionService#_doActivateExtension vscode.debug-auto-launch, startup: false, activationEvent: 'onStartupFinished'
2025-01-30 06:20:36.943 [info] ExtensionService#_doActivateExtension vscode.merge-conflict, startup: false, activationEvent: 'onStartupFinished'
2025-01-30 06:20:37.199 [info] ExtensionService#_doActivateExtension googlecloudtools.cloudcode, startup: false, activationEvent: 'onLanguage:Log'
2025-01-30 06:20:41.593 [warning] [Decorations] CAPPING events from decorations provider vscode.git 901
2025-01-30 06:20:41.969 [info] ExtensionService#_doActivateExtension vscode.github-authentication, startup: false, activationEvent: 'onAuthenticationRequest:github'
2025-01-30 06:20:42.628 [warning] [Decorations] CAPPING events from decorations provider vscode.git 903
2025-01-30 06:21:30.443 [warning] [Decorations] CAPPING events from decorations provider vscode.git 908
2025-01-30 06:21:30.772 [warning] [Decorations] CAPPING events from decorations provider vscode.git 908
2025-01-30 06:21:35.545 [warning] [Decorations] CAPPING events from decorations provider vscode.git 908
2025-01-30 06:22:13.793 [warning] [Decorations] CAPPING events from decorations provider vscode.git 908
2025-01-30 06:22:50.069 [warning] [Decorations] CAPPING events from decorations provider vscode.git 908
2025-01-30 06:22:54.988 [warning] [Decorations] CAPPING events from decorations provider vscode.git 908
2025-01-30 06:22:55.284 [warning] [Decorations] CAPPING events from decorations provider vscode.git 908
2025-01-30 07:06:35.829 [warning] [Decorations] CAPPING events from decorations provider vscode.git 909
2025-01-30 07:06:36.129 [warning] [Decorations] CAPPING events from decorations provider vscode.git 909
2025-01-30 07:16:26.313 [warning] [Decorations] CAPPING events from decorations provider vscode.git 909
2025-01-30 07:16:26.587 [warning] [Decorations] CAPPING events from decorations provider vscode.git 909
2025-01-30 07:16:37.253 [warning] [Decorations] CAPPING events from decorations provider vscode.git 909
2025-01-30 07:16:42.327 [warning] [Decorations] CAPPING events from decorations provider vscode.git 909
