Initializing document watcher...
Document watcher initialized
jerushastewa2022/.vscode/launch.json: {}
jerushastewa2022/main.py: {}
jerushastewa2022/main.py: {}
jerushastewa2022/Procfile: {}
jerushastewa2022/Procfile: {}
jerushastewa2022/Procfile: {}
jerushastewa2022/Procfile: {}
jerushastewa2022/Procfile: {}
jerushastewa2022/Procfile: {}
jerushastewa2022/main.py: {}
jerushastewa2022/main.py: {}
jerushastewa2022/main.py: Using EditorConfig core...
jerushastewa2022/main.py: Using EditorConfig core...
jerushastewa2022/main.py: Using EditorConfig core...
jerushastewa2022/main.py: {}
jerushastewa2022/main.py: {}
jerushastewa2022/.vscode/launch.json: {}
jerushastewa2022/.vscode/launch.json: {}
jerushastewa2022/.vscode/launch.json: {}
