2025-01-29 21:40:02.028 [info] Extension host with pid 2909 started
2025-01-29 21:40:02.028 [error] Error: EEXIST: file already exists, open '/home/jerushastewa2022/.codeoss/data/User/workspaceStorage/-3d70c82b/vscode.lock'
2025-01-29 21:40:02.032 [info] Lock '/home/jerushastewa2022/.codeoss/data/User/workspaceStorage/-3d70c82b/vscode.lock': Could not acquire lock, checking if the file is stale.
2025-01-29 21:40:02.046 [info] Lock '/home/jerushastewa2022/.codeoss/data/User/workspaceStorage/-3d70c82b/vscode.lock': The lock does not look stale, elapsed: 423 ms, giving up.
2025-01-29 21:40:02.047 [error] Error: EEXIST: file already exists, open '/home/jerushastewa2022/.codeoss/data/User/workspaceStorage/-3d70c82b-1/vscode.lock'
2025-01-29 21:40:02.048 [info] Lock '/home/jerushastewa2022/.codeoss/data/User/workspaceStorage/-3d70c82b-1/vscode.lock': Could not acquire lock, checking if the file is stale.
2025-01-29 21:40:02.049 [info] Lock '/home/jerushastewa2022/.codeoss/data/User/workspaceStorage/-3d70c82b-1/vscode.lock': The lock does not look stale, elapsed: 56 ms, giving up.
2025-01-29 21:40:02.056 [info] Lock '/home/jerushastewa2022/.codeoss/data/User/workspaceStorage/-3d70c82b-2/vscode.lock': Lock acquired.
2025-01-29 21:40:02.137 [info] ExtensionService#_doActivateExtension vscode.emmet, startup: false, activationEvent: 'onLanguage'
2025-01-29 21:40:02.138 [info] ExtensionService#_doActivateExtension ms-python.python, startup: false, activationEvent: 'onLanguage:python'
2025-01-29 21:40:02.615 [error] Error: spawn /google/devshell/editor/code-oss-for-cloud-shell/extensions/ms-python.python/python-env-tools/bin/pet ENOENT
	at ChildProcess._handle.onexit (node:internal/child_process:286:19)
	at onErrorNT (node:internal/child_process:484:16)
	at process.processTicksAndRejections (node:internal/process/task_queues:82:21)
2025-01-29 21:40:02.725 [info] ExtensionService#_doActivateExtension vscode.git-base, startup: true, activationEvent: '*', root cause: vscode.git
2025-01-29 21:40:02.809 [info] ExtensionService#_doActivateExtension vscode.git, startup: true, activationEvent: '*'
2025-01-29 21:40:02.810 [info] ExtensionService#_doActivateExtension vscode.github, startup: true, activationEvent: '*'
2025-01-29 21:40:03.115 [info] Eager extensions activated
2025-01-29 21:40:03.121 [info] ExtensionService#_doActivateExtension EditorConfig.EditorConfig, startup: false, activationEvent: 'onStartupFinished'
2025-01-29 21:40:03.122 [info] ExtensionService#_doActivateExtension google.cloud-shell, startup: false, activationEvent: 'onStartupFinished'
2025-01-29 21:40:03.122 [info] ExtensionService#_doActivateExtension google.geminicodeassist, startup: false, activationEvent: 'onStartupFinished', root cause: googlecloudtools.cloudcode
2025-01-29 21:40:03.123 [info] ExtensionService#_doActivateExtension vscode.debug-auto-launch, startup: false, activationEvent: 'onStartupFinished'
2025-01-29 21:40:03.123 [info] ExtensionService#_doActivateExtension vscode.merge-conflict, startup: false, activationEvent: 'onStartupFinished'
2025-01-29 21:40:05.719 [info] ExtensionService#_doActivateExtension googlecloudtools.cloudcode, startup: false, activationEvent: 'onStartupFinished'
2025-01-29 21:40:08.963 [info] ExtensionService#_doActivateExtension vscode.configuration-editing, startup: false, activationEvent: 'onLanguage:jsonc'
2025-01-29 21:40:08.963 [info] ExtensionService#_doActivateExtension vscode.json-language-features, startup: false, activationEvent: 'onLanguage:jsonc'
2025-01-29 21:40:08.964 [info] ExtensionService#_doActivateExtension vscode.typescript-language-features, startup: false, activationEvent: 'onLanguage:jsonc'
2025-01-29 23:05:51.308 [info] ExtensionService#_doActivateExtension vscode.github-authentication, startup: false, activationEvent: 'onAuthenticationRequest:github'
2025-01-29 23:07:36.684 [error] Error: Failed to execute git
    at t.Git._exec (/google/devshell/editor/code-oss-for-cloud-shell/extensions/git/dist/main.js:2:131960)
    at t.Git.exec (/google/devshell/editor/code-oss-for-cloud-shell/extensions/git/dist/main.js:2:131028)
    at F.exec (/google/devshell/editor/code-oss-for-cloud-shell/extensions/git/dist/main.js:2:136556)
    at F.handleCommitError (/google/devshell/editor/code-oss-for-cloud-shell/extensions/git/dist/main.js:2:144541)
    at F.commit (/google/devshell/editor/code-oss-for-cloud-shell/extensions/git/dist/main.js:2:144051)
    at /google/devshell/editor/code-oss-for-cloud-shell/extensions/git/dist/main.js:2:239336
    at T.retryRun (/google/devshell/editor/code-oss-for-cloud-shell/extensions/git/dist/main.js:2:254358)
    at T.run (/google/devshell/editor/code-oss-for-cloud-shell/extensions/git/dist/main.js:2:253962)
    at T.commit (/google/devshell/editor/code-oss-for-cloud-shell/extensions/git/dist/main.js:2:239018)
    at /google/devshell/editor/code-oss-for-cloud-shell/extensions/github/dist/extension.js:2:16498
2025-01-29 23:13:38.863 [info] ExtensionService#_doActivateExtension vscode.debug-server-ready, startup: false, activationEvent: 'onDebugResolve'
2025-01-29 23:13:43.141 [info] ExtensionService#_doActivateExtension golang.go, startup: false, activationEvent: 'onDebugInitialConfigurations'
2025-01-29 23:13:43.141 [info] ExtensionService#_doActivateExtension ms-vscode.js-debug, startup: false, activationEvent: 'onDebugInitialConfigurations'
2025-01-29 23:13:43.141 [info] ExtensionService#_doActivateExtension vscjava.vscode-java-debug, startup: false, activationEvent: 'onDebugInitialConfigurations'
2025-01-29 23:13:46.959 [warning] [Decorations] CAPPING events from decorations provider vscode.git 481
2025-01-29 23:13:52.193 [warning] [Decorations] CAPPING events from decorations provider vscode.git 608
2025-01-29 23:13:57.461 [warning] [Decorations] CAPPING events from decorations provider vscode.git 685
2025-01-29 23:14:04.312 [warning] [Decorations] CAPPING events from decorations provider vscode.git 798
2025-01-29 23:14:09.376 [warning] [Decorations] CAPPING events from decorations provider vscode.git 798
2025-01-29 23:14:14.435 [warning] [Decorations] CAPPING events from decorations provider vscode.git 798
2025-01-29 23:14:19.496 [warning] [Decorations] CAPPING events from decorations provider vscode.git 798
2025-01-29 23:14:22.648 [warning] [Decorations] CAPPING events from decorations provider vscode.git 798
2025-01-29 23:14:24.558 [warning] [Decorations] CAPPING events from decorations provider vscode.git 798
2025-01-29 23:14:29.621 [warning] [Decorations] CAPPING events from decorations provider vscode.git 798
2025-01-29 23:14:34.678 [warning] [Decorations] CAPPING events from decorations provider vscode.git 798
2025-01-29 23:14:39.735 [warning] [Decorations] CAPPING events from decorations provider vscode.git 798
2025-01-29 23:14:45.343 [warning] [Decorations] CAPPING events from decorations provider vscode.git 799
2025-01-29 23:14:50.405 [warning] [Decorations] CAPPING events from decorations provider vscode.git 799
2025-01-29 23:14:56.908 [warning] [Decorations] CAPPING events from decorations provider vscode.git 799
