Initializing document watcher...
Document watcher initialized
jerushastewa2022/main.py: {}
jerushastewa2022/main.py: {}
jerushastewa2022/main.py: {}
jerushastewa2022/main.py: {}
jerushastewa2022/main.py: {}
jerushastewa2022/main.py: {}
jerushastewa2022/main.py: {}
jerushastewa2022/main.py: {}
jerushastewa2022/main.py: {}
jerushastewa2022/main.py: {}
jerushastewa2022/main.py: {}
jerushastewa2022/main.py: {}
jerushastewa2022/main.py: {}
jerushastewa2022/main.py: {}
jerushastewa2022/main.py: {}
jerushastewa2022/main.py: {}
jerushastewa2022/requirements.txt: {}
jerushastewa2022/requirements.txt: {}
jerushastewa2022/requirements.txt: {}
jerushastewa2022/requirements.txt: {}
jerushastewa2022/requirements.txt: {}
jerushastewa2022/requirements.txt: {}
jerushastewa2022/main.py: {}
jerushastewa2022/main.py: Using EditorConfig core...
jerushastewa2022/requirements.txt: {}
jerushastewa2022/requirements.txt: {}
jerushastewa2022/requirements.txt: Using EditorConfig core...
jerushastewa2022/requirements.txt: {}
jerushastewa2022/requirements.txt: {}
jerushastewa2022/requirements.txt: {}
jerushastewa2022/requirements.txt: {}
jerushastewa2022/main.py: {}
jerushastewa2022/main.py: Using EditorConfig core...
jerushastewa2022/main.py: {}
jerushastewa2022/main.py: {}
jerushastewa2022/main.py: {}
jerushastewa2022/main.py: {}
jerushastewa2022/main.py: {}
jerushastewa2022/main.py: {}
jerushastewa2022/main.py: {}
jerushastewa2022/main.py: {}
jerushastewa2022/main.py: {}
jerushastewa2022/main.py: {}
jerushastewa2022/main.py: {}
/home/jerushastewa2022/.bash_logout: {}
/home/jerushastewa2022/.bashrc: {}
/home/jerushastewa2022/.profile: {}
jerushastewa2022/main.py: {}
jerushastewa2022/main.py: {}
jerushastewa2022/main.py: {}
jerushastewa2022/.vscode/launch.json: {}
vscode.git.Git: {}
vscode.git.Git: {}
