2025-01-30 03:34:40.865 [warning] Dir "/home/jerushastewa2022/.pixi/envs" is not watchable (directory does not exist)
2025-01-30 03:34:40.865 [info] Starting Environment refresh
2025-01-30 03:34:40.865 [info] Searching for interpreters in posix paths locator
2025-01-30 03:34:40.865 [info] Searching for pyenv environments
2025-01-30 03:34:40.865 [info] Searching for conda environments
2025-01-30 03:34:40.865 [info] Searching for global virtual environments
2025-01-30 03:34:40.865 [info] Searching for custom virtual environments
2025-01-30 03:34:40.865 [info] pyenv is not installed
2025-01-30 03:34:40.865 [info] Finished searching for pyenv environments: 1436 milliseconds
2025-01-30 03:34:40.865 [info] Finished searching for custom virtual envs: 1435 milliseconds
2025-01-30 03:34:40.865 [info] > conda info --json
2025-01-30 03:34:40.865 [info] > hatch env show --json
2025-01-30 03:34:40.865 [info] cwd: .
2025-01-30 03:34:40.865 [info] > pyenv which python
2025-01-30 03:34:40.865 [info] cwd: .
2025-01-30 03:34:40.865 [info] Finished searching for global virtual envs: 1470 milliseconds
2025-01-30 03:34:40.951 [info] Found: /bin/python --> /bin/python3.12
2025-01-30 03:34:45.015 [info] Found: /bin/python3 --> /bin/python3.12
2025-01-30 03:34:45.025 [info] Found: /bin/python3.12 --> /bin/python3.12
2025-01-30 03:34:45.879 [info] Found: /usr/bin/python --> /usr/bin/python3.12
2025-01-30 03:34:45.880 [info] Found: /usr/bin/python3 --> /usr/bin/python3.12
2025-01-30 03:34:45.882 [info] Found: /usr/bin/python3.12 --> /usr/bin/python3.12
2025-01-30 03:34:46.268 [info] Discover tests for workspace name: undefined - uri: /User/settings.json
2025-01-30 03:34:46.595 [info] Finished searching for interpreters in posix paths locator: 7217 milliseconds
2025-01-30 03:34:46.595 [info] > /bin/python -I /google/devshell/editor/code-oss-for-cloud-shell/extensions/ms-python.python/python_files/get_output_via_markers.py /google/devshell/editor/code-oss-for-cloud-shell/extensions/ms-python.python/python_files/interpreterInfo.py
2025-01-30 03:34:46.624 [info] > /usr/bin/python -I /google/devshell/editor/code-oss-for-cloud-shell/extensions/ms-python.python/python_files/get_output_via_markers.py /google/devshell/editor/code-oss-for-cloud-shell/extensions/ms-python.python/python_files/interpreterInfo.py
2025-01-30 03:34:46.624 [info] Environments refresh paths discovered (event): 7253 milliseconds
2025-01-30 03:34:46.624 [info] Environments refresh paths discovered: 7254 milliseconds
2025-01-30 03:34:46.723 [info] Environments refresh finished (event): 7353 milliseconds
2025-01-30 03:34:46.741 [info] Environment refresh took 7371 milliseconds
2025-01-30 03:34:46.753 [info] Python interpreter path: /bin/python
2025-01-30 03:34:49.803 [info] Starting Jedi language server for jerushastewa2022.
